2024-12-16 07:41:22,092 INFO Number Of Clients: 10, Client Selection Fraction: 0.6, Local Epochs: 3, Batch Size: 128
2024-12-16 07:41:22,093 INFO Dataset: cifar, Setting: Mislabeled with 2 Bad Clients and 60.0% Bad Samples Per Bad Client, Number Of Rounds: 10
2024-12-16 07:41:22,094 INFO ABV Simple 0: defaultdict(<class 'float'>, {0: 0.1595702888444066, 1: 0.169544268399477, 2: 0.17162169981747866, 3: 0.15408825036138296, 4: 0.165509894490242, 5: 0.1691030189394951, 6: 0.16622948553413153, 7: -0.27266001887619495, 8: -0.28107225662097335, 9: 0.15682459343224764})
2024-12-16 07:41:22,094 INFO ABV Hessian 0: defaultdict(<class 'float'>, {0: 0.5139397159218788, 1: 0.36918996553868055, 2: 0.6635185331106186, 3: 0.6027923040091991, 4: 0.679012281820178, 5: 0.4863857012242079, 6: 0.8388650808483362, 7: -7.7751089707016945, 8: -9.122097419109195, 9: 0.5702139083296061})
2024-12-16 07:41:22,095 INFO ABV Simple 1: defaultdict(<class 'float'>, {0: 0.16266021458432078, 1: 0.16202713921666145, 2: 0.16471847100183368, 3: 0.15279270382598042, 4: 0.1659358856268227, 5: 0.1759799630381167, 6: 0.167063657194376, 7: -0.283707419061102, 8: -0.2644970442634076, 9: 0.1701458152383566})
2024-12-16 07:41:22,096 INFO ABV Hessian 1: defaultdict(<class 'float'>, {0: 0.6210875664837658, 1: 0.6384925208985806, 2: 0.5391846434213221, 3: 0.45403604628518224, 4: 0.533557731192559, 5: 0.8653214811347425, 6: 1.2143841786310077, 7: -11.267296826117672, 8: -8.045283895684406, 9: 0.7146674692630768})
2024-12-16 07:41:22,096 INFO ABV Simple 2: defaultdict(<class 'float'>, {0: 0.15775573626160622, 1: 0.15239289961755276, 2: 0.161814633756876, 3: 0.1470352355390787, 4: 0.14913857076317072, 5: 0.164822599850595, 6: 0.1541137984022498, 7: -0.251570045016706, 8: -0.24597652070224285, 9: 0.15765537414699793})
2024-12-16 07:41:22,097 INFO ABV Hessian 2: defaultdict(<class 'float'>, {0: 0.4744454165920615, 1: 0.5116028385236859, 2: 0.9255494195967913, 3: 0.4104713164269924, 4: 0.8257786706089973, 5: 0.3872918477281928, 6: 0.36293920781463385, 7: -7.267764043528587, 8: -6.644009180366993, 9: 0.49753015767782927})
2024-12-16 07:41:22,098 INFO ABV Simple 3: defaultdict(<class 'float'>, {0: 0.1576641807332635, 1: 0.15814877580851316, 2: 0.1519097601994872, 3: 0.15356563962996006, 4: 0.15186574589461088, 5: 0.1632495354861021, 6: 0.1605149945244193, 7: -0.2705282352399081, 8: -0.2832389837130904, 9: 0.1629953095689416})
2024-12-16 07:41:22,098 INFO ABV Hessian 3: defaultdict(<class 'float'>, {0: 0.7384206568822265, 1: 0.6363879297859967, 2: 0.5731061585247517, 3: 0.4055165546014905, 4: 0.5430577797815204, 5: 0.48851406667381525, 6: 0.7290949672460556, 7: -9.597449314082041, 8: -10.103952047415078, 9: 0.7483602287247777})
2024-12-16 07:41:22,108 INFO ABV Simple 4: defaultdict(<class 'float'>, {0: 0.19020063616335392, 1: 0.18046153988689184, 2: 0.18477326072752476, 3: 0.172459133900702, 4: 0.1712388414889574, 5: 0.19055499974638224, 6: 0.1660204753279686, 7: -0.2774245855398476, 8: -0.3330700686201453, 9: 0.18749299459159374})
2024-12-16 07:41:22,109 INFO ABV Hessian 4: defaultdict(<class 'float'>, {0: 0.9262526575475931, 1: 0.7244974886998534, 2: 0.8019271474331617, 3: 0.8409213926643133, 4: 0.6628581043332815, 5: 1.293406331911683, 6: 0.8786335038021207, 7: -9.170448245946318, 8: -9.149080510251224, 9: 0.5342722311615944})
2024-12-16 07:41:22,110 INFO ABV Simple 5: defaultdict(<class 'float'>, {0: 0.16151309572160244, 1: 0.15945822838693857, 2: 0.15652524074539542, 3: 0.14819949166849256, 4: 0.16189876291900873, 5: 0.1635402562096715, 6: 0.16310886200517416, 7: -0.2642022012732923, 8: -0.2687578168697655, 9: 0.16787011362612247})
2024-12-16 07:41:22,110 INFO ABV Hessian 5: defaultdict(<class 'float'>, {0: 0.82456826698035, 1: 1.191378558985889, 2: 0.9804395688697696, 3: 0.7585973995737731, 4: 0.813106301240623, 5: 1.0074134655296803, 6: 0.984092777594924, 7: -9.790659591089934, 8: -10.027234757784754, 9: 1.0554143339395523})
2024-12-16 07:41:22,111 INFO ABV Simple 6: defaultdict(<class 'float'>, {0: 0.17678004875779152, 1: 0.17188291065394878, 2: 0.18337608221918344, 3: 0.16367172449827194, 4: 0.1733678551390767, 5: 0.17522546369582415, 6: 0.18045123480260372, 7: -0.26564957527443767, 8: -0.29689432261511683, 9: 0.16752855945378542})
2024-12-16 07:41:22,112 INFO ABV Hessian 6: defaultdict(<class 'float'>, {0: 0.6977160489186645, 1: 0.7303838962689042, 2: 0.7592009203508496, 3: 0.759300016798079, 4: 0.9147433657199144, 5: 0.7646307478426024, 6: 0.880283672362566, 7: -11.105812295805663, 8: -12.735165001358837, 9: 0.804802130907774})
2024-12-16 07:41:22,113 INFO ABV Simple 7: defaultdict(<class 'float'>, {0: 0.15933636762201786, 1: 0.15740150585770607, 2: 0.15853432286530733, 3: 0.15011370740830898, 4: 0.15458873473107815, 5: 0.15388534776866436, 6: 0.15762582141906023, 7: -0.22130280593410134, 8: -0.2800399665720761, 9: 0.16288492176681757})
2024-12-16 07:41:22,114 INFO ABV Hessian 7: defaultdict(<class 'float'>, {0: 0.6793086677789688, 1: 0.6417651949450374, 2: 0.9130187230184674, 3: 0.5072975135408342, 4: 0.27525456389412284, 5: 0.3695392729714513, 6: 0.7764063803479075, 7: -6.735335644334555, 8: -9.7063133623451, 9: 0.46282173972576857})
2024-12-16 07:41:22,115 INFO ABV Simple 8: defaultdict(<class 'float'>, {0: 0.15890658926218748, 1: 0.14456322696059942, 2: 0.1532773394137621, 3: 0.15318293031305075, 4: 0.15225336980074644, 5: 0.16801518574357033, 6: 0.15441310312598944, 7: -0.2854218864813447, 8: -0.29261679109185934, 9: 0.15910965763032436})
2024-12-16 07:41:22,115 INFO ABV Hessian 8: defaultdict(<class 'float'>, {0: 0.5220141801983118, 1: 0.451300005428493, 2: 0.5897284056991339, 3: 0.4375022239983082, 4: 0.7333146100863814, 5: 1.035733780823648, 6: 0.7276479275897145, 7: -10.557350688613951, 8: -9.738693038932979, 9: 0.7758840303868055})
2024-12-16 07:41:22,116 INFO ABV Simple 9: defaultdict(<class 'float'>, {0: 0.15675373375415802, 1: 0.15828869678080082, 2: 0.15592863038182259, 3: 0.15280467830598354, 4: 0.15155819337815046, 5: 0.1634963033720851, 6: 0.15269234031438828, 7: -0.2607293357141316, 8: -0.2737828358076513, 9: 0.1507246270775795})
2024-12-16 07:41:22,117 INFO ABV Hessian 9: defaultdict(<class 'float'>, {0: 0.6666134065017104, 1: 1.133996507152915, 2: 0.7448979867622256, 3: 0.9368734359741211, 4: 0.8734670886769891, 5: 0.8420119099318981, 6: 1.0585705349221826, 7: -10.916201000567526, 8: -10.925621201749891, 9: 1.0069321002811193})
2024-12-16 07:41:22,117 INFO Actual Bad Clients: [7 8]
2024-12-16 07:41:22,118 INFO Total Run Time: 255.53098607063293
