2024-12-16 09:45:05,507 INFO Number Of Clients: 10, Client Selection Fraction: 0.6, Local Epochs: 3, Batch Size: 128
2024-12-16 09:45:05,555 INFO Dataset: fmnist, Setting: Mislabeled with 2 Bad Clients and 60.0% Bad Samples Per Bad Client, Number Of Rounds: 10
2024-12-16 09:45:05,559 INFO ABV Simple 0: defaultdict(<class 'float'>, {0: 0.48328577959910035, 1: -0.21899132058024406, 2: 0.5128472908399999, 3: -0.22118384763598442, 4: 0.5126739833503962, 5: 0.5073650870472193, 6: 0.5254010735079646, 7: 0.5104282009415329, 8: 0.4904397623613477, 9: 0.4822518681176007})
2024-12-16 09:45:05,561 INFO ABV Hessian 0: defaultdict(<class 'float'>, {0: 0.9637396220932715, 1: -39.844662576913834, 2: 2.1407559737563133, 3: -36.71972958743572, 4: 1.2869918793439865, 5: 2.107486844062805, 6: 2.018551856279373, 7: 2.2030606605112553, 8: 1.5404161140322685, 9: 0.697336109355092})
2024-12-16 09:45:05,562 INFO Shapley Values 0: defaultdict(<class 'float'>, {})
2024-12-16 09:45:05,564 INFO Influence Values 0: defaultdict(<class 'float'>, {})
2024-12-16 09:45:05,565 INFO Runtimes 0: {'abvs': 2.7750635147094727, 'abvh': 49.38257694244385, 'sv': 0, 'if': 0}
2024-12-16 09:45:05,565 INFO ABV Simple 1: defaultdict(<class 'float'>, {0: 0.5889385296031833, 1: -0.181483069434762, 2: 0.579094685614109, 3: -0.11182469129562378, 4: 0.6139274509623647, 5: 0.5895987520925701, 6: 0.5986116672866046, 7: 0.5807997044175863, 8: 0.6176283261738718, 9: 0.5989101873710752})
2024-12-16 09:45:05,567 INFO ABV Hessian 1: defaultdict(<class 'float'>, {0: 1.4154015518724918, 1: -22.05604739487171, 2: 1.449090475216508, 3: -21.965081095695496, 4: 1.6173266023397446, 5: 1.412029191851616, 6: 1.491818331182003, 7: 1.5425032153725624, 8: 1.6336248740553856, 9: 1.653411142528057})
2024-12-16 09:45:05,567 INFO Shapley Values 1: defaultdict(<class 'float'>, {})
2024-12-16 09:45:05,569 INFO Influence Values 1: defaultdict(<class 'float'>, {})
2024-12-16 09:45:05,570 INFO Runtimes 1: {'abvs': 2.805251121520996, 'abvh': 51.06086349487305, 'sv': 0, 'if': 0}
2024-12-16 09:45:05,570 INFO ABV Simple 2: defaultdict(<class 'float'>, {0: 0.6625215830281377, 1: -0.08807575888931751, 2: 0.6432319567538798, 3: -0.13050454296171665, 4: 0.6656749499961734, 5: 0.6719394023530185, 6: 0.6821626485325396, 7: 0.6281873006373644, 8: 0.6493684551678598, 9: 0.651335165835917})
2024-12-16 09:45:05,571 INFO ABV Hessian 2: defaultdict(<class 'float'>, {0: 1.8346889466047287, 1: -30.679740101099014, 2: 1.6534969210624695, 3: -32.66786900162697, 4: 1.9492518454790115, 5: 2.1873190104961395, 6: 2.399671420454979, 7: 2.00840263068676, 8: 2.1790143102407455, 9: 1.8931843116879463})
2024-12-16 09:45:05,572 INFO Shapley Values 2: defaultdict(<class 'float'>, {})
2024-12-16 09:45:05,573 INFO Influence Values 2: defaultdict(<class 'float'>, {})
2024-12-16 09:45:05,574 INFO Runtimes 2: {'abvs': 2.6109530925750732, 'abvh': 50.85636377334595, 'sv': 0, 'if': 0}
2024-12-16 09:45:05,575 INFO ABV Simple 3: defaultdict(<class 'float'>, {0: 0.6153090880252421, 1: -0.11630505882203579, 2: 0.61005649715662, 3: -0.13787825591862202, 4: 0.633312807418406, 5: 0.6289886399172246, 6: 0.6108978656120598, 7: 0.6276947571896017, 8: 0.6056615081615746, 9: 0.6342960568144917})
2024-12-16 09:45:05,575 INFO ABV Hessian 3: defaultdict(<class 'float'>, {0: 1.750057753175497, 1: -25.184182345867157, 2: 2.1292615979909897, 3: -26.129744082689285, 4: 1.682778850197792, 5: 2.0752526447176933, 6: 1.8410383947193623, 7: 1.9214348867535591, 8: 1.8256142064929008, 9: 1.7704954072833061})
2024-12-16 09:45:05,576 INFO Shapley Values 3: defaultdict(<class 'float'>, {})
2024-12-16 09:45:05,577 INFO Influence Values 3: defaultdict(<class 'float'>, {})
2024-12-16 09:45:05,578 INFO Runtimes 3: {'abvs': 2.554919719696045, 'abvh': 49.381131649017334, 'sv': 0, 'if': 0}
2024-12-16 09:45:05,579 INFO ABV Simple 4: defaultdict(<class 'float'>, {0: 0.5079626515507698, 1: -0.1779712550342083, 2: 0.5228734374977648, 3: -0.19239643774926662, 4: 0.5222532786428928, 5: 0.5202134633436799, 6: 0.523034836165607, 7: 0.5268111014738679, 8: 0.5157144162803888, 9: 0.5094831981696188})
2024-12-16 09:45:05,580 INFO ABV Hessian 4: defaultdict(<class 'float'>, {0: 1.2086982131004333, 1: -21.763320058584213, 2: 1.188072394579649, 3: -21.631178960204124, 4: 1.1069079525768757, 5: 1.0506028681993484, 6: 1.0458217486739159, 7: 1.0021665710955858, 8: 1.016258854418993, 9: 1.0978970639407635})
2024-12-16 09:45:05,581 INFO Shapley Values 4: defaultdict(<class 'float'>, {})
2024-12-16 09:45:05,581 INFO Influence Values 4: defaultdict(<class 'float'>, {})
2024-12-16 09:45:05,582 INFO Runtimes 4: {'abvs': 2.5388736724853516, 'abvh': 46.47494721412659, 'sv': 0, 'if': 0}
2024-12-16 09:45:05,583 INFO Actual Bad Clients: [1 3]
2024-12-16 09:45:05,584 INFO Total Run Time: 204.7738561630249
