2024-12-16 09:31:15,891 INFO Number Of Clients: 10, Client Selection Fraction: 0.6, Local Epochs: 3, Batch Size: 128
2024-12-16 09:31:15,893 INFO Dataset: fmnist, Setting: Noisy with 2 Bad Clients and 60.0% Bad Samples Per Bad Client, Number Of Rounds: 10
2024-12-16 09:31:15,894 INFO ABV Simple 0: defaultdict(<class 'float'>, {0: 0.5498628446366638, 1: 0.5766946837102296, 2: 0.5539969513192773, 3: 0.32832034064631443, 4: 0.3516403799003456, 5: 0.5645936083747074, 6: 0.5772716811625287, 7: 0.5612492563086562, 8: 0.5533851030631922, 9: 0.5238867830485106})
2024-12-16 09:31:15,894 INFO ABV Hessian 0: defaultdict(<class 'float'>, {0: 0.3613492497242987, 1: 1.1282713196706027, 2: 0.8279642071574926, 3: -11.241771019995213, 4: -11.987660080194473, 5: 0.917085356079042, 6: 0.24012899165973067, 7: 1.5889993300661445, 8: 1.669655148871243, 9: 1.2483493718318641})
2024-12-16 09:31:15,895 INFO ABV Simple 1: defaultdict(<class 'float'>, {0: 0.446010374056641, 1: 0.42818235070444643, 2: 0.42416292225243524, 3: 0.22083308268338442, 4: 0.24955501526710577, 5: 0.4373098447686061, 6: 0.45116328401491046, 7: 0.4231840171851218, 8: 0.435856249241624, 9: 0.4164104382507503})
2024-12-16 09:31:15,896 INFO ABV Hessian 1: defaultdict(<class 'float'>, {0: 0.4782348560547689, 1: 0.8487533703446388, 2: 0.5719365442637354, 3: -8.86335077136755, 4: -10.64313605055213, 5: 1.2252449081279337, 6: 0.6771769154584035, 7: 0.8985582067398354, 8: 0.45391121855936944, 9: 0.7417658737540478})
2024-12-16 09:31:15,896 INFO ABV Simple 2: defaultdict(<class 'float'>, {0: 0.46672270202543586, 1: 0.4565034022089094, 2: 0.462545407935977, 3: 0.2871702612610534, 4: 0.29490937167429365, 5: 0.48173787945415825, 6: 0.46522308814746793, 7: 0.46613954415079206, 8: 0.4711770801222883, 9: 0.4714156274567358})
2024-12-16 09:31:15,897 INFO ABV Hessian 2: defaultdict(<class 'float'>, {0: 0.5487519793678075, 1: 1.0403187522897497, 2: 1.0341520906658843, 3: -9.405832089483738, 4: -10.888481989502907, 5: 0.6619169185869396, 6: 0.6360591035336256, 7: 1.1111646723584272, 8: 0.9477955544716679, 9: 0.9024188863113523})
2024-12-16 09:31:15,898 INFO ABV Simple 3: defaultdict(<class 'float'>, {0: 0.46873892878647894, 1: 0.4909915889147669, 2: 0.5021600392647088, 3: 0.2403137179207988, 4: 0.23974986185203306, 5: 0.45888819289393723, 6: 0.4530314716976136, 7: 0.44670105958357453, 8: 0.4564944189041853, 9: 0.4951254971092567})
2024-12-16 09:31:15,907 INFO ABV Hessian 3: defaultdict(<class 'float'>, {0: 0.4391375870327465, 1: 0.9420302342623472, 2: 0.9697505701333284, 3: -4.937947150319815, 4: -5.6375929825007915, 5: 0.4837830396136269, 6: 0.9885901296511292, 7: 0.8358185607939959, 8: 0.8494111858308315, 9: 0.7395379883237183})
2024-12-16 09:31:15,908 INFO ABV Simple 4: defaultdict(<class 'float'>, {0: 0.5350332088419236, 1: 0.5287774619064294, 2: 0.5438611556310207, 3: 0.28779103845590726, 4: 0.3289148889161879, 5: 0.5126833432586864, 6: 0.5203711951035075, 7: 0.5241709152469411, 8: 0.5003562439233065, 9: 0.5043598024640232})
2024-12-16 09:31:15,909 INFO ABV Hessian 4: defaultdict(<class 'float'>, {0: 0.5884033511392772, 1: 1.200299001764506, 2: 0.5635186503641307, 3: -10.670168057084084, 4: -12.064068637788296, 5: 0.8183689479483292, 6: 1.0555309690535069, 7: 1.1468566474504769, 8: 1.0825410207762616, 9: 1.1729288974311203})
2024-12-16 09:31:15,909 INFO ABV Simple 5: defaultdict(<class 'float'>, {0: 0.49700539594050497, 1: 0.5101984933571657, 2: 0.4919495499925688, 3: 0.28492911718785763, 4: 0.2661030897288583, 5: 0.5094843371771276, 6: 0.5034162043921242, 7: 0.4782025433087256, 8: 0.5007633233326487, 9: 0.4843526107724756})
2024-12-16 09:31:15,910 INFO ABV Hessian 5: defaultdict(<class 'float'>, {0: 1.2483067812863737, 1: 2.4128191117197275, 2: 1.8575202645733953, 3: -17.206022817641497, 4: -21.064625035971403, 5: 2.1791629145882325, 6: 0.7040867782197893, 7: 1.0339846657007001, 8: 0.4799268478527665, 9: 1.6045858053839765})
2024-12-16 09:31:15,911 INFO ABV Simple 6: defaultdict(<class 'float'>, {0: 0.446391116885934, 1: 0.432344330871274, 2: 0.4517505919211544, 3: 0.2588901675189845, 4: 0.27130927410325967, 5: 0.46087208087556064, 6: 0.45212659693788737, 7: 0.4461565465317108, 8: 0.44647366646677256, 9: 0.44977732829283923})
2024-12-16 09:31:15,912 INFO ABV Hessian 6: defaultdict(<class 'float'>, {0: 0.08362814970314503, 1: 0.5445941458456218, 2: 0.8864168860018253, 3: -10.884959246963263, 4: -10.83905677497387, 5: 0.4107036814384628, 6: 0.9763510217890143, 7: 1.009800449712202, 8: 0.9527752428839449, 9: 1.3667499404400587})
2024-12-16 09:31:15,913 INFO ABV Simple 7: defaultdict(<class 'float'>, {0: 0.48002098087454215, 1: 0.48620735472650267, 2: 0.4644458754337393, 3: 0.2305524317198433, 4: 0.24319314188323915, 5: 0.48242667940212414, 6: 0.47952651092782617, 7: 0.47501165559515357, 8: 0.4800100378924981, 9: 0.48037933913292363})
2024-12-16 09:31:15,914 INFO ABV Hessian 7: defaultdict(<class 'float'>, {0: 1.476519980467856, 1: 1.3082688639406115, 2: 1.172172524034977, 3: -11.810924150049686, 4: -15.904586479067802, 5: 1.4364431966096163, 6: 1.3531260208692402, 7: 1.5829598153941333, 8: 1.5401145839132369, 9: 0.9878275820519775})
2024-12-16 09:31:15,914 INFO ABV Simple 8: defaultdict(<class 'float'>, {0: 0.5156891716760583, 1: 0.48166906053666025, 2: 0.507412044913508, 3: 0.3048323317198083, 4: 0.28480464819585904, 5: 0.4842568972380832, 6: 0.5018124937196262, 7: 0.4995255242101848, 8: 0.518243974132929, 9: 0.49177551845787093})
2024-12-16 09:31:15,915 INFO ABV Hessian 8: defaultdict(<class 'float'>, {0: 0.5314828541595489, 1: 0.937167851254344, 2: 0.7830966478213668, 3: -5.799472637474537, 4: -7.8670176938176155, 5: 0.7192635243409313, 6: 0.5224639610387385, 7: 0.7755614034831524, 8: 0.741833965992555, 9: 0.792513043154031})
2024-12-16 09:31:15,916 INFO ABV Simple 9: defaultdict(<class 'float'>, {0: 0.5881568663462531, 1: 0.5927543914294802, 2: 0.5546234430512413, 3: 0.35631923904293217, 4: 0.3626181491126772, 5: 0.568217801861465, 6: 0.5518441411841195, 7: 0.5535979249980301, 8: 0.5685479096136987, 9: 0.5806885840866016})
2024-12-16 09:31:15,916 INFO ABV Hessian 9: defaultdict(<class 'float'>, {0: 1.1722379098646343, 1: 2.5765941434074193, 2: 3.2660628533922136, 3: -17.360965194180608, 4: -26.506703667342663, 5: 1.896119969431311, 6: 1.9718182147480547, 7: 4.016700208419934, 8: 1.6948608746752143, 9: 1.4574170648120344})
2024-12-16 09:31:15,917 INFO Actual Bad Clients: [3 4]
2024-12-16 09:31:15,918 INFO Total Run Time: 386.0755226612091
