2024-12-16 09:50:15,661 INFO Number Of Clients: 10, Client Selection Fraction: 0.6, Local Epochs: 3, Batch Size: 128
2024-12-16 09:50:15,662 INFO Dataset: fmnist, Setting: IID, Number Of Rounds: 10
2024-12-16 09:50:15,663 INFO ABV Simple 0: defaultdict(<class 'float'>, {0: 0.4450166050955886, 1: 0.4401126990560442, 2: 0.45702503112261184, 3: 0.4543320968950866, 4: 0.44072042297921143, 5: 0.44339431158732623, 6: 0.462116421374958, 7: 0.4497719323117053, 8: 0.46225827407761244, 9: 0.4609103630646132})
2024-12-16 09:50:15,663 INFO ABV Hessian 0: defaultdict(<class 'float'>, {0: 0.3999725845933426, 1: 0.395107964228373, 2: 0.4221808268339373, 3: 0.36541232699528337, 4: 0.38857119670137763, 5: 0.41078042751178145, 6: 0.4451885147864232, 7: 0.35731762321665883, 8: 0.4771132609457709, 9: 0.4036962613463402})
2024-12-16 09:50:15,664 INFO Shapley Values 0: defaultdict(<class 'float'>, {})
2024-12-16 09:50:15,665 INFO Influence Values 0: defaultdict(<class 'float'>, {})
2024-12-16 09:50:15,665 INFO Runtimes 0: {'abvs': 2.6993353366851807, 'abvh': 46.93743181228638, 'sv': 0, 'if': 0}
2024-12-16 09:50:15,666 INFO ABV Simple 1: defaultdict(<class 'float'>, {0: 0.31735885425587185, 1: 0.33199189929291606, 2: 0.3240644562174566, 3: 0.33346188368159346, 4: 0.3209474732866511, 5: 0.33386489911936224, 6: 0.32672074646689, 7: 0.32276161562185735, 8: 0.29193089848558884, 9: 0.3235003210720606})
2024-12-16 09:50:15,667 INFO ABV Hessian 1: defaultdict(<class 'float'>, {0: 0.367936227703467, 1: 0.3949557528248988, 2: 0.2574665312131401, 3: 0.34941258118487895, 4: 0.28954642644384876, 5: 0.36749546736245975, 6: 0.35741084258188494, 7: 0.3604331751121208, 8: 0.21841353666968644, 9: 0.3827521186321974})
2024-12-16 09:50:15,668 INFO Shapley Values 1: defaultdict(<class 'float'>, {})
2024-12-16 09:50:15,668 INFO Influence Values 1: defaultdict(<class 'float'>, {})
2024-12-16 09:50:15,669 INFO Runtimes 1: {'abvs': 2.787069320678711, 'abvh': 51.41022539138794, 'sv': 0, 'if': 0}
2024-12-16 09:50:15,670 INFO ABV Simple 2: defaultdict(<class 'float'>, {0: 0.39835224620765075, 1: 0.3982970144134015, 2: 0.3884682805983175, 3: 0.372534630289465, 4: 0.40280539105879143, 5: 0.3951591388322413, 6: 0.390487292475882, 7: 0.3940213670139201, 8: 0.3852086086408235, 9: 0.4035730317700654})
2024-12-16 09:50:15,670 INFO ABV Hessian 2: defaultdict(<class 'float'>, {0: 0.6047214090358466, 1: -0.1919329664669931, 2: 0.23519836611376377, 3: 0.3457343811824103, 4: 0.3927332902094349, 5: 0.7223877668147907, 6: 0.6254722017620225, 7: 0.43056232831804664, 8: 0.6321863455232233, 9: 0.655391962849535})
2024-12-16 09:50:15,672 INFO Shapley Values 2: defaultdict(<class 'float'>, {})
2024-12-16 09:50:15,673 INFO Influence Values 2: defaultdict(<class 'float'>, {})
2024-12-16 09:50:15,674 INFO Runtimes 2: {'abvs': 2.622541904449463, 'abvh': 51.79516816139221, 'sv': 0, 'if': 0}
2024-12-16 09:50:15,675 INFO ABV Simple 3: defaultdict(<class 'float'>, {0: 0.3814166498341365, 1: 0.38013203255832195, 2: 0.3797082813689485, 3: 0.386346485291142, 4: 0.38594192429445684, 5: 0.38009296369273216, 6: 0.389432079391554, 7: 0.36174177736393176, 8: 0.3808855058887275, 9: 0.39673571585444734})
2024-12-16 09:50:15,675 INFO ABV Hessian 3: defaultdict(<class 'float'>, {0: 0.29945408331695944, 1: 0.4252341384999454, 2: 0.32904879469424486, 3: 0.3670701840892434, 4: 0.45953134167939425, 5: 0.3626930620521307, 6: 0.3840912503656, 7: 0.3586193728260696, 8: 0.3931094241415849, 9: 0.5209732223302126})
2024-12-16 09:50:15,676 INFO Shapley Values 3: defaultdict(<class 'float'>, {})
2024-12-16 09:50:15,677 INFO Influence Values 3: defaultdict(<class 'float'>, {})
2024-12-16 09:50:15,677 INFO Runtimes 3: {'abvs': 2.590150833129883, 'abvh': 51.40903377532959, 'sv': 0, 'if': 0}
2024-12-16 09:50:15,678 INFO ABV Simple 4: defaultdict(<class 'float'>, {0: 0.38005029154010117, 1: 0.39412779174745083, 2: 0.37007421790622175, 3: 0.3794387142697815, 4: 0.38135473528382136, 5: 0.3745846035599243, 6: 0.3889692450175062, 7: 0.3604702359152725, 8: 0.3803373487025965, 9: 0.3729781574802473})
2024-12-16 09:50:15,678 INFO ABV Hessian 4: defaultdict(<class 'float'>, {0: 0.826031028147554, 1: 0.5496190709527582, 2: 0.17932925996137783, 3: 0.4055606998736039, 4: 0.20285273061017506, 5: 0.22847454220755026, 6: 0.19293412868864834, 7: 0.7547918097116053, 8: 0.5771410152083263, 9: 0.5542006167233922})
2024-12-16 09:50:15,680 INFO Shapley Values 4: defaultdict(<class 'float'>, {})
2024-12-16 09:50:15,680 INFO Influence Values 4: defaultdict(<class 'float'>, {})
2024-12-16 09:50:15,681 INFO Runtimes 4: {'abvs': 2.528820037841797, 'abvh': 47.6465425491333, 'sv': 0, 'if': 0}
2024-12-16 09:50:15,681 INFO Actual Bad Clients: None
2024-12-16 09:50:15,682 INFO Total Run Time: 203.84127163887024
