2024-12-16 09:46:48,993 INFO Number Of Clients: 10, Client Selection Fraction: 0.6, Local Epochs: 3, Batch Size: 128
2024-12-16 09:46:48,994 INFO Dataset: fmnist, Setting: Non IID with 2 Bad Clients and 4 Categories Per Bad Client, Number Of Rounds: 10
2024-12-16 09:46:48,995 INFO ABV Simple 0: defaultdict(<class 'float'>, {0: 0.8228145260363817, 1: 0.8033311367034912, 2: -0.9483556747436523, 3: 0.7987623009830713, 4: 0.8304455131292343, 5: -0.9747685566544533, 6: 0.7855283096432686, 7: 0.8208803180605173, 8: 0.8330413997173309, 9: 0.7871352136135101})
2024-12-16 09:46:48,995 INFO ABV Hessian 0: defaultdict(<class 'float'>, {0: 8.554760843515396, 1: 10.732560604810715, 2: -15.081450313329697, 3: 8.936735332012177, 4: 9.38703566789627, 5: -14.575712710618973, 6: 8.56952840089798, 7: 9.909374207258224, 8: 10.594335377216339, 9: 10.579363882541656})
2024-12-16 09:46:48,996 INFO Shapley Values 0: defaultdict(<class 'float'>, {})
2024-12-16 09:46:48,996 INFO Influence Values 0: defaultdict(<class 'float'>, {})
2024-12-16 09:46:48,997 INFO Runtimes 0: {'abvs': 2.5942673683166504, 'abvh': 21.921786785125732, 'sv': 0, 'if': 0}
2024-12-16 09:46:48,997 INFO ABV Simple 1: defaultdict(<class 'float'>, {0: 0.8065987043082714, 1: 0.8251983840018511, 2: -0.938098855316639, 3: 0.8109834250062704, 4: 0.8021302707493305, 5: -0.9410441666841507, 6: 0.7740329056978226, 7: 0.8245065864175558, 8: 0.8210409674793482, 9: 0.8184045925736427})
2024-12-16 09:46:49,007 INFO ABV Hessian 1: defaultdict(<class 'float'>, {0: 9.358515828847885, 1: 9.391699582338333, 2: -15.37656444311142, 3: 8.034350216388702, 4: 8.922022253274918, 5: -14.768013998866081, 6: 7.917981296777725, 7: 9.468199253082275, 8: 9.945626139640808, 9: 9.282277822494507})
2024-12-16 09:46:49,008 INFO Shapley Values 1: defaultdict(<class 'float'>, {})
2024-12-16 09:46:49,009 INFO Influence Values 1: defaultdict(<class 'float'>, {})
2024-12-16 09:46:49,009 INFO Runtimes 1: {'abvs': 2.6213176250457764, 'abvh': 21.948614358901978, 'sv': 0, 'if': 0}
2024-12-16 09:46:49,010 INFO ABV Simple 2: defaultdict(<class 'float'>, {0: 0.7856295611709356, 1: 0.7814572118222713, 2: -1.0811356157064438, 3: 0.7726882919669151, 4: 0.7278305124491453, 5: -1.155715562403202, 6: 0.7476248778402805, 7: 0.7653100248426199, 8: 0.7682913076132536, 9: 0.7505069337785244})
2024-12-16 09:46:49,010 INFO ABV Hessian 2: defaultdict(<class 'float'>, {0: 9.623428970575333, 1: 10.099030941724777, 2: -14.337593480944633, 3: 9.940567433834076, 4: 7.724897384643555, 5: -14.715207859873772, 6: 7.868613570928574, 7: 9.263355910778046, 8: 9.840520083904266, 9: 8.231254577636719})
2024-12-16 09:46:49,011 INFO Shapley Values 2: defaultdict(<class 'float'>, {})
2024-12-16 09:46:49,011 INFO Influence Values 2: defaultdict(<class 'float'>, {})
2024-12-16 09:46:49,012 INFO Runtimes 2: {'abvs': 2.527107000350952, 'abvh': 20.092745780944824, 'sv': 0, 'if': 0}
2024-12-16 09:46:49,012 INFO ABV Simple 3: defaultdict(<class 'float'>, {0: 0.8821608275175095, 1: 0.8265096805989742, 2: -1.0591603592038155, 3: 0.843928974121809, 4: 0.8604791648685932, 5: -1.1162799447774887, 6: 0.8082550745457411, 7: 0.8384525571018457, 8: 0.8529699221253395, 9: 0.8324662670493126})
2024-12-16 09:46:49,013 INFO ABV Hessian 3: defaultdict(<class 'float'>, {0: 12.773397028446198, 1: 10.064822047948837, 2: -17.435493171215057, 3: 11.354376643896103, 4: 11.093188464641571, 5: -17.458971813321114, 6: 8.99362301826477, 7: 9.819220215082169, 8: 10.925927221775055, 9: 11.414839893579483})
2024-12-16 09:46:49,013 INFO Shapley Values 3: defaultdict(<class 'float'>, {})
2024-12-16 09:46:49,014 INFO Influence Values 3: defaultdict(<class 'float'>, {})
2024-12-16 09:46:49,014 INFO Runtimes 3: {'abvs': 2.573002338409424, 'abvh': 19.3847234249115, 'sv': 0, 'if': 0}
2024-12-16 09:46:49,015 INFO ABV Simple 4: defaultdict(<class 'float'>, {0: 0.7811488229781389, 1: 0.7966554053127766, 2: -1.035682313144207, 3: 0.8060757406055927, 4: 0.7906964607536793, 5: -1.0544115230441093, 6: 0.7811143100261688, 7: 0.8102713339030743, 8: 0.8283398170024157, 9: 0.8176093902438879})
2024-12-16 09:46:49,015 INFO ABV Hessian 4: defaultdict(<class 'float'>, {0: 10.852523505687714, 1: 10.180332779884338, 2: -17.086359411478043, 3: 10.427010715007782, 4: 9.718727201223373, 5: -16.712543860077858, 6: 9.095193147659302, 7: 11.269315779209137, 8: 11.996206015348434, 9: 11.233049392700195})
2024-12-16 09:46:49,016 INFO Shapley Values 4: defaultdict(<class 'float'>, {})
2024-12-16 09:46:49,017 INFO Influence Values 4: defaultdict(<class 'float'>, {})
2024-12-16 09:46:49,017 INFO Runtimes 4: {'abvs': 2.4510605335235596, 'abvh': 19.796663999557495, 'sv': 0, 'if': 0}
2024-12-16 09:46:49,018 INFO Actual Bad Clients: [2, 5]
2024-12-16 09:46:49,018 INFO Total Run Time: 100.67928457260132
