2024-11-29 15:14:59,059 INFO Number Of Clients: 5, Client Selection Fraction: 0.6, Local Epochs: 10, Batch Size: 128
2024-11-29 15:14:59,063 INFO Dataset: cifar, Setting: IID, Number Of Rounds: 50
2024-11-29 15:14:59,063 INFO Test Accuracy Of Global Model: 56.769999999999996%
2024-11-29 15:14:59,064 INFO Shapley Values: [28.65910983880361, -11.36357756654421, 20.811130015055337, 4.780788389841715, 29.00243069529533]
2024-11-29 15:14:59,064 INFO Banzhaf Values: [19.7176034450531, -2.7242603078484535, 19.065819904208183, 9.169694483280182, 17.322488702833652]
2024-11-29 15:14:59,064 INFO Approximate Banzhaf Values Simple: [0.1483254535123706, 0.022128045675344765, 0.10439856816083193, 0.07558432314544916, 0.09686657134443521]
2024-11-29 15:14:59,065 INFO Approximate Banzhaf Values Hessian: [4.3970692260190845, 4.477032024413347, 3.1569162607192993, -3.1184201017022133, 3.0841425582766533]
2024-11-29 15:14:59,072 INFO Pearson Correlation Between Shapley And Banzhaf Values: PearsonRResult(statistic=0.9658832690354296, pvalue=0.00752575213648362)
2024-11-29 15:14:59,073 INFO Pearson Correlation Between Shapley And Approximate Banzhaf Values Simple: PearsonRResult(statistic=0.9080111109281012, pvalue=0.03302568438720248)
2024-11-29 15:14:59,074 INFO Pearson Correlation Between Shapley And Approximate Banzhaf Values Hessian: PearsonRResult(statistic=0.19513630708000937, pvalue=0.7531306554873125)
2024-11-29 15:14:59,076 INFO Pearson Correlation Between Banzhaf And Approximate Banzhaf Values Simple: PearsonRResult(statistic=0.9317556588366229, pvalue=0.02118056074685138)
2024-11-29 15:14:59,077 INFO Pearson Correlation Between Banzhaf And Approximate Banzhaf Values Hessian: PearsonRResult(statistic=0.07872163067138599, pvalue=0.899872127265498)
2024-11-29 15:14:59,078 INFO Actual Bad Clients: None
2024-11-29 15:14:59,078 INFO Identified Bad Clients Simple: [0, 3, 4, 2]
2024-11-29 15:14:59,078 INFO Identified Bad Clients Hessian: [0, 1, 4, 2]
2024-11-29 15:14:59,078 INFO Bad Client Accuracy Simple: 0.0
2024-11-29 15:14:59,079 INFO Bad Client Accuracy Hessian: 0.0
2024-11-29 15:14:59,079 INFO Total Run Time: 280.4585416316986
2024-11-29 15:50:40,980 INFO Number Of Clients: 5, Client Selection Fraction: 0.6, Local Epochs: 10, Batch Size: 128
2024-11-29 15:50:40,990 INFO Dataset: cifar, Setting: IID, Number Of Rounds: 50
2024-11-29 15:50:40,991 INFO Test Accuracy Of Global Model: 57.26%
2024-11-29 15:50:40,991 INFO Shapley Values: [15.04869310259819, 3.7074467311302817, 20.67632007300854, -1.2958454271157578, 17.743957004944484]
2024-11-29 15:50:40,992 INFO Banzhaf Values: [14.497874772176147, 6.241283120587468, 15.466851623728871, -0.500950837507844, 15.447561820968986]
2024-11-29 15:50:40,992 INFO Approximate Banzhaf Values Simple: [0.08156042918562889, 0.12224623747169971, 0.021354485128540546, 0.11021347594214603, 0.031567973317578435]
2024-11-29 15:50:40,992 INFO Approximate Banzhaf Values Hessian: [8.644621551036835, 3.851909816265106, -8.666686233133078, -6.749171130359173, -8.168787809583591]
2024-11-29 15:50:41,003 INFO Pearson Correlation Between Shapley And Banzhaf Values: PearsonRResult(statistic=0.9753761161628808, pvalue=0.004621235052306753)
2024-11-29 15:50:41,005 INFO Pearson Correlation Between Shapley And Approximate Banzhaf Values Simple: PearsonRResult(statistic=-0.9055508693855159, pvalue=0.03434633229873969)
2024-11-29 15:50:41,007 INFO Pearson Correlation Between Shapley And Approximate Banzhaf Values Hessian: PearsonRResult(statistic=-0.15633206600174834, pvalue=0.801765610078073)
2024-11-29 15:50:41,010 INFO Pearson Correlation Between Banzhaf And Approximate Banzhaf Values Simple: PearsonRResult(statistic=-0.8055286939473187, pvalue=0.09989054079328498)
2024-11-29 15:50:41,012 INFO Pearson Correlation Between Banzhaf And Approximate Banzhaf Values Hessian: PearsonRResult(statistic=0.026243356382258082, pvalue=0.9665897567198386)
2024-11-29 15:50:41,012 INFO Actual Bad Clients: None
2024-11-29 15:50:41,012 INFO Identified Bad Clients Simple: [3, 0, 1]
2024-11-29 15:50:41,013 INFO Identified Bad Clients Hessian: [0, 1]
2024-11-29 15:50:41,013 INFO Bad Client Accuracy Simple: 0.0
2024-11-29 15:50:41,013 INFO Bad Client Accuracy Hessian: 0.0
2024-11-29 15:50:41,014 INFO Total Run Time: 326.0190145969391
2024-11-29 16:08:20,647 INFO Number Of Clients: 5, Client Selection Fraction: 0.6, Local Epochs: 10, Batch Size: 128
2024-11-29 16:08:20,647 INFO Dataset: cifar, Setting: IID, Number Of Rounds: 50
2024-11-29 16:08:20,648 INFO Test Accuracy Of Global Model: 54.43%
2024-11-29 16:08:20,648 INFO Shapley Values: [4.531729064385096, 12.564080369472505, 19.2749495724837, -5.6022914131482455, 16.8692590713501]
2024-11-29 16:08:20,648 INFO Banzhaf Values: [8.75568787753582, 10.377608381211758, 12.557877346873283, 4.461459569633007, 12.271924711763859]
2024-11-29 16:08:20,648 INFO Approximate Banzhaf Values Simple: [0.20702732168138027, -0.007509134244173765, 0.06365461851237342, 0.0695344409905374, 0.03210468863835558]
2024-11-29 16:08:20,649 INFO Approximate Banzhaf Values Hessian: [8.154077380895615, 27.259466027840972, -5.118536418303847, -3.1481220480054617, -18.495270628482103]
2024-11-29 16:08:20,650 INFO Pearson Correlation Between Shapley And Banzhaf Values: PearsonRResult(statistic=0.9909302748922008, pvalue=0.00103545998868747)
2024-11-29 16:08:20,652 INFO Pearson Correlation Between Shapley And Approximate Banzhaf Values Simple: PearsonRResult(statistic=-0.38123445698024777, pvalue=0.5266259324412149)
2024-11-29 16:08:20,653 INFO Pearson Correlation Between Shapley And Approximate Banzhaf Values Hessian: PearsonRResult(statistic=-0.1381214068880924, pvalue=0.824699141315555)
2024-11-29 16:08:20,654 INFO Pearson Correlation Between Banzhaf And Approximate Banzhaf Values Simple: PearsonRResult(statistic=-0.2758676623744188, pvalue=0.653261815249409)
2024-11-29 16:08:20,655 INFO Pearson Correlation Between Banzhaf And Approximate Banzhaf Values Hessian: PearsonRResult(statistic=-0.1539556761847805, pvalue=0.8047546871457185)
2024-11-29 16:08:20,655 INFO Actual Bad Clients: None
2024-11-29 16:08:20,655 INFO Identified Bad Clients Simple: [2, 3, 4, 0]
2024-11-29 16:08:20,656 INFO Identified Bad Clients Hessian: [1, 0]
2024-11-29 16:08:20,656 INFO Bad Client Accuracy Simple: 0.0
2024-11-29 16:08:20,656 INFO Bad Client Accuracy Hessian: 0.0
2024-11-29 16:08:20,656 INFO Total Run Time: 313.57017755508423
--- 
2024-11-29 15:19:53,295 INFO Number Of Clients: 5, Client Selection Fraction: 0.6, Local Epochs: 10, Batch Size: 128
2024-11-29 15:19:53,311 INFO Dataset: cifar, Setting: Non IID with 2 Bad Clients and 5 Categories Per Bad Client, Number Of Rounds: 50
2024-11-29 15:19:53,312 INFO Test Accuracy Of Global Model: 45.73%
2024-11-29 15:19:53,312 INFO Shapley Values: [-147.69152750174206, 111.16082476973534, -265.23857690493276, 115.41974211136501, 172.26235428849859]
2024-11-29 15:19:53,312 INFO Banzhaf Values: [-42.205406561493874, 70.97233863919973, -58.48748394846916, 82.40854603052139, 130.31171148270369]
2024-11-29 15:19:53,312 INFO Approximate Banzhaf Values Simple: [2.046143618354108, 1.143260832875967, 0.21282057091593742, 1.2711567226797342, 1.8954854421317577]
2024-11-29 15:19:53,313 INFO Approximate Banzhaf Values Hessian: [1710.2071104170172, 3.7011337839066982, -5229.636184692383, 710.2525434494019, 1069.6345434291288]
2024-11-29 15:19:53,322 INFO Pearson Correlation Between Shapley And Banzhaf Values: PearsonRResult(statistic=0.9786208468270887, pvalue=0.003740433709317151)
2024-11-29 15:19:53,324 INFO Pearson Correlation Between Shapley And Approximate Banzhaf Values Simple: PearsonRResult(statistic=0.46556647598368645, pvalue=0.42939329056270137)
2024-11-29 15:19:53,326 INFO Pearson Correlation Between Shapley And Approximate Banzhaf Values Hessian: PearsonRResult(statistic=0.6496777497710255, pvalue=0.23538667331560043)
2024-11-29 15:19:53,328 INFO Pearson Correlation Between Banzhaf And Approximate Banzhaf Values Simple: PearsonRResult(statistic=0.3894789415106521, pvalue=0.5169394898142013)
2024-11-29 15:19:53,330 INFO Pearson Correlation Between Banzhaf And Approximate Banzhaf Values Hessian: PearsonRResult(statistic=0.5356182733019177, pvalue=0.3522087888909794)
2024-11-29 15:19:53,331 INFO Actual Bad Clients: [0, 2]
2024-11-29 15:19:53,331 INFO Identified Bad Clients Simple: [0, 4, 1, 3]
2024-11-29 15:19:53,331 INFO Identified Bad Clients Hessian: [0, 4, 3]
2024-11-29 15:19:53,331 INFO Bad Client Accuracy Simple: 0.2
2024-11-29 15:19:53,332 INFO Bad Client Accuracy Hessian: 0.25
2024-11-29 15:19:53,332 INFO Total Run Time: 290.884108543396
2024-11-29 15:54:45,148 INFO Number Of Clients: 5, Client Selection Fraction: 0.6, Local Epochs: 10, Batch Size: 128
2024-11-29 15:54:45,149 INFO Dataset: cifar, Setting: Non IID with 2 Bad Clients and 5 Categories Per Bad Client, Number Of Rounds: 50
2024-11-29 15:54:45,149 INFO Test Accuracy Of Global Model: 42.17%
2024-11-29 15:54:45,149 INFO Shapley Values: [135.66793539325397, 215.09736414949103, -28.001023379961673, -423.91673214038207, 110.34173255364101]
2024-11-29 15:54:45,150 INFO Banzhaf Values: [94.30074126645923, 152.7670898400247, 77.71152879670262, -170.09229668602347, 70.55954221263528]
2024-11-29 15:54:45,150 INFO Approximate Banzhaf Values Simple: [0.7314908420667052, 1.0164914540946484, 0.7160488944500685, 0.7978448048233986, 0.9974049222655594]
2024-11-29 15:54:45,150 INFO Approximate Banzhaf Values Hessian: [150.8198096556589, 192.34862439520657, 136.56748008728027, 115.66626358032227, 179.8573789265938]
2024-11-29 15:54:45,154 INFO Pearson Correlation Between Shapley And Banzhaf Values: PearsonRResult(statistic=0.973187602815476, pvalue=0.005249076593548973)
2024-11-29 15:54:45,156 INFO Pearson Correlation Between Shapley And Approximate Banzhaf Values Simple: PearsonRResult(statistic=0.4202918894924218, pvalue=0.4810688158249235)
2024-11-29 15:54:45,157 INFO Pearson Correlation Between Shapley And Approximate Banzhaf Values Hessian: PearsonRResult(statistic=0.8630060132024087, pvalue=0.0596010956205981)
2024-11-29 15:54:45,158 INFO Pearson Correlation Between Banzhaf And Approximate Banzhaf Values Simple: PearsonRResult(statistic=0.3142563043303582, pvalue=0.606563457183283)
2024-11-29 15:54:45,160 INFO Pearson Correlation Between Banzhaf And Approximate Banzhaf Values Hessian: PearsonRResult(statistic=0.7898054003825387, pvalue=0.11196333383077324)
2024-11-29 15:54:45,160 INFO Actual Bad Clients: [2, 3]
2024-11-29 15:54:45,160 INFO Identified Bad Clients Simple: [0, 1, 4, 3, 2]
2024-11-29 15:54:45,161 INFO Identified Bad Clients Hessian: [0, 1, 4, 3, 2]
2024-11-29 15:54:45,161 INFO Bad Client Accuracy Simple: 0.4
2024-11-29 15:54:45,161 INFO Bad Client Accuracy Hessian: 0.4
2024-11-29 15:54:45,161 INFO Total Run Time: 240.89621663093567
2024-11-29 16:12:01,508 INFO Number Of Clients: 5, Client Selection Fraction: 0.6, Local Epochs: 10, Batch Size: 128
2024-11-29 16:12:01,509 INFO Dataset: cifar, Setting: Non IID with 2 Bad Clients and 5 Categories Per Bad Client, Number Of Rounds: 50
2024-11-29 16:12:01,510 INFO Test Accuracy Of Global Model: 48.620000000000005%
2024-11-29 16:12:01,511 INFO Shapley Values: [-126.99032485286396, -271.6147029777368, 85.32651313344638, 160.27376188039779, 210.24892324407898]
2024-11-29 16:12:01,511 INFO Banzhaf Values: [-20.947760824114084, -74.85363403335214, 45.84708006307483, 105.1109464801848, 140.12743548676372]
2024-11-29 16:12:01,511 INFO Approximate Banzhaf Values Simple: [0.35603888193145394, 0.04933993937447667, 0.8903964189812541, 0.5634119603782892, 0.6162924766540527]
2024-11-29 16:12:01,511 INFO Approximate Banzhaf Values Hessian: [-179.71156152477488, -157.5372753641568, 176.7811844823882, 28.227217853069305, 58.39853763580322]
2024-11-29 16:12:01,515 INFO Pearson Correlation Between Shapley And Banzhaf Values: PearsonRResult(statistic=0.9849810694081501, pvalue=0.0022045073667118155)
2024-11-29 16:12:01,516 INFO Pearson Correlation Between Shapley And Approximate Banzhaf Values Simple: PearsonRResult(statistic=0.8161427664770751, pvalue=0.09198131680891031)
2024-11-29 16:12:01,517 INFO Pearson Correlation Between Shapley And Approximate Banzhaf Values Hessian: PearsonRResult(statistic=0.7970272412015398, pvalue=0.10636653474336621)
2024-11-29 16:12:01,519 INFO Pearson Correlation Between Banzhaf And Approximate Banzhaf Values Simple: PearsonRResult(statistic=0.7089218763627119, pvalue=0.18005805499861915)
2024-11-29 16:12:01,521 INFO Pearson Correlation Between Banzhaf And Approximate Banzhaf Values Hessian: PearsonRResult(statistic=0.7055760430091369, pvalue=0.18306975192535183)
2024-11-29 16:12:01,522 INFO Actual Bad Clients: [0, 1]
2024-11-29 16:12:01,522 INFO Identified Bad Clients Simple: [2, 0, 4, 3]
2024-11-29 16:12:01,523 INFO Identified Bad Clients Hessian: [2, 4, 3]
2024-11-29 16:12:01,523 INFO Bad Client Accuracy Simple: 0.2
2024-11-29 16:12:01,523 INFO Bad Client Accuracy Hessian: 0.0
2024-11-29 16:12:01,523 INFO Total Run Time: 218.03753638267517
---
2024-11-29 15:23:38,250 INFO Number Of Clients: 5, Client Selection Fraction: 0.6, Local Epochs: 10, Batch Size: 128
2024-11-29 15:23:38,250 INFO Dataset: cifar, Setting: Mislabeled with 2 Bad Clients and 75.0% Bad Samples Per Bad Client, Number Of Rounds: 50
2024-11-29 15:23:38,251 INFO Test Accuracy Of Global Model: 48.25%
2024-11-29 15:23:38,251 INFO Shapley Values: [29.248801934719083, -18.561639857292175, 16.57181883653005, 42.63701268831889, -8.729649555683144]
2024-11-29 15:23:38,251 INFO Banzhaf Values: [20.375318821519613, -9.11957946792245, 10.373441185802221, 18.15547313913703, -0.16059847548604012]
2024-11-29 15:23:38,252 INFO Approximate Banzhaf Values Simple: [0.27022629231214523, -0.07015227898955345, 0.1496502854861319, 0.39709384413436055, -0.21900255139917135]
2024-11-29 15:23:38,252 INFO Approximate Banzhaf Values Hessian: [11.733448974788189, -1.7947423458099365, 1.0451582320965827, 13.231109016109258, -28.653914630413055]
2024-11-29 15:23:38,258 INFO Pearson Correlation Between Shapley And Banzhaf Values: PearsonRResult(statistic=0.9621168359936922, pvalue=0.00880075356483208)
2024-11-29 15:23:38,263 INFO Pearson Correlation Between Shapley And Approximate Banzhaf Values Simple: PearsonRResult(statistic=0.9399672961652491, pvalue=0.01749708954764994)
2024-11-29 15:23:38,265 INFO Pearson Correlation Between Shapley And Approximate Banzhaf Values Hessian: PearsonRResult(statistic=0.7322637779922427, pvalue=0.15945358207024418)
2024-11-29 15:23:38,273 INFO Pearson Correlation Between Banzhaf And Approximate Banzhaf Values Simple: PearsonRResult(statistic=0.8627054680516415, pvalue=0.059794514226041824)
2024-11-29 15:23:38,275 INFO Pearson Correlation Between Banzhaf And Approximate Banzhaf Values Hessian: PearsonRResult(statistic=0.6506320259362119, pvalue=0.2344634975267284)
2024-11-29 15:23:38,276 INFO Actual Bad Clients: [1 4]
2024-11-29 15:23:38,277 INFO Identified Bad Clients Simple: [3, 2, 0]
2024-11-29 15:23:38,277 INFO Identified Bad Clients Hessian: [3, 2, 0]
2024-11-29 15:23:38,277 INFO Bad Client Accuracy Simple: 0.0
2024-11-29 15:23:38,278 INFO Bad Client Accuracy Hessian: 0.0
2024-11-29 15:23:38,278 INFO Total Run Time: 221.6224627494812
2024-11-29 15:58:43,157 INFO Number Of Clients: 5, Client Selection Fraction: 0.6, Local Epochs: 10, Batch Size: 128
2024-11-29 15:58:43,158 INFO Dataset: cifar, Setting: Mislabeled with 2 Bad Clients and 75.0% Bad Samples Per Bad Client, Number Of Rounds: 50
2024-11-29 15:58:43,158 INFO Test Accuracy Of Global Model: 46.5%
2024-11-29 15:58:43,158 INFO Shapley Values: [30.93649461865425, -10.092790732781094, 36.524412413438164, 42.454677075147636, -38.799474249283485]
2024-11-29 15:58:43,159 INFO Banzhaf Values: [17.496958322823048, 2.638190396130085, 21.313584119081497, 30.31155725568533, -18.066811554133892]
2024-11-29 15:58:43,159 INFO Approximate Banzhaf Values Simple: [0.45725006330758333, -0.1441933438181877, 0.24916536640375853, 0.29719752818346024, -0.1394952181726694]
2024-11-29 15:58:43,159 INFO Approximate Banzhaf Values Hessian: [15.700798875652254, -11.815400449093431, 2.796591967344284, 5.442611679434776, -12.257505802437663]
2024-11-29 15:58:43,161 INFO Pearson Correlation Between Shapley And Banzhaf Values: PearsonRResult(statistic=0.9842420702857622, pvalue=0.0023689363467211573)
2024-11-29 15:58:43,162 INFO Pearson Correlation Between Shapley And Approximate Banzhaf Values Simple: PearsonRResult(statistic=0.8861470123542681, pvalue=0.045320127319449496)
2024-11-29 15:58:43,164 INFO Pearson Correlation Between Shapley And Approximate Banzhaf Values Hessian: PearsonRResult(statistic=0.8393240589010287, pvalue=0.0754233678329623)
2024-11-29 15:58:43,165 INFO Pearson Correlation Between Banzhaf And Approximate Banzhaf Values Simple: PearsonRResult(statistic=0.811290344937756, pvalue=0.09557249327275627)
2024-11-29 15:58:43,166 INFO Pearson Correlation Between Banzhaf And Approximate Banzhaf Values Hessian: PearsonRResult(statistic=0.7612480068042413, pvalue=0.13491327934153713)
2024-11-29 15:58:43,166 INFO Actual Bad Clients: [1 4]
2024-11-29 15:58:43,167 INFO Identified Bad Clients Simple: [0, 2, 3]
2024-11-29 15:58:43,167 INFO Identified Bad Clients Hessian: [0, 2, 3]
2024-11-29 15:58:43,167 INFO Bad Client Accuracy Simple: 0.0
2024-11-29 15:58:43,167 INFO Bad Client Accuracy Hessian: 0.0
2024-11-29 15:58:43,167 INFO Total Run Time: 234.90060687065125
2024-11-29 16:15:44,907 INFO Number Of Clients: 5, Client Selection Fraction: 0.6, Local Epochs: 10, Batch Size: 128
2024-11-29 16:15:44,908 INFO Dataset: cifar, Setting: Mislabeled with 2 Bad Clients and 75.0% Bad Samples Per Bad Client, Number Of Rounds: 50
2024-11-29 16:15:44,908 INFO Test Accuracy Of Global Model: 46.42%
2024-11-29 16:15:44,908 INFO Shapley Values: [26.453184451659524, -15.956431233882899, -10.645514631271354, 26.770855253934858, 24.55095978180568]
2024-11-29 16:15:44,909 INFO Banzhaf Values: [17.393974151462317, -0.6203490011394024, 4.472001004964113, 21.90976781770587, 21.762721870094538]
2024-11-29 16:15:44,909 INFO Approximate Banzhaf Values Simple: [0.19669415336102247, -0.24015317717567086, -0.01360846683382988, 0.3390237386338413, 0.3724225154146552]
2024-11-29 16:15:44,910 INFO Approximate Banzhaf Values Hessian: [2.007929937914014, -34.77245578216389, 4.474626958370209, 10.16835743188858, 14.436769188381732]
2024-11-29 16:15:44,913 INFO Pearson Correlation Between Shapley And Banzhaf Values: PearsonRResult(statistic=0.9775906484156635, pvalue=0.004013400973325124)
2024-11-29 16:15:44,914 INFO Pearson Correlation Between Shapley And Approximate Banzhaf Values Simple: PearsonRResult(statistic=0.9324245285942374, pvalue=0.020872077586881584)
2024-11-29 16:15:44,916 INFO Pearson Correlation Between Shapley And Approximate Banzhaf Values Hessian: PearsonRResult(statistic=0.7224238870632386, pvalue=0.16805142612097324)
2024-11-29 16:15:44,917 INFO Pearson Correlation Between Banzhaf And Approximate Banzhaf Values Simple: PearsonRResult(statistic=0.9845590818260573, pvalue=0.002297920994429492)
2024-11-29 16:15:44,918 INFO Pearson Correlation Between Banzhaf And Approximate Banzhaf Values Hessian: PearsonRResult(statistic=0.8085876155469914, pvalue=0.09759081344240238)
2024-11-29 16:15:44,919 INFO Actual Bad Clients: [2 1]
2024-11-29 16:15:44,919 INFO Identified Bad Clients Simple: [0, 4, 3]
2024-11-29 16:15:44,919 INFO Identified Bad Clients Hessian: [4, 3, 2]
2024-11-29 16:15:44,920 INFO Bad Client Accuracy Simple: 0.0
2024-11-29 16:15:44,920 INFO Bad Client Accuracy Hessian: 0.25
2024-11-29 16:15:44,920 INFO Total Run Time: 220.5696315765381
---
2024-11-29 15:28:16,394 INFO Number Of Clients: 5, Client Selection Fraction: 0.6, Local Epochs: 10, Batch Size: 128
2024-11-29 15:28:16,395 INFO Dataset: cifar, Setting: Noisy with 2 Bad Clients and 75.0% Bad Samples Per Bad Client, Number Of Rounds: 50
2024-11-29 15:28:16,395 INFO Test Accuracy Of Global Model: 30.349999999999998%
2024-11-29 15:28:16,396 INFO Shapley Values: [114.16889711419742, 174.91940659483276, 167.6736233552297, -222.04452927708627, -260.3131829281649]
2024-11-29 15:28:16,396 INFO Banzhaf Values: [102.37541851401329, 137.98839919269085, 131.1308429762721, -66.72993144392967, -46.721633180975914]
2024-11-29 15:28:16,396 INFO Approximate Banzhaf Values Simple: [0.34222794510424137, 0.6562762535177171, 0.6155323386192322, -0.5613236017525196, -0.5029299193993211]
2024-11-29 15:28:16,397 INFO Approximate Banzhaf Values Hessian: [233.65714910626411, 203.16341400705278, 280.26684379577637, -515.2061756849289, -350.18582709599286]
2024-11-29 15:28:16,404 INFO Pearson Correlation Between Shapley And Banzhaf Values: PearsonRResult(statistic=0.9907838634266268, pvalue=0.001060610498561528)
2024-11-29 15:28:16,407 INFO Pearson Correlation Between Shapley And Approximate Banzhaf Values Simple: PearsonRResult(statistic=0.9908438069621115, pvalue=0.0010502891909959136)
2024-11-29 15:28:16,409 INFO Pearson Correlation Between Shapley And Approximate Banzhaf Values Hessian: PearsonRResult(statistic=0.9676524019837812, pvalue=0.006949897069139285)
2024-11-29 15:28:16,411 INFO Pearson Correlation Between Banzhaf And Approximate Banzhaf Values Simple: PearsonRResult(statistic=0.9969241981418175, pvalue=0.00020467788375184997)
2024-11-29 15:28:16,413 INFO Pearson Correlation Between Banzhaf And Approximate Banzhaf Values Hessian: PearsonRResult(statistic=0.9841079849263654, pvalue=0.0023991882441546934)
2024-11-29 15:28:16,414 INFO Actual Bad Clients: [3 4]
2024-11-29 15:28:16,415 INFO Identified Bad Clients Simple: [1, 2, 0]
2024-11-29 15:28:16,415 INFO Identified Bad Clients Hessian: [1, 2, 0]
2024-11-29 15:28:16,416 INFO Bad Client Accuracy Simple: 0.0
2024-11-29 15:28:16,416 INFO Bad Client Accuracy Hessian: 0.0
2024-11-29 15:28:16,416 INFO Total Run Time: 274.9710006713867
2024-11-29 16:03:04,174 INFO Number Of Clients: 5, Client Selection Fraction: 0.6, Local Epochs: 10, Batch Size: 128
2024-11-29 16:03:04,174 INFO Dataset: cifar, Setting: Noisy with 2 Bad Clients and 75.0% Bad Samples Per Bad Client, Number Of Rounds: 50
2024-11-29 16:03:04,175 INFO Test Accuracy Of Global Model: 45.7%
2024-11-29 16:03:04,175 INFO Shapley Values: [-198.99346546928092, 194.07456551392872, 143.25515204568703, -297.2888481030862, 196.64330941836042]
2024-11-29 16:03:04,175 INFO Banzhaf Values: [-27.905636185780168, 123.70056687109172, 96.46228430606425, -60.558946227654815, 132.88732303492725]
2024-11-29 16:03:04,176 INFO Approximate Banzhaf Values Simple: [-0.3217254877090454, 0.765356638468802, 0.45796432672068477, -0.4811376556754112, 0.8800211763009429]
2024-11-29 16:03:04,176 INFO Approximate Banzhaf Values Hessian: [-267.71005296707153, 498.8612409653142, 12.073286747559905, -333.29345703125, 676.7754509774968]
2024-11-29 16:03:04,179 INFO Pearson Correlation Between Shapley And Banzhaf Values: PearsonRResult(statistic=0.9978408495345573, pvalue=0.00012039751238015975)
2024-11-29 16:03:04,180 INFO Pearson Correlation Between Shapley And Approximate Banzhaf Values Simple: PearsonRResult(statistic=0.9853637954073514, pvalue=0.002120902973553898)
2024-11-29 16:03:04,181 INFO Pearson Correlation Between Shapley And Approximate Banzhaf Values Hessian: PearsonRResult(statistic=0.8840387307104938, pvalue=0.04656945652707323)
2024-11-29 16:03:04,182 INFO Pearson Correlation Between Banzhaf And Approximate Banzhaf Values Simple: PearsonRResult(statistic=0.9943139441050513, pvalue=0.0005142564936866916)
2024-11-29 16:03:04,183 INFO Pearson Correlation Between Banzhaf And Approximate Banzhaf Values Hessian: PearsonRResult(statistic=0.9117942971580462, pvalue=0.03102756887366206)
2024-11-29 16:03:04,184 INFO Actual Bad Clients: [3 0]
2024-11-29 16:03:04,184 INFO Identified Bad Clients Simple: [2, 4, 1]
2024-11-29 16:03:04,184 INFO Identified Bad Clients Hessian: [2, 4, 1]
2024-11-29 16:03:04,184 INFO Bad Client Accuracy Simple: 0.0
2024-11-29 16:03:04,184 INFO Bad Client Accuracy Hessian: 0.0
2024-11-29 16:03:04,185 INFO Total Run Time: 258.1367862224579
2024-11-29 16:20:16,038 INFO Number Of Clients: 5, Client Selection Fraction: 0.6, Local Epochs: 10, Batch Size: 128
2024-11-29 16:20:16,039 INFO Dataset: cifar, Setting: Noisy with 2 Bad Clients and 75.0% Bad Samples Per Bad Client, Number Of Rounds: 50
2024-11-29 16:20:16,039 INFO Test Accuracy Of Global Model: 31.97%
2024-11-29 16:20:16,040 INFO Shapley Values: [-254.35917670528104, 169.8017403483391, 88.2516458928585, 203.11643597483635, -255.8824309607346]
2024-11-29 16:20:16,040 INFO Banzhaf Values: [-58.63442246243358, 129.66953855380416, 74.57335740700364, 149.6965318955481, -28.786884110420942]
2024-11-29 16:20:16,040 INFO Approximate Banzhaf Values Simple: [-1.2126944968476892, 1.031680878251791, 1.35706536937505, 1.3936877399682999, -0.604841991327703]
2024-11-29 16:20:16,041 INFO Approximate Banzhaf Values Hessian: [-2806.9013475449756, 958.1340947281569, 1071.6529908180237, 870.2544069290161, -533.0898068165407]
2024-11-29 16:20:16,044 INFO Pearson Correlation Between Shapley And Banzhaf Values: PearsonRResult(statistic=0.986545005873547, pvalue=0.0018697376277503669)
2024-11-29 16:20:16,046 INFO Pearson Correlation Between Shapley And Approximate Banzhaf Values Simple: PearsonRResult(statistic=0.9573099964282468, pvalue=0.010520162272274966)
2024-11-29 16:20:16,048 INFO Pearson Correlation Between Shapley And Approximate Banzhaf Values Hessian: PearsonRResult(statistic=0.8491585015648353, pvalue=0.06871257686356774)
2024-11-29 16:20:16,049 INFO Pearson Correlation Between Banzhaf And Approximate Banzhaf Values Simple: PearsonRResult(statistic=0.9415953350249071, pvalue=0.01679435883770263)
2024-11-29 16:20:16,051 INFO Pearson Correlation Between Banzhaf And Approximate Banzhaf Values Hessian: PearsonRResult(statistic=0.8707493576329649, pvalue=0.054686311022891884)
2024-11-29 16:20:16,051 INFO Actual Bad Clients: [4 0]
2024-11-29 16:20:16,052 INFO Identified Bad Clients Simple: [1, 2, 3]
2024-11-29 16:20:16,052 INFO Identified Bad Clients Hessian: [1, 2, 3]
2024-11-29 16:20:16,053 INFO Bad Client Accuracy Simple: 0.0
2024-11-29 16:20:16,053 INFO Bad Client Accuracy Hessian: 0.0
2024-11-29 16:20:16,054 INFO Total Run Time: 268.37411403656006
