2024-12-06 09:09:52,783 INFO Number Of Clients: 5, Client Selection Fraction: 0.6, Local Epochs: 10, Batch Size: 128
2024-12-06 09:09:52,785 INFO Dataset: fmnist, Setting: IID, Number Of Rounds: 50
2024-12-06 09:09:52,785 INFO Test Accuracy Of Global Model: 91.43%
2024-12-06 09:09:52,785 INFO Shapley Values: [31.5181784190936, 32.882816370964676, 33.438155444106094, 31.97796421940439, 32.449693363353916]
2024-12-06 09:09:52,786 INFO Banzhaf Values: [5.354044602994691, 6.112873491787468, 6.425812329587643, 5.894033423814108, 6.006679079771857]
2024-12-06 09:09:52,786 INFO Approximate Banzhaf Values Simple: [0.06124827219173312, 0.6894112156005576, 0.6725525975925848, 0.042527593206614256, 0.6524819401092827]
2024-12-06 09:09:52,787 INFO Approximate Banzhaf Values Hessian: [1.9007740709930658, 1.7142311595380306, 1.3189120376482606, 1.6857350282371044, 0.9229680630378425]
2024-12-06 09:09:52,790 INFO Pearson Correlation Between Shapley And Banzhaf Values: PearsonRResult(statistic=0.9537366949443434, pvalue=0.01186183558847058)
2024-12-06 09:09:52,792 INFO Pearson Correlation Between Shapley And Approximate Banzhaf Values Simple: PearsonRResult(statistic=0.8611639573691113, pvalue=0.06078964574392225)
2024-12-06 09:09:52,795 INFO Pearson Correlation Between Shapley And Approximate Banzhaf Values Hessian: PearsonRResult(statistic=-0.4680517071907313, pvalue=0.4265949220939104)
2024-12-06 09:09:52,797 INFO Pearson Correlation Between Banzhaf And Approximate Banzhaf Values Simple: PearsonRResult(statistic=0.7738962965115113, pvalue=0.12459143215093942)
2024-12-06 09:09:52,799 INFO Pearson Correlation Between Banzhaf And Approximate Banzhaf Values Hessian: PearsonRResult(statistic=-0.5466650222349513, pvalue=0.3403810756805308)
2024-12-06 09:09:52,802 INFO Actual Bad Clients: None
2024-12-06 09:09:52,802 INFO Total Run Time: 744.836841583252
2024-12-06 09:52:51,097 INFO Number Of Clients: 5, Client Selection Fraction: 0.6, Local Epochs: 10, Batch Size: 128
2024-12-06 09:52:51,101 INFO Dataset: fmnist, Setting: IID, Number Of Rounds: 50
2024-12-06 09:52:51,101 INFO Test Accuracy Of Global Model: 91.49000000000001%
2024-12-06 09:52:51,102 INFO Shapley Values: [32.008573989383876, 32.26831183411802, 32.10719911723088, 33.027303868594274, 31.962626203428947]
2024-12-06 09:52:51,103 INFO Banzhaf Values: [5.953270004829392, 5.913661086582579, 5.618765749735758, 6.239635536679998, 5.722458676085807]
2024-12-06 09:52:51,104 INFO Approximate Banzhaf Values Simple: [0.06808582719531842, 0.7347597922052955, 0.028797561099054292, 0.7807477144524455, 0.712976261973381]
2024-12-06 09:52:51,104 INFO Approximate Banzhaf Values Hessian: [2.072919159196317, 4.3483520383015275, 0.25456153880804777, 2.4859564826474525, 1.7885306454263628]
2024-12-06 09:52:51,108 INFO Pearson Correlation Between Shapley And Banzhaf Values: PearsonRResult(statistic=0.8237859256180093, pvalue=0.08641094897953412)
2024-12-06 09:52:51,111 INFO Pearson Correlation Between Shapley And Approximate Banzhaf Values Simple: PearsonRResult(statistic=0.5062306299923697, pvalue=0.38414631419287043)
2024-12-06 09:52:51,113 INFO Pearson Correlation Between Shapley And Approximate Banzhaf Values Hessian: PearsonRResult(statistic=0.26820838215907045, pvalue=0.6626461012192832)
2024-12-06 09:52:51,116 INFO Pearson Correlation Between Banzhaf And Approximate Banzhaf Values Simple: PearsonRResult(statistic=0.46202044801335973, pvalue=0.4333932709347906)
2024-12-06 09:52:51,118 INFO Pearson Correlation Between Banzhaf And Approximate Banzhaf Values Hessian: PearsonRResult(statistic=0.5254514055256492, pvalue=0.3631815763041332)
2024-12-06 09:52:51,119 INFO Actual Bad Clients: None
2024-12-06 09:52:51,119 INFO Total Run Time: 751.1249816417694
2024-12-06 10:36:49,459 INFO Number Of Clients: 5, Client Selection Fraction: 0.6, Local Epochs: 10, Batch Size: 128
2024-12-06 10:36:49,461 INFO Dataset: fmnist, Setting: IID, Number Of Rounds: 50
2024-12-06 10:36:49,461 INFO Test Accuracy Of Global Model: 91.43%
2024-12-06 10:36:49,462 INFO Shapley Values: [32.75703993414839, 32.71293692793698, 32.43219553468128, 32.015798321676755, 31.717881469428537]
2024-12-06 10:36:49,462 INFO Banzhaf Values: [6.270146816154011, 6.116831078543328, 6.056101789348759, 5.838818779098801, 5.5445634020725265]
2024-12-06 10:36:49,463 INFO Approximate Banzhaf Values Simple: [0.0601887273369357, 0.521008534298744, 0.6993617520201951, 0.07936083129607141, 0.6329837257508188]
2024-12-06 10:36:49,463 INFO Approximate Banzhaf Values Hessian: [1.0608578901737928, 2.002505552023649, 1.868762718513608, -0.8438207004219294, 1.3611477259546518]
2024-12-06 10:36:49,466 INFO Pearson Correlation Between Shapley And Banzhaf Values: PearsonRResult(statistic=0.9744732669453684, pvalue=0.004877045184027431)
2024-12-06 10:36:49,467 INFO Pearson Correlation Between Shapley And Approximate Banzhaf Values Simple: PearsonRResult(statistic=-0.1988868741437681, pvalue=0.7484488798784937)
2024-12-06 10:36:49,468 INFO Pearson Correlation Between Shapley And Approximate Banzhaf Values Hessian: PearsonRResult(statistic=0.4153213024812596, pvalue=0.4868187024266187)
2024-12-06 10:36:49,469 INFO Pearson Correlation Between Banzhaf And Approximate Banzhaf Values Simple: PearsonRResult(statistic=-0.33422452312976975, pvalue=0.5825131869038995)
2024-12-06 10:36:49,470 INFO Pearson Correlation Between Banzhaf And Approximate Banzhaf Values Hessian: PearsonRResult(statistic=0.2561371294801701, pvalue=0.6774779798689092)
2024-12-06 10:36:49,471 INFO Actual Bad Clients: None
2024-12-06 10:36:49,471 INFO Total Run Time: 769.3636603355408
---
2024-12-06 09:15:26,881 INFO Number Of Clients: 5, Client Selection Fraction: 0.6, Local Epochs: 10, Batch Size: 128
2024-12-06 09:15:26,883 INFO Dataset: fmnist, Setting: Non IID with 1 Bad Clients and 4 Categories Per Bad Client, Number Of Rounds: 50
2024-12-06 09:15:26,885 INFO Test Accuracy Of Global Model: 90.18%
2024-12-06 09:15:26,885 INFO Shapley Values: [-189.12130951951258, 75.06785306132707, 80.32029938961689, 115.9191992916943, 73.19131359830497]
2024-12-06 09:15:26,886 INFO Banzhaf Values: [-65.36339289046009, 40.60033757230849, 44.963620097056264, 72.65897385458811, 40.70950313148205]
2024-12-06 09:15:26,886 INFO Approximate Banzhaf Values Simple: [-0.6969971936196089, 0.41188926505856216, 0.9921202564728446, 1.1677100246306509, 1.2159772801678628]
2024-12-06 09:15:26,887 INFO Approximate Banzhaf Values Hessian: [-4.977210149168968, 8.790028437972069, 10.002254232764244, 13.766457287594676, 15.36401452217251]
2024-12-06 09:15:26,890 INFO Pearson Correlation Between Shapley And Banzhaf Values: PearsonRResult(statistic=0.9935443261515413, pvalue=0.0006220499115280453)
2024-12-06 09:15:26,892 INFO Pearson Correlation Between Shapley And Approximate Banzhaf Values Simple: PearsonRResult(statistic=0.9298625036049184, pvalue=0.022061583096717574)
2024-12-06 09:15:26,895 INFO Pearson Correlation Between Shapley And Approximate Banzhaf Values Hessian: PearsonRResult(statistic=0.947630969027936, pvalue=0.014272643322626214)
2024-12-06 09:15:26,898 INFO Pearson Correlation Between Banzhaf And Approximate Banzhaf Values Simple: PearsonRResult(statistic=0.9303902108875944, pvalue=0.021814835749329284)
2024-12-06 09:15:26,900 INFO Pearson Correlation Between Banzhaf And Approximate Banzhaf Values Hessian: PearsonRResult(statistic=0.9412812921426491, pvalue=0.01692918293480527)
2024-12-06 09:15:26,903 INFO Actual Bad Clients: [0]
2024-12-06 09:15:26,903 INFO Total Run Time: 331.33030581474304
2024-12-06 09:58:26,706 INFO Number Of Clients: 5, Client Selection Fraction: 0.6, Local Epochs: 10, Batch Size: 128
2024-12-06 09:58:26,707 INFO Dataset: fmnist, Setting: Non IID with 1 Bad Clients and 4 Categories Per Bad Client, Number Of Rounds: 50
2024-12-06 09:58:26,708 INFO Test Accuracy Of Global Model: 87.48%
2024-12-06 09:58:26,708 INFO Shapley Values: [69.6389703008346, 62.612035999664414, 124.049915706863, 70.52598355071, -177.69728668984024]
2024-12-06 09:58:26,709 INFO Banzhaf Values: [32.42448018467985, 26.930690153501928, 67.61290700349491, 32.54008850327227, -54.10117130994331]
2024-12-06 09:58:26,709 INFO Approximate Banzhaf Values Simple: [0.679388667922467, 1.7802368910051882, 0.5054075727239251, 1.6221375749446452, -0.799069968983531]
2024-12-06 09:58:26,710 INFO Approximate Banzhaf Values Hessian: [21.16583213210106, 50.82486456632614, 31.428427793085575, 32.4088464602828, -20.1153464615345]
2024-12-06 09:58:26,715 INFO Pearson Correlation Between Shapley And Banzhaf Values: PearsonRResult(statistic=0.9875188268206486, pvalue=0.0016707144291622609)
2024-12-06 09:58:26,718 INFO Pearson Correlation Between Shapley And Approximate Banzhaf Values Simple: PearsonRResult(statistic=0.7430513645019636, pvalue=0.15018014686435327)
2024-12-06 09:58:26,720 INFO Pearson Correlation Between Shapley And Approximate Banzhaf Values Hessian: PearsonRResult(statistic=0.8741602977643912, pvalue=0.05256395513189635)
2024-12-06 09:58:26,722 INFO Pearson Correlation Between Banzhaf And Approximate Banzhaf Values Simple: PearsonRResult(statistic=0.6451724704256351, pvalue=0.23975846323353756)
2024-12-06 09:58:26,725 INFO Pearson Correlation Between Banzhaf And Approximate Banzhaf Values Hessian: PearsonRResult(statistic=0.8154454998117339, pvalue=0.09249476186501607)
2024-12-06 09:58:26,725 INFO Actual Bad Clients: [4]
2024-12-06 09:58:26,727 INFO Total Run Time: 332.7736248970032
2024-12-06 10:42:27,336 INFO Number Of Clients: 5, Client Selection Fraction: 0.6, Local Epochs: 10, Batch Size: 128
2024-12-06 10:42:27,338 INFO Dataset: fmnist, Setting: Non IID with 1 Bad Clients and 4 Categories Per Bad Client, Number Of Rounds: 50
2024-12-06 10:42:27,340 INFO Test Accuracy Of Global Model: 90.4%
2024-12-06 10:42:27,341 INFO Shapley Values: [17.19892079786708, 125.0317750830824, 64.91172153316438, -168.85204700566828, 118.32865287736055]
2024-12-06 10:42:27,341 INFO Banzhaf Values: [-8.950780641636811, 69.30948481813539, 27.48482593416702, -55.79335384827573, 67.40951195487287]
2024-12-06 10:42:27,342 INFO Approximate Banzhaf Values Simple: [1.0782965061953291, 0.8065373071294744, 1.4898462039418519, -0.6465841543395072, 1.5937475143000484]
2024-12-06 10:42:27,343 INFO Approximate Banzhaf Values Hessian: [77.53079763427377, 26.494566969573498, 48.4287448450923, -13.274312984198332, 26.343122884631157]
2024-12-06 10:42:27,349 INFO Pearson Correlation Between Shapley And Banzhaf Values: PearsonRResult(statistic=0.9613693027368451, pvalue=0.009061497951239046)
2024-12-06 10:42:27,351 INFO Pearson Correlation Between Shapley And Approximate Banzhaf Values Simple: PearsonRResult(statistic=0.8729281411107109, pvalue=0.053327574390769995)
2024-12-06 10:42:27,352 INFO Pearson Correlation Between Shapley And Approximate Banzhaf Values Hessian: PearsonRResult(statistic=0.4968213146875914, pvalue=0.3945109243697774)
2024-12-06 10:42:27,354 INFO Pearson Correlation Between Banzhaf And Approximate Banzhaf Values Simple: PearsonRResult(statistic=0.7540496885315549, pvalue=0.14089497891807615)
2024-12-06 10:42:27,355 INFO Pearson Correlation Between Banzhaf And Approximate Banzhaf Values Hessian: PearsonRResult(statistic=0.23918539669253439, pvalue=0.6983889110252279)
2024-12-06 10:42:27,356 INFO Actual Bad Clients: [3]
2024-12-06 10:42:27,356 INFO Total Run Time: 334.97666597366333
---
2024-12-06 09:27:48,078 INFO Number Of Clients: 5, Client Selection Fraction: 0.6, Local Epochs: 10, Batch Size: 128
2024-12-06 09:27:48,079 INFO Dataset: fmnist, Setting: Mislabeled with 1 Bad Clients and 60.0% Bad Samples Per Bad Client, Number Of Rounds: 50
2024-12-06 09:27:48,080 INFO Test Accuracy Of Global Model: 90.47%
2024-12-06 09:27:48,080 INFO Shapley Values: [40.426002588123076, 40.348076413385584, 1.4891030682871735, 39.94067244914672, 39.336577367968864]
2024-12-06 09:27:48,081 INFO Banzhaf Values: [10.732434941804968, 10.47252479067538, -8.227887132321484, 10.109966554562561, 10.331147723947652]
2024-12-06 09:27:48,081 INFO Approximate Banzhaf Values Simple: [0.7192253675311804, 0.1151680777547881, -0.04002827388467267, 0.7077322859840933, 0.7376555876689963]
2024-12-06 09:27:48,081 INFO Approximate Banzhaf Values Hessian: [4.444803219288588, 1.2011367846280336, -65.48736214637756, 4.976191204041243, 2.1311396035016514]
2024-12-06 09:27:48,085 INFO Pearson Correlation Between Shapley And Banzhaf Values: PearsonRResult(statistic=0.999717931776299, pvalue=5.686522041869658e-06)
2024-12-06 09:27:48,088 INFO Pearson Correlation Between Shapley And Approximate Banzhaf Values Simple: PearsonRResult(statistic=0.7117643577854877, pvalue=0.17751069276116513)
2024-12-06 09:27:48,090 INFO Pearson Correlation Between Shapley And Approximate Banzhaf Values Hessian: PearsonRResult(statistic=0.9985918993457493, pvalue=6.341509640998716e-05)
2024-12-06 09:27:48,091 INFO Pearson Correlation Between Banzhaf And Approximate Banzhaf Values Simple: PearsonRResult(statistic=0.7171676660675563, pvalue=0.17269719242757797)
2024-12-06 09:27:48,093 INFO Pearson Correlation Between Banzhaf And Approximate Banzhaf Values Hessian: PearsonRResult(statistic=0.998164001965978, pvalue=9.441098625782946e-05)
2024-12-06 09:27:48,094 INFO Actual Bad Clients: [2]
2024-12-06 09:27:48,095 INFO Total Run Time: 738.2977027893066
2024-12-06 10:11:04,107 INFO Number Of Clients: 5, Client Selection Fraction: 0.6, Local Epochs: 10, Batch Size: 128
2024-12-06 10:11:04,108 INFO Dataset: fmnist, Setting: Mislabeled with 1 Bad Clients and 60.0% Bad Samples Per Bad Client, Number Of Rounds: 50
2024-12-06 10:11:04,108 INFO Test Accuracy Of Global Model: 90.4%
2024-12-06 10:11:04,108 INFO Shapley Values: [1.7801855911190305, 48.50611712814617, 38.87444859494766, 38.131243971486896, 34.916496397306545]
2024-12-06 10:11:04,108 INFO Banzhaf Values: [-7.825471239048056, 17.916323284734972, 10.526289879227988, 10.003030550084077, 6.942638119566254]
2024-12-06 10:11:04,109 INFO Approximate Banzhaf Values Simple: [0.11142971273511648, 0.32849966594949365, 0.1955887187505141, 0.8830585971008986, 1.0847864686511457]
2024-12-06 10:11:04,109 INFO Approximate Banzhaf Values Hessian: [-76.61585032939911, -1.7606817707419395, 3.870413161814213, 5.807867323514074, -3.67978722602129]
2024-12-06 10:11:04,112 INFO Pearson Correlation Between Shapley And Banzhaf Values: PearsonRResult(statistic=0.9883362825601071, pvalue=0.001509482419804468)
2024-12-06 10:11:04,113 INFO Pearson Correlation Between Shapley And Approximate Banzhaf Values Simple: PearsonRResult(statistic=0.34749604931350286, pvalue=0.5666274483746899)
2024-12-06 10:11:04,114 INFO Pearson Correlation Between Shapley And Approximate Banzhaf Values Hessian: PearsonRResult(statistic=0.948131761549449, pvalue=0.014069480012667751)
2024-12-06 10:11:04,115 INFO Pearson Correlation Between Banzhaf And Approximate Banzhaf Values Simple: PearsonRResult(statistic=0.23485600957828529, pvalue=0.703744176674872)
2024-12-06 10:11:04,116 INFO Pearson Correlation Between Banzhaf And Approximate Banzhaf Values Hessian: PearsonRResult(statistic=0.8944912104735417, pvalue=0.04048287824211915)
2024-12-06 10:11:04,116 INFO Actual Bad Clients: [0]
2024-12-06 10:11:04,116 INFO Total Run Time: 754.6497421264648
2024-12-06 10:54:52,041 INFO Number Of Clients: 5, Client Selection Fraction: 0.6, Local Epochs: 10, Batch Size: 128
2024-12-06 10:54:52,042 INFO Dataset: fmnist, Setting: Mislabeled with 1 Bad Clients and 60.0% Bad Samples Per Bad Client, Number Of Rounds: 50
2024-12-06 10:54:52,042 INFO Test Accuracy Of Global Model: 90.55%
2024-12-06 10:54:52,042 INFO Shapley Values: [42.22157672367369, 31.18564142094305, 9.864977094903589, 35.73710126718506, 41.55621670180311]
2024-12-06 10:54:52,043 INFO Banzhaf Values: [13.02353746193694, 4.7287932859617285, -1.7523466260754503, 8.224707877321634, 12.659349406778347]
2024-12-06 10:54:52,043 INFO Approximate Banzhaf Values Simple: [0.3178118837531656, 0.9349848752608523, 0.21870920062065125, 1.1697178503964096, 0.1267444766126573]
2024-12-06 10:54:52,043 INFO Approximate Banzhaf Values Hessian: [1.7269529774785042, 10.426166049088351, -42.42063361406326, 1.6250107288360596, 3.5704427361488342]
2024-12-06 10:54:52,047 INFO Pearson Correlation Between Shapley And Banzhaf Values: PearsonRResult(statistic=0.9709423458035082, pvalue=0.005920012846783155)
2024-12-06 10:54:52,049 INFO Pearson Correlation Between Shapley And Approximate Banzhaf Values Simple: PearsonRResult(statistic=0.11777510556710499, pvalue=0.8503914755929969)
2024-12-06 10:54:52,052 INFO Pearson Correlation Between Shapley And Approximate Banzhaf Values Hessian: PearsonRResult(statistic=0.8825882892296987, pvalue=0.04743518388307229)
2024-12-06 10:54:52,054 INFO Pearson Correlation Between Banzhaf And Approximate Banzhaf Values Simple: PearsonRResult(statistic=-0.08847711451530554, pvalue=0.887494589857593)
2024-12-06 10:54:52,057 INFO Pearson Correlation Between Banzhaf And Approximate Banzhaf Values Hessian: PearsonRResult(statistic=0.7475469984216326, pvalue=0.14636378699875696)
2024-12-06 10:54:52,058 INFO Actual Bad Clients: [2]
2024-12-06 10:54:52,058 INFO Total Run Time: 741.8528380393982
---
2024-12-06 09:40:17,112 INFO Number Of Clients: 5, Client Selection Fraction: 0.6, Local Epochs: 10, Batch Size: 128
2024-12-06 09:40:17,114 INFO Dataset: fmnist, Setting: Noisy with 1 Bad Clients and 60.0% Bad Samples Per Bad Client, Number Of Rounds: 50
2024-12-06 09:40:17,114 INFO Test Accuracy Of Global Model: 90.71000000000001%
2024-12-06 09:40:17,114 INFO Shapley Values: [33.99746991960953, 34.91530976587286, 32.98209440695744, 24.374855977358912, 34.45682475237798]
2024-12-06 09:40:17,114 INFO Banzhaf Values: [6.9458222180837765, 8.110877591767348, 6.669592568534426, 2.2839279795298353, 7.690120987710543]
2024-12-06 09:40:17,115 INFO Approximate Banzhaf Values Simple: [0.07684999515186064, 0.6673192938324064, 0.6092323933262378, -0.01307417149655521, 0.6299969800747931]
2024-12-06 09:40:17,115 INFO Approximate Banzhaf Values Hessian: [2.9667569282464683, 5.444478677585721, 1.194003937765956, 90.9041365981102, 4.327434284612536]
2024-12-06 09:40:17,118 INFO Pearson Correlation Between Shapley And Banzhaf Values: PearsonRResult(statistic=0.9939248354424894, pvalue=0.0005679037932109933)
2024-12-06 09:40:17,119 INFO Pearson Correlation Between Shapley And Approximate Banzhaf Values Simple: PearsonRResult(statistic=0.6925073057800072, pvalue=0.19496811233993838)
2024-12-06 09:40:17,120 INFO Pearson Correlation Between Shapley And Approximate Banzhaf Values Hessian: PearsonRResult(statistic=-0.9793190463221726, pvalue=0.003559080876774653)
2024-12-06 09:40:17,121 INFO Pearson Correlation Between Banzhaf And Approximate Banzhaf Values Simple: PearsonRResult(statistic=0.7490975966738288, pvalue=0.1450541760339578)
2024-12-06 09:40:17,122 INFO Pearson Correlation Between Banzhaf And Approximate Banzhaf Values Hessian: PearsonRResult(statistic=-0.9588725594905245, pvalue=0.009950247667893047)
2024-12-06 09:40:17,123 INFO Actual Bad Clients: [3]
2024-12-06 09:40:17,123 INFO Total Run Time: 746.360463142395
2024-12-06 10:23:57,271 INFO Number Of Clients: 5, Client Selection Fraction: 0.6, Local Epochs: 10, Batch Size: 128
2024-12-06 10:23:57,285 INFO Dataset: fmnist, Setting: Noisy with 1 Bad Clients and 60.0% Bad Samples Per Bad Client, Number Of Rounds: 50
2024-12-06 10:23:57,285 INFO Test Accuracy Of Global Model: 91.33%
2024-12-06 10:23:57,286 INFO Shapley Values: [35.709637671088196, 33.92742515689073, 34.87266022510207, 25.107153361663226, 33.626166657777496]
2024-12-06 10:23:57,286 INFO Banzhaf Values: [8.125767602090491, 6.857122035842622, 7.583855232776841, 3.0006336555525195, 6.839464660180965]
2024-12-06 10:23:57,287 INFO Approximate Banzhaf Values Simple: [0.8190596875501797, 0.053771947510540485, 0.13500550063326955, 0.44775530183687806, 0.794411456619855]
2024-12-06 10:23:57,287 INFO Approximate Banzhaf Values Hessian: [2.3923248946666718, 9.297043520957232, 3.2944668671116233, 68.93653836846352, 8.07041677820962]
2024-12-06 10:23:57,294 INFO Pearson Correlation Between Shapley And Banzhaf Values: PearsonRResult(statistic=0.9966051601326458, pvalue=0.0002373239239708629)
2024-12-06 10:23:57,296 INFO Pearson Correlation Between Shapley And Approximate Banzhaf Values Simple: PearsonRResult(statistic=0.04495508603420298, pvalue=0.942780692055254)
2024-12-06 10:23:57,299 INFO Pearson Correlation Between Shapley And Approximate Banzhaf Values Hessian: PearsonRResult(statistic=-0.9947493402287119, pvalue=0.000456364999525085)
2024-12-06 10:23:57,302 INFO Pearson Correlation Between Banzhaf And Approximate Banzhaf Values Simple: PearsonRResult(statistic=0.08378964447406488, pvalue=0.8934406761543374)
2024-12-06 10:23:57,305 INFO Pearson Correlation Between Banzhaf And Approximate Banzhaf Values Hessian: PearsonRResult(statistic=-0.9851309920509282, pvalue=0.002171630058468223)
2024-12-06 10:23:57,305 INFO Actual Bad Clients: [3]
2024-12-06 10:23:57,306 INFO Total Run Time: 770.4408187866211
2024-12-06 11:07:50,533 INFO Number Of Clients: 5, Client Selection Fraction: 0.6, Local Epochs: 10, Batch Size: 128
2024-12-06 11:07:50,534 INFO Dataset: fmnist, Setting: Noisy with 1 Bad Clients and 60.0% Bad Samples Per Bad Client, Number Of Rounds: 50
2024-12-06 11:07:50,535 INFO Test Accuracy Of Global Model: 91.55%
2024-12-06 11:07:50,536 INFO Shapley Values: [34.8331243417381, 26.634158956337103, 34.48876213862871, 33.9453557594524, 33.389024774994084]
2024-12-06 11:07:50,536 INFO Banzhaf Values: [7.161011706863064, 3.573253145616036, 7.057856020051986, 7.051580295374151, 6.786919945792761]
2024-12-06 11:07:50,536 INFO Approximate Banzhaf Values Simple: [0.08245031314436346, -0.04609586135484278, 0.682114340364933, 0.6490729327779263, 0.6047702776268125]
2024-12-06 11:07:50,537 INFO Approximate Banzhaf Values Hessian: [13.450171970878728, 169.14190192520618, 29.850859784288332, 11.317276885267347, 6.584211538836826]
2024-12-06 11:07:50,541 INFO Pearson Correlation Between Shapley And Banzhaf Values: PearsonRResult(statistic=0.9963468662504109, pvalue=0.00026490740209901)
2024-12-06 11:07:50,542 INFO Pearson Correlation Between Shapley And Approximate Banzhaf Values Simple: PearsonRResult(statistic=0.6289350610798511, pvalue=0.2556939730214363)
2024-12-06 11:07:50,544 INFO Pearson Correlation Between Shapley And Approximate Banzhaf Values Hessian: PearsonRResult(statistic=-0.9673657626152102, pvalue=0.007042172260651494)
2024-12-06 11:07:50,545 INFO Pearson Correlation Between Banzhaf And Approximate Banzhaf Values Simple: PearsonRResult(statistic=0.6723867790875262, pvalue=0.21369228239281515)
2024-12-06 11:07:50,546 INFO Pearson Correlation Between Banzhaf And Approximate Banzhaf Values Hessian: PearsonRResult(statistic=-0.9828861447191869, pvalue=0.0026806346385602176)
2024-12-06 11:07:50,546 INFO Actual Bad Clients: [1]
2024-12-06 11:07:50,547 INFO Total Run Time: 775.6122801303864
