IID:


NON-IID:
2024-11-16 13:45:03,721 INFO Number Of Clients: 5, Client Selection Fraction: 0.6, Local Epochs: 3, Batch Size: 256
2024-11-16 13:45:03,721 INFO Dataset: fmnist, Setting: 1 Bad Clients with 4 Categories Per Bad Client, Number Of Rounds: 5
2024-11-16 13:45:03,722 INFO Test Accuracy Of Global Model: 88.13%
2024-11-16 13:45:03,722 INFO Shapley Values: [112.45970532906554, 79.39760346449914, -182.14257655429347, 102.6360016892354, 46.9197795017312]
2024-11-16 13:45:03,722 INFO Banzhaf Values: [56.13222016976215, 35.79251783643849, -71.88545708893798, 53.904515887377784, -0.17033947887830436]
2024-11-16 13:45:03,722 INFO Approximate Banzhaf Values Simple: [-0.24149284837767482, -0.6932436891365796, 0.26309011224657297, -0.38412243872880936, -0.3453683132538572]
2024-11-16 13:45:03,723 INFO Approximate Banzhaf Values Hessian: [-0.5883091986179352, -190.56483164429665, 185.0321627855301, -54.61166191101074, -4.182621315121651]
2024-11-16 13:45:03,725 INFO Pearson Correlation Between Shapley And Banzhaf Values: PearsonRResult(statistic=0.9730507574714038, pvalue=0.005289203708714958)
2024-11-16 13:45:03,726 INFO Pearson Correlation Between Shapley And Approximate Banzhaf Values Simple: PearsonRResult(statistic=-0.8310056753799432, pvalue=0.08124839301919942)
2024-11-16 13:45:03,728 INFO Pearson Correlation Between Shapley And Approximate Banzhaf Values Hessian: PearsonRResult(statistic=-0.7982628973955915, pvalue=0.10541764351965584)
2024-11-16 13:45:03,729 INFO Pearson Correlation Between Banzhaf And Approximate Banzhaf Values Simple: PearsonRResult(statistic=-0.771570165327021, pvalue=0.12647132623352178)
2024-11-16 13:45:03,731 INFO Pearson Correlation Between Banzhaf And Approximate Banzhaf Values Hessian: PearsonRResult(statistic=-0.7684532808114085, pvalue=0.12900336698083573)
2024-11-16 13:45:03,731 INFO Average Difference Between Banzhaf Values Simple And Hessian: 86.61045389056672
2024-11-16 13:45:03,731 INFO Total Run Time: 307.30526185035706

2024-11-16 13:57:43,980 INFO Number Of Clients: 5, Client Selection Fraction: 0.6, Local Epochs: 3, Batch Size: 256
2024-11-16 13:57:43,987 INFO Dataset: fmnist, Setting: 1 Bad Clients with 4 Categories Per Bad Client, Number Of Rounds: 10
2024-11-16 13:57:43,988 INFO Test Accuracy Of Global Model: 69.14%
2024-11-16 13:57:43,988 INFO Shapley Values: [98.94811120840411, -225.56808622715369, 82.4844181297968, 139.69871175934873, 39.94887680398921]
2024-11-16 13:57:43,990 INFO Banzhaf Values: [55.34394442290068, -93.87022776342928, 43.11044646706432, 75.65268835006282, 5.32079893629998]
2024-11-16 13:57:43,990 INFO Approximate Banzhaf Values Simple: [-0.9854284063912928, 0.19280367926694453, -1.230938839027658, -1.6376133733429015, -0.8552731443196535]
2024-11-16 13:57:43,990 INFO Approximate Banzhaf Values Hessian: [-315.89289262890816, 221.40531266480684, -427.8919515609741, -1046.8376016616821, -279.3536856174469]
2024-11-16 13:57:43,994 INFO Pearson Correlation Between Shapley And Banzhaf Values: PearsonRResult(statistic=0.9885117864587186, pvalue=0.0014755801365154793)
2024-11-16 13:57:43,996 INFO Pearson Correlation Between Shapley And Approximate Banzhaf Values Simple: PearsonRResult(statistic=-0.9646436559393106, pvalue=0.00793812868612875)
2024-11-16 13:57:43,998 INFO Pearson Correlation Between Shapley And Approximate Banzhaf Values Hessian: PearsonRResult(statistic=-0.8468890886759054, pvalue=0.07024389008138401)
2024-11-16 13:57:43,999 INFO Pearson Correlation Between Banzhaf And Approximate Banzhaf Values Simple: PearsonRResult(statistic=-0.9667851004421342, pvalue=0.007230321623498996)
2024-11-16 13:57:44,001 INFO Pearson Correlation Between Banzhaf And Approximate Banzhaf Values Hessian: PearsonRResult(statistic=-0.8687944159476961, pvalue=0.055914568584190964)
2024-11-16 13:57:44,002 INFO Average Difference Between Banzhaf Values Simple And Hessian: 457.29587733829396
2024-11-16 13:57:44,002 INFO Total Run Time: 567.3087725639343



MISLABELLED:



NOISY: