IID:
2024-11-24 15:28:31,127 INFO Number Of Clients: 5, Client Selection Fraction: 0.6, Local Epochs: 10, Batch Size: 128
2024-11-24 15:28:31,129 INFO Dataset: fmnist, Setting: IID, Number Of Rounds: 50
2024-11-24 15:28:31,129 INFO Test Accuracy Of Global Model: 92.54%
2024-11-24 15:28:31,130 INFO Shapley Values: [0.4204662466997901, 0.41221933284898604, 0.42073529059986275, 0.4147076395933827, 0.4118109953701496]
2024-11-24 15:28:31,130 INFO Banzhaf Values: [0.08177148955967278, 0.07086388794202357, 0.07453210498113186, 0.07283568809162824, 0.07582346937451509]
2024-11-24 15:28:31,131 INFO Approximate Banzhaf Values Simple: [0.03964725468540564, 0.28842306751175784, 0.2942552915774286, 0.07647273410111666, 0.2688984939304646]
2024-11-24 15:28:31,131 INFO Approximate Banzhaf Values Hessian: [-0.12026221584528685, -0.03529619635082781, 0.7049229629337788, 0.18799981742631644, 0.09939905069768429]
2024-11-24 15:28:31,137 INFO Pearson Correlation Between Shapley And Banzhaf Values: PearsonRResult(statistic=0.5971497787527503, pvalue=0.2876640606205261)
2024-11-24 15:28:31,139 INFO Pearson Correlation Between Shapley And Approximate Banzhaf Values Simple: PearsonRResult(statistic=-0.33759826994957504, pvalue=0.5784672026694091)
2024-11-24 15:28:31,142 INFO Pearson Correlation Between Shapley And Approximate Banzhaf Values Hessian: PearsonRResult(statistic=0.4058351396599721, pvalue=0.4978318133676808)
2024-11-24 15:28:31,144 INFO Pearson Correlation Between Banzhaf And Approximate Banzhaf Values Simple: PearsonRResult(statistic=-0.5653257772826591, pvalue=0.3206330348289089)
2024-11-24 15:28:31,146 INFO Pearson Correlation Between Banzhaf And Approximate Banzhaf Values Hessian: PearsonRResult(statistic=-0.27339128004125296, pvalue=0.6562936087459427)
2024-11-24 15:28:31,147 INFO Actual Bad Clients: None
2024-11-24 15:28:31,147 INFO Identified Bad Clients Simple: [4, 2, 1]
2024-11-24 15:28:31,148 INFO Identified Bad Clients Hessian: [4, 2, 3]
2024-11-24 15:28:31,148 INFO Bad Client Accuracy Simple: 0.0
2024-11-24 15:28:31,150 INFO Bad Client Accuracy Hessian: 0.0
2024-11-24 15:28:31,151 INFO Total Run Time: 632.4410629272461
2024-11-24 16:09:28,260 INFO Number Of Clients: 5, Client Selection Fraction: 0.6, Local Epochs: 10, Batch Size: 128
2024-11-24 16:09:28,261 INFO Dataset: fmnist, Setting: IID, Number Of Rounds: 50
2024-11-24 16:09:28,261 INFO Test Accuracy Of Global Model: 92.54%
2024-11-24 16:09:28,262 INFO Shapley Values: [0.4190919301183026, 0.40251710728988055, 0.40936847221463923, 0.4195633742075165, 0.4062581866948307]
2024-11-24 16:09:28,262 INFO Banzhaf Values: [0.08055872433418408, 0.07464169871350751, 0.07581764598200098, 0.07769969288418067, 0.0751209555066191]
2024-11-24 16:09:28,262 INFO Approximate Banzhaf Values Simple: [0.25205463054589927, 0.04086542114964686, 0.2588057682150975, 0.24558089772472158, 0.03464314737357199]
2024-11-24 16:09:28,263 INFO Approximate Banzhaf Values Hessian: [0.04311145469546318, 0.07735212310217321, 0.17869866825640202, 0.31329083791933954, 0.12789281411096454]
2024-11-24 16:09:28,268 INFO Pearson Correlation Between Shapley And Banzhaf Values: PearsonRResult(statistic=0.8906814144261879, pvalue=0.042669950593186456)
2024-11-24 16:09:28,270 INFO Pearson Correlation Between Shapley And Approximate Banzhaf Values Simple: PearsonRResult(statistic=0.8070526759214813, pvalue=0.0987427607233426)
2024-11-24 16:09:28,272 INFO Pearson Correlation Between Shapley And Approximate Banzhaf Values Hessian: PearsonRResult(statistic=0.3736336464386221, pvalue=0.5355877622767673)
2024-11-24 16:09:28,274 INFO Pearson Correlation Between Banzhaf And Approximate Banzhaf Values Simple: PearsonRResult(statistic=0.6991073397368026, pvalue=0.18893257477825937)
2024-11-24 16:09:28,277 INFO Pearson Correlation Between Banzhaf And Approximate Banzhaf Values Hessian: PearsonRResult(statistic=-0.08753968630125156, pvalue=0.8886835291123607)
2024-11-24 16:09:28,277 INFO Actual Bad Clients: None
2024-11-24 16:09:28,277 INFO Identified Bad Clients Simple: [3, 0, 2]
2024-11-24 16:09:28,277 INFO Identified Bad Clients Hessian: [3, 2, 1, 4]
2024-11-24 16:09:28,278 INFO Bad Client Accuracy Simple: 0.0
2024-11-24 16:09:28,278 INFO Bad Client Accuracy Hessian: 0.0
2024-11-24 16:09:28,279 INFO Total Run Time: 584.772486448288
2024-11-24 16:49:41,363 INFO Number Of Clients: 5, Client Selection Fraction: 0.6, Local Epochs: 10, Batch Size: 128
2024-11-24 16:49:41,365 INFO Dataset: fmnist, Setting: IID, Number Of Rounds: 50
2024-11-24 16:49:41,366 INFO Test Accuracy Of Global Model: 92.25%
2024-11-24 16:49:41,366 INFO Shapley Values: [0.4176860234704615, 0.40292958608140556, 0.40560053313096367, 0.4209159057410558, 0.4145037088912726]
2024-11-24 16:49:41,367 INFO Banzhaf Values: [0.08057155334074052, 0.07292113683540376, 0.07421781230475752, 0.08119595631565901, 0.07515843154024332]
2024-11-24 16:49:41,367 INFO Approximate Banzhaf Values Simple: [0.2746850815601647, 0.05456279334612191, 0.2504716725088656, 0.07182669057510793, 0.2810068647377193]
2024-11-24 16:49:41,368 INFO Approximate Banzhaf Values Hessian: [-0.1801835303194821, -0.682262871414423, 0.5368244238197803, 1.164804422063753, -0.2617962509393692]
2024-11-24 16:49:41,373 INFO Pearson Correlation Between Shapley And Banzhaf Values: PearsonRResult(statistic=0.9160637822062475, pvalue=0.028821268191565323)
2024-11-24 16:49:41,375 INFO Pearson Correlation Between Shapley And Approximate Banzhaf Values Simple: PearsonRResult(statistic=0.14302277309333838, pvalue=0.818520500984523)
2024-11-24 16:49:41,378 INFO Pearson Correlation Between Shapley And Approximate Banzhaf Values Hessian: PearsonRResult(statistic=0.4959056234696346, pvalue=0.3955230543784709)
2024-11-24 16:49:41,380 INFO Pearson Correlation Between Banzhaf And Approximate Banzhaf Values Simple: PearsonRResult(statistic=0.011554921377634558, pvalue=0.9852881445580578)
2024-11-24 16:49:41,382 INFO Pearson Correlation Between Banzhaf And Approximate Banzhaf Values Hessian: PearsonRResult(statistic=0.549223548108866, pvalue=0.337656032838141)
2024-11-24 16:49:41,383 INFO Actual Bad Clients: None
2024-11-24 16:49:41,383 INFO Identified Bad Clients Simple: [0, 4, 2]
2024-11-24 16:49:41,383 INFO Identified Bad Clients Hessian: [2, 3]
2024-11-24 16:49:41,384 INFO Bad Client Accuracy Simple: 0.0
2024-11-24 16:49:41,385 INFO Bad Client Accuracy Hessian: 0.0
2024-11-24 16:49:41,385 INFO Total Run Time: 619.3775591850281



NON-IID:
2024-11-24 15:39:02,037 INFO Number Of Clients: 5, Client Selection Fraction: 0.6, Local Epochs: 10, Batch Size: 128
2024-11-24 15:39:02,039 INFO Dataset: fmnist, Setting: Non IID with 3 Bad Clients and 4 Categories Per Bad Client, Number Of Rounds: 50
2024-11-24 15:39:02,040 INFO Test Accuracy Of Global Model: 82.22%
2024-11-24 15:39:02,040 INFO Shapley Values: [2.764245969809095, 2.4214218757619457, -1.1596116916517416, -0.8608536171515785, -1.5414100956380368]
2024-11-24 15:39:02,041 INFO Banzhaf Values: [1.647038173175603, 1.367569892730564, -0.2918307571753859, -0.07656997969448567, -0.4832180724069476]
2024-11-24 15:39:02,041 INFO Approximate Banzhaf Values Simple: [3.3062344044446945, 2.1315798312425613, -0.03042986523360014, 2.4140160805545747, 0.9673166144639254]
2024-11-24 15:39:02,042 INFO Approximate Banzhaf Values Hessian: [531.740636728704, 262.6512328386307, -464.23766800016165, 444.7176269069314, -725.4113330841064]
2024-11-24 15:39:02,047 INFO Pearson Correlation Between Shapley And Banzhaf Values: PearsonRResult(statistic=0.998623750759052, pvalue=6.127591727646928e-05)
2024-11-24 15:39:02,050 INFO Pearson Correlation Between Shapley And Approximate Banzhaf Values Simple: PearsonRResult(statistic=0.7271252440592987, pvalue=0.1639272041957102)
2024-11-24 15:39:02,052 INFO Pearson Correlation Between Shapley And Approximate Banzhaf Values Hessian: PearsonRResult(statistic=0.7089323358349289, pvalue=0.18004866246971196)
2024-11-24 15:39:02,054 INFO Pearson Correlation Between Banzhaf And Approximate Banzhaf Values Simple: PearsonRResult(statistic=0.7538882945698516, pvalue=0.14102996944026022)
2024-11-24 15:39:02,057 INFO Pearson Correlation Between Banzhaf And Approximate Banzhaf Values Hessian: PearsonRResult(statistic=0.7356010972993035, pvalue=0.15656743150545638)
2024-11-24 15:39:02,057 INFO Actual Bad Clients: [2, 3, 4]
2024-11-24 15:39:02,058 INFO Identified Bad Clients Simple: [0, 3, 1]
2024-11-24 15:39:02,058 INFO Identified Bad Clients Hessian: [0, 3, 1]
2024-11-24 15:39:02,059 INFO Bad Client Accuracy Simple: 0.2
2024-11-24 15:39:02,059 INFO Bad Client Accuracy Hessian: 0.2
2024-11-24 15:39:02,059 INFO Total Run Time: 626.5637900829315
2024-11-24 16:18:07,543 INFO Number Of Clients: 5, Client Selection Fraction: 0.6, Local Epochs: 10, Batch Size: 128
2024-11-24 16:18:07,552 INFO Dataset: fmnist, Setting: Non IID with 3 Bad Clients and 4 Categories Per Bad Client, Number Of Rounds: 50
2024-11-24 16:18:07,553 INFO Test Accuracy Of Global Model: 81.41000000000001%
2024-11-24 16:18:07,553 INFO Shapley Values: [-1.3821348793657626, 2.7840541331299153, -1.0325542977881434, 2.5668369680670904, -1.3348210850767293]
2024-11-24 16:18:07,554 INFO Banzhaf Values: [-0.24467033871784807, 1.6214129564128819, -0.02620481055155396, 1.5580668052978812, -0.4463819340668619]
2024-11-24 16:18:07,554 INFO Approximate Banzhaf Values Simple: [-0.5718754567205906, 0.8801613375544548, 1.3559905365109444, 3.129798024892807, 1.7827062383294106]
2024-11-24 16:18:07,555 INFO Approximate Banzhaf Values Hessian: [-774.4058043956757, 61.52287292480469, 336.2845569252968, 283.61427567899227, 204.53135554865003]
2024-11-24 16:18:07,562 INFO Pearson Correlation Between Shapley And Banzhaf Values: PearsonRResult(statistic=0.9945747252848013, pvalue=0.0004793058372628892)
2024-11-24 16:18:07,564 INFO Pearson Correlation Between Shapley And Approximate Banzhaf Values Simple: PearsonRResult(statistic=0.46377956536285836, pvalue=0.4314079088018494)
2024-11-24 16:18:07,567 INFO Pearson Correlation Between Shapley And Approximate Banzhaf Values Hessian: PearsonRResult(statistic=0.33319515336990924, pvalue=0.5837486901129649)
2024-11-24 16:18:07,569 INFO Pearson Correlation Between Banzhaf And Approximate Banzhaf Values Simple: PearsonRResult(statistic=0.4347292642453933, pvalue=0.46445129997323104)
2024-11-24 16:18:07,572 INFO Pearson Correlation Between Banzhaf And Approximate Banzhaf Values Hessian: PearsonRResult(statistic=0.310947963269673, pvalue=0.6105646620950169)
2024-11-24 16:18:07,572 INFO Actual Bad Clients: [0, 2, 4]
2024-11-24 16:18:07,573 INFO Identified Bad Clients Simple: [3, 2, 4, 1]
2024-11-24 16:18:07,574 INFO Identified Bad Clients Hessian: [3, 2, 4]
2024-11-24 16:18:07,574 INFO Bad Client Accuracy Simple: 0.4
2024-11-24 16:18:07,575 INFO Bad Client Accuracy Hessian: 0.5
2024-11-24 16:18:07,575 INFO Total Run Time: 515.092541217804
2024-11-23 09:46:21,405 INFO Number Of Clients: 5, Client Selection Fraction: 0.6, Local Epochs: 3, Batch Size: 128
2024-11-23 09:46:21,406 INFO Dataset: fmnist, Setting: Non IID with 2 Bad Clients and 4 Categories Per Bad Client, Number Of Rounds: 50
2024-11-23 09:46:21,407 INFO Test Accuracy Of Global Model: 77.74%
2024-11-23 09:46:21,407 INFO Shapley Values: [2.550530026462016, 2.9394957128600163, 1.608403413929381, -0.07637913769412763, -5.47190190331387]
2024-11-23 09:46:21,408 INFO Banzhaf Values: [1.368580852245493, 1.730835862616217, 0.7436579130783213, 0.07240519039188517, -1.7565436082811097]
2024-11-23 09:46:21,408 INFO Approximate Banzhaf Values Simple: [1.5902489861473441, 2.0413112016394734, 3.101650968194008, 7.174449801445007, -0.6644587758928537]
2024-11-23 09:46:21,409 INFO Approximate Banzhaf Values Hessian: [170.96835041046143, 127.72032009065151, 206.4411232918501, 888.5266723632812, -810.2785697206855]
2024-11-23 09:46:21,412 INFO Pearson Correlation Between Shapley And Banzhaf Values: PearsonRResult(statistic=0.9892122019378777, pvalue=0.001342854809607879)
2024-11-23 09:46:21,414 INFO Pearson Correlation Between Shapley And Approximate Banzhaf Values Simple: PearsonRResult(statistic=0.3545963092581883, pvalue=0.558162483227321)
2024-11-23 09:46:21,417 INFO Pearson Correlation Between Shapley And Approximate Banzhaf Values Hessian: PearsonRResult(statistic=0.6405531455288309, pvalue=0.24426357629774842)
2024-11-23 09:46:21,419 INFO Pearson Correlation Between Banzhaf And Approximate Banzhaf Values Simple: PearsonRResult(statistic=0.25134081347533743, pvalue=0.683384971777599)
2024-11-23 09:46:21,421 INFO Pearson Correlation Between Banzhaf And Approximate Banzhaf Values Hessian: PearsonRResult(statistic=0.5532245885187652, pvalue=0.3334055868241629)
2024-11-23 09:46:21,422 INFO Actual Bad Clients: [3, 4]
2024-11-23 09:46:21,422 INFO Identified Bad Clients Simple: [1, 2, 3, 0]
2024-11-23 09:46:21,423 INFO Identified Bad Clients Hessian: [1, 2, 3, 0]
2024-11-23 09:46:21,423 INFO Bad Client Accuracy Simple: 0.2
2024-11-23 09:46:21,423 INFO Bad Client Accuracy Hessian: 0.2
2024-11-23 09:46:21,423 INFO Total Run Time: 352.73719906806946


MISLABELLED:
2024-11-24 15:48:15,687 INFO Number Of Clients: 5, Client Selection Fraction: 0.6, Local Epochs: 10, Batch Size: 128
2024-11-24 15:48:15,690 INFO Dataset: fmnist, Setting: Mislabeled with 3 Bad Clients and 60.0% Bad Samples Per Bad Client, Number Of Rounds: 50
2024-11-24 15:48:15,691 INFO Test Accuracy Of Global Model: 89.01%
2024-11-24 15:48:15,691 INFO Shapley Values: [0.10988047047038867, 0.5785885817794006, 0.2763685402868192, 0.2653705325144529, 0.6265597130455572]
2024-11-24 15:48:15,692 INFO Banzhaf Values: [-0.05016737621687354, 0.1793346497606486, 0.0632642466131598, 0.05352529260702431, 0.22524852916337545]
2024-11-24 15:48:15,692 INFO Approximate Banzhaf Values Simple: [-0.5048812739551067, 2.057238372042775, -0.5116029516793787, -0.2715681140325614, 0.7658563274890184]
2024-11-24 15:48:15,693 INFO Approximate Banzhaf Values Hessian: [-53.45666645467281, 150.47380530834198, -142.60784251987934, -51.40719820559025, 43.50419324636459]
2024-11-24 15:48:15,698 INFO Pearson Correlation Between Shapley And Banzhaf Values: PearsonRResult(statistic=0.990144346625941, pvalue=0.0011727863655131973)
2024-11-24 15:48:15,700 INFO Pearson Correlation Between Shapley And Approximate Banzhaf Values Simple: PearsonRResult(statistic=0.8433717848889188, pvalue=0.07263783321475345)
2024-11-24 15:48:15,706 INFO Pearson Correlation Between Shapley And Approximate Banzhaf Values Hessian: PearsonRResult(statistic=0.7603841086292717, pvalue=0.1356271106695108)
2024-11-24 15:48:15,709 INFO Pearson Correlation Between Banzhaf And Approximate Banzhaf Values Simple: PearsonRResult(statistic=0.7716907945005561, pvalue=0.12637363218427172)
2024-11-24 15:48:15,712 INFO Pearson Correlation Between Banzhaf And Approximate Banzhaf Values Hessian: PearsonRResult(statistic=0.670392790449689, pvalue=0.21557381591845354)
2024-11-24 15:48:15,712 INFO Actual Bad Clients: [3 2 0]
2024-11-24 15:48:15,713 INFO Identified Bad Clients Simple: [1, 4]
2024-11-24 15:48:15,714 INFO Identified Bad Clients Hessian: [1, 4]
2024-11-24 15:48:15,714 INFO Bad Client Accuracy Simple: 0.0
2024-11-24 15:48:15,715 INFO Bad Client Accuracy Hessian: 0.0
2024-11-24 15:48:15,715 INFO Total Run Time: 549.6463675498962
2024-11-24 16:28:09,896 INFO Number Of Clients: 5, Client Selection Fraction: 0.6, Local Epochs: 10, Batch Size: 128
2024-11-24 16:28:09,897 INFO Dataset: fmnist, Setting: Mislabeled with 3 Bad Clients and 60.0% Bad Samples Per Bad Client, Number Of Rounds: 50
2024-11-24 16:28:09,897 INFO Test Accuracy Of Global Model: 88.82%
2024-11-24 16:28:09,898 INFO Shapley Values: [0.08927544956902664, 0.710313892499606, 0.22486629505554834, 0.6703469846079747, 0.15134459063013392]
2024-11-24 16:28:09,898 INFO Banzhaf Values: [-0.06945786321274934, 0.1908603459712118, 0.033532957473024726, 0.25972860236652195, -0.02629268775470555]
2024-11-24 16:28:09,898 INFO Approximate Banzhaf Values Simple: [-0.6316800378262997, 1.6483458373695612, -0.5447189789265394, 2.0606980826705694, -0.3827231149189174]
2024-11-24 16:28:09,898 INFO Approximate Banzhaf Values Hessian: [-123.47960409522057, 78.94202718138695, -126.35237130522728, 224.5506438612938, -92.37087981402874]
2024-11-24 16:28:09,904 INFO Pearson Correlation Between Shapley And Banzhaf Values: PearsonRResult(statistic=0.9706324874612493, pvalue=0.006014675279305858)
2024-11-24 16:28:09,906 INFO Pearson Correlation Between Shapley And Approximate Banzhaf Values Simple: PearsonRResult(statistic=0.9753259645326618, pvalue=0.0046353252340134805)
2024-11-24 16:28:09,908 INFO Pearson Correlation Between Shapley And Approximate Banzhaf Values Hessian: PearsonRResult(statistic=0.9084029134784649, pvalue=0.03281690155555384)
2024-11-24 16:28:09,910 INFO Pearson Correlation Between Banzhaf And Approximate Banzhaf Values Simple: PearsonRResult(statistic=0.9662138756223839, pvalue=0.007416997615702014)
2024-11-24 16:28:09,913 INFO Pearson Correlation Between Banzhaf And Approximate Banzhaf Values Hessian: PearsonRResult(statistic=0.9463569115805404, pvalue=0.014793767751445858)
2024-11-24 16:28:09,913 INFO Actual Bad Clients: [4 0 2]
2024-11-24 16:28:09,914 INFO Identified Bad Clients Simple: [1, 3]
2024-11-24 16:28:09,914 INFO Identified Bad Clients Hessian: [1, 3]
2024-11-24 16:28:09,915 INFO Bad Client Accuracy Simple: 0.0
2024-11-24 16:28:09,915 INFO Bad Client Accuracy Hessian: 0.0
2024-11-24 16:28:09,915 INFO Total Run Time: 597.934045791626
2024-11-24 16:58:51,153 INFO Number Of Clients: 5, Client Selection Fraction: 0.6, Local Epochs: 10, Batch Size: 128
2024-11-24 16:58:51,154 INFO Dataset: fmnist, Setting: Mislabeled with 3 Bad Clients and 60.0% Bad Samples Per Bad Client, Number Of Rounds: 50
2024-11-24 16:58:51,156 INFO Test Accuracy Of Global Model: 88.91%
2024-11-24 16:58:51,156 INFO Shapley Values: [0.35776992856065437, 0.7137776035338641, 0.22129044734438266, 0.5068086770216627, 0.07043912363549076]
2024-11-24 16:58:51,157 INFO Banzhaf Values: [0.031693846038728955, 0.19529543081372974, 0.038013784665614364, 0.14802358098402618, -0.07353754469156266]
2024-11-24 16:58:51,157 INFO Approximate Banzhaf Values Simple: [-0.4146753968670964, 0.8617942184209824, -0.7614568937569857, 1.7426578775048256, -0.24978327751159668]
2024-11-24 16:58:51,158 INFO Approximate Banzhaf Values Hessian: [-71.60265730321407, 43.70112210512161, -135.58122593164444, 172.44827353954315, -37.25099757313728]
2024-11-24 16:58:51,163 INFO Pearson Correlation Between Shapley And Banzhaf Values: PearsonRResult(statistic=0.9655966943501395, pvalue=0.007620442208305653)
2024-11-24 16:58:51,166 INFO Pearson Correlation Between Shapley And Approximate Banzhaf Values Simple: PearsonRResult(statistic=0.6977566191239963, pvalue=0.1901633882531236)
2024-11-24 16:58:51,168 INFO Pearson Correlation Between Shapley And Approximate Banzhaf Values Hessian: PearsonRResult(statistic=0.5988023077224174, pvalue=0.2859776233974551)
2024-11-24 16:58:51,170 INFO Pearson Correlation Between Banzhaf And Approximate Banzhaf Values Simple: PearsonRResult(statistic=0.7329902961771209, pvalue=0.15882397752980165)
2024-11-24 16:58:51,173 INFO Pearson Correlation Between Banzhaf And Approximate Banzhaf Values Hessian: PearsonRResult(statistic=0.6223130265638269, pvalue=0.26227151226388595)
2024-11-24 16:58:51,173 INFO Actual Bad Clients: [4 2 0]
2024-11-24 16:58:51,174 INFO Identified Bad Clients Simple: [1, 3]
2024-11-24 16:58:51,175 INFO Identified Bad Clients Hessian: [1, 3]
2024-11-24 16:58:51,176 INFO Bad Client Accuracy Simple: 0.0
2024-11-24 16:58:51,176 INFO Bad Client Accuracy Hessian: 0.0
2024-11-24 16:58:51,177 INFO Total Run Time: 531.0841064453125

NOISY:
2024-11-24 15:59:39,526 INFO Number Of Clients: 5, Client Selection Fraction: 0.6, Local Epochs: 10, Batch Size: 128
2024-11-24 15:59:39,527 INFO Dataset: fmnist, Setting: Noisy with 3 Bad Clients and 60.0% Bad Samples Per Bad Client, Number Of Rounds: 50
2024-11-24 15:59:39,528 INFO Test Accuracy Of Global Model: 88.8%
2024-11-24 15:59:39,529 INFO Shapley Values: [0.4901489190791051, 0.34081229627370824, 0.4561079868231217, 0.2928310821000735, 0.39118949223995214]
2024-11-24 15:59:39,529 INFO Banzhaf Values: [0.12730072486065327, 0.0732830787304789, 0.10289785292856392, 0.041698360234871515, 0.09218633728362621]
2024-11-24 15:59:39,530 INFO Approximate Banzhaf Values Simple: [0.4960331548645627, 0.19565580447670072, 0.1621522344648838, 0.010814259992912412, 0.1240886757914268]
2024-11-24 15:59:39,530 INFO Approximate Banzhaf Values Hessian: [71.73201028816402, -13.791976690292358, 21.08659416437149, -48.82504388689995, -23.61671932041645]
2024-11-24 15:59:39,534 INFO Pearson Correlation Between Shapley And Banzhaf Values: PearsonRResult(statistic=0.975649168522435, pvalue=0.004544769409317885)
2024-11-24 15:59:39,536 INFO Pearson Correlation Between Shapley And Approximate Banzhaf Values Simple: PearsonRResult(statistic=0.7815888091606231, pvalue=0.11843492946607839)
2024-11-24 15:59:39,538 INFO Pearson Correlation Between Shapley And Approximate Banzhaf Values Hessian: PearsonRResult(statistic=0.9233876023240841, pvalue=0.02516098428437196)
2024-11-24 15:59:39,540 INFO Pearson Correlation Between Banzhaf And Approximate Banzhaf Values Simple: PearsonRResult(statistic=0.8412778564124587, pvalue=0.07407476380347526)
2024-11-24 15:59:39,541 INFO Pearson Correlation Between Banzhaf And Approximate Banzhaf Values Hessian: PearsonRResult(statistic=0.9156523491144404, pvalue=0.029031596210772774)
2024-11-24 15:59:39,542 INFO Actual Bad Clients: [4 3 1]
2024-11-24 15:59:39,543 INFO Identified Bad Clients Simple: [0, 1, 4, 2]
2024-11-24 15:59:39,543 INFO Identified Bad Clients Hessian: [0, 2]
2024-11-24 15:59:39,543 INFO Bad Client Accuracy Simple: 0.4
2024-11-24 15:59:39,544 INFO Bad Client Accuracy Hessian: 0.0
2024-11-24 15:59:39,544 INFO Total Run Time: 679.8632345199585
2024-11-24 16:39:17,914 INFO Number Of Clients: 5, Client Selection Fraction: 0.6, Local Epochs: 10, Batch Size: 128
2024-11-24 16:39:17,916 INFO Dataset: fmnist, Setting: Noisy with 3 Bad Clients and 60.0% Bad Samples Per Bad Client, Number Of Rounds: 50
2024-11-24 16:39:17,916 INFO Test Accuracy Of Global Model: 90.94%
2024-11-24 16:39:17,917 INFO Shapley Values: [0.45884127260526036, 0.3889210305738449, 0.39737799653689077, 0.31869471958160406, 0.4684111826109887]
2024-11-24 16:39:17,917 INFO Banzhaf Values: [0.11009727874733508, 0.0735076431248337, 0.0659385653886944, 0.03740394669510425, 0.10603337310589851]
2024-11-24 16:39:17,918 INFO Approximate Banzhaf Values Simple: [0.6122867385856807, 0.04583668685518205, 0.18956018495373428, -0.006520674796774983, 0.40454864350613207]
2024-11-24 16:39:17,918 INFO Approximate Banzhaf Values Hessian: [146.57070258259773, -106.7350612282753, -68.37875744700432, -97.44539076089859, 31.018049120903015]
2024-11-24 16:39:17,924 INFO Pearson Correlation Between Shapley And Banzhaf Values: PearsonRResult(statistic=0.9825568335239356, pvalue=0.002758241291604262)
2024-11-24 16:39:17,926 INFO Pearson Correlation Between Shapley And Approximate Banzhaf Values Simple: PearsonRResult(statistic=0.8829836328639049, pvalue=0.04719871440000185)
2024-11-24 16:39:17,929 INFO Pearson Correlation Between Shapley And Approximate Banzhaf Values Hessian: PearsonRResult(statistic=0.7927873076496924, pvalue=0.1096419238901118)
2024-11-24 16:39:17,932 INFO Pearson Correlation Between Banzhaf And Approximate Banzhaf Values Simple: PearsonRResult(statistic=0.9016184488822292, pvalue=0.036491300859930936)
2024-11-24 16:39:17,934 INFO Pearson Correlation Between Banzhaf And Approximate Banzhaf Values Hessian: PearsonRResult(statistic=0.84116531589357, pvalue=0.07415223991000924)
2024-11-24 16:39:17,935 INFO Actual Bad Clients: [2 1 3]
2024-11-24 16:39:17,936 INFO Identified Bad Clients Simple: [0, 4, 2]
2024-11-24 16:39:17,937 INFO Identified Bad Clients Hessian: [0, 4]
2024-11-24 16:39:17,937 INFO Bad Client Accuracy Simple: 0.2
2024-11-24 16:39:17,938 INFO Bad Client Accuracy Hessian: 0.0
2024-11-24 16:39:17,938 INFO Total Run Time: 663.9771573543549
2024-11-23 10:12:33,423 INFO Number Of Clients: 5, Client Selection Fraction: 0.6, Local Epochs: 3, Batch Size: 128
2024-11-23 10:12:33,425 INFO Dataset: fmnist, Setting: Noisy with 2 Bad Clients and 50.0% Bad Samples Per Bad Client, Number Of Rounds: 50
2024-11-23 10:12:33,425 INFO Test Accuracy Of Global Model: 91.99000000000001%
2024-11-23 10:12:33,426 INFO Shapley Values: [0.4159222784738367, 0.4116107541553057, 0.42847880944926303, 0.42437734928044196, 0.41556006628541897]
2024-11-23 10:12:33,426 INFO Banzhaf Values: [0.07176254453270231, 0.0708587004313478, 0.07881249157825952, 0.07786527069609148, 0.07201411510019097]
2024-11-23 10:12:33,427 INFO Approximate Banzhaf Values Simple: [0.23380939872004092, 0.23018192284507677, 0.11438518622890115, 0.05307591980090365, 0.18919433426344767]
2024-11-23 10:12:33,427 INFO Approximate Banzhaf Values Hessian: [0.518104811606463, 0.495502095669508, -1.3738278907258064, 0.6073408933589235, 0.24199336068704724]
2024-11-23 10:12:33,437 INFO Pearson Correlation Between Shapley And Banzhaf Values: PearsonRResult(statistic=0.9827148041283187, pvalue=0.0027209218922214498)
2024-11-23 10:12:33,439 INFO Pearson Correlation Between Shapley And Approximate Banzhaf Values Simple: PearsonRResult(statistic=-0.8482521278494219, pvalue=0.06932290432635219)
2024-11-23 10:12:33,442 INFO Pearson Correlation Between Shapley And Approximate Banzhaf Values Hessian: PearsonRResult(statistic=-0.6852986982906942, pvalue=0.20162097188885247)
2024-11-23 10:12:33,444 INFO Pearson Correlation Between Banzhaf And Approximate Banzhaf Values Simple: PearsonRResult(statistic=-0.9160228240912383, pvalue=0.028842184277160444)
2024-11-23 10:12:33,446 INFO Pearson Correlation Between Banzhaf And Approximate Banzhaf Values Hessian: PearsonRResult(statistic=-0.6050216706200199, pvalue=0.2796540411599161)
2024-11-23 10:12:33,448 INFO Actual Bad Clients: [2 1]
2024-11-23 10:12:33,448 INFO Identified Bad Clients Simple: [4, 1, 0, 2]
2024-11-23 10:12:33,448 INFO Identified Bad Clients Hessian: [1, 0, 3]
2024-11-23 10:12:33,449 INFO Bad Client Accuracy Simple: 0.5
2024-11-23 10:12:33,450 INFO Bad Client Accuracy Hessian: 0.25
2024-11-23 10:12:33,450 INFO Total Run Time: 798.8699951171875
