root@644331458af1:/workspace/FLPyTorch/src# cat retraining_resnet_1_metrics.log
2024-12-03 12:44:25,491 INFO Number Of Clients: 10, Client Selection Fraction: 0.6, Local Epochs: 10, Batch Size: 128, Learning Rate: 0.01
2024-12-03 12:44:25,492 INFO Dataset: resnet, Setting: Non IID with 2 Bad Clients and 4 Categories Per Bad Client, Number Of Rounds: 50
2024-12-03 12:44:25,493 INFO Test Accuracy Before Retraining: 73.41, Test Loss Before Retraining: 63.921443939208984, in 2.1039822101593018s
2024-12-03 12:44:25,494 INFO Test Accuracy After Retraining: 76.92, Test Loss After Retraining: 59.57309564948082, in 2.12585186958313s
2024-12-03 12:44:25,494 INFO Banzhaf Values Simple: defaultdict(<class 'float'>, {5: -1.278413321590051, 4: 0.6871474261861295, 2: 0.6727533955127001, 3: 0.9868683380773291, 8: 0.37653805688023567, 6: -1.1280872337520123, 7: 0.6516568803344853, 0: 0.8351876065135002, 9: 0.8102489486336708, 1: 0.6340923821553588})
2024-12-03 12:44:25,495 INFO Banzhaf Values Hessian: defaultdict(<class 'float'>, {5: -51.135689187794924, 4: 52.4654218647629, 2: 83.65543939173222, 3: 88.80183489993215, 8: 32.38919352553785, 6: -47.13971561565995, 7: 96.33823625743389, 0: 100.3195773884654, 9: 50.73026466369629, 1: 57.66260665655136})
2024-12-03 12:44:25,496 INFO Actual Bad Clients: [5, 6]
2024-12-03 12:44:25,496 INFO Predicted Bad Clients Simple: [5, 6]
2024-12-03 12:44:25,497 INFO Predicted Bad Clients Hessian: [5, 6]
2024-12-03 12:44:25,497 INFO Bad Client Accuracy Simple: 1.0
2024-12-03 12:44:25,498 INFO Bad Client Accuracy Hessian: 1.0
2024-12-03 14:39:19,519 INFO Number Of Clients: 10, Client Selection Fraction: 0.6, Local Epochs: 10, Batch Size: 128, Learning Rate: 0.01
2024-12-03 14:39:19,523 INFO Dataset: resnet, Setting: Non IID with 4 Bad Clients and 4 Categories Per Bad Client, Number Of Rounds: 50
2024-12-03 14:39:19,524 INFO Test Accuracy Before Retraining: 47.83, Test Loss Before Retraining: 131.30982112884521, in 2.098432779312134s
2024-12-03 14:39:19,524 INFO Test Accuracy After Retraining: 62.21, Test Loss After Retraining: 103.25390845537186, in 2.103407859802246s
2024-12-03 14:39:19,524 INFO Banzhaf Values Simple: defaultdict(<class 'float'>, {7: 2.3408891297876835, 4: 2.1162419384345412, 0: -2.564198825042695, 3: 2.7334283739328384, 6: -1.449317033868283, 5: 2.5656492514535785, 8: 1.9863956961780787, 9: -1.8699098825454712, 2: 2.356483280658722, 1: -2.447822332382202})
2024-12-03 14:39:19,525 INFO Banzhaf Values Hessian: defaultdict(<class 'float'>, {7: 156.69664683192968, 4: 234.4740590059664, 0: -18.214096011128277, 3: 447.22821901366115, 6: -12.544162939768285, 5: 334.9282024828717, 8: 367.86529552936554, 9: -8.367357909679413, 2: 348.93421602249146, 1: 16.13875523209572})
2024-12-03 14:39:19,526 INFO Actual Bad Clients: [0, 1, 6, 9]
2024-12-03 14:39:19,526 INFO Predicted Bad Clients Simple: [0, 6, 9, 1]
2024-12-03 14:39:19,526 INFO Predicted Bad Clients Hessian: [0, 6, 9]
2024-12-03 14:39:19,527 INFO Bad Client Accuracy Simple: 1.0
2024-12-03 14:39:19,527 INFO Bad Client Accuracy Hessian: 0.75
2024-12-03 16:36:54,047 INFO Number Of Clients: 10, Client Selection Fraction: 0.6, Local Epochs: 10, Batch Size: 128, Learning Rate: 0.01
2024-12-03 16:36:54,049 INFO Dataset: resnet, Setting: Non IID with 6 Bad Clients and 4 Categories Per Bad Client, Number Of Rounds: 50
2024-12-03 16:36:54,049 INFO Test Accuracy Before Retraining: 36.95, Test Loss Before Retraining: 224.56220984458923, in 2.096694231033325s
2024-12-03 16:36:54,050 INFO Test Accuracy After Retraining: 35.94, Test Loss After Retraining: 213.96060228347778, in 2.137699842453003s
2024-12-03 16:36:54,051 INFO Banzhaf Values Simple: defaultdict(<class 'float'>, {6: -4.348269599955529, 9: -4.353978821076453, 2: -4.093569871969521, 0: 7.269338460639119, 4: -2.993187701329589, 1: -3.6373480991460383, 3: 5.603396765887737, 5: 6.32089751213789, 8: 6.891494497656822, 7: -2.2108102664351463})
2024-12-03 16:36:54,052 INFO Banzhaf Values Hessian: defaultdict(<class 'float'>, {6: 49.967150152195245, 9: 193.9039213480428, 2: 56.036926849745214, 0: 389.9900281894952, 4: 48.49021044746041, 1: 46.52681227168068, 3: 239.75231516361237, 5: 311.57880359888077, 8: 729.6624257564545, 7: 68.1089346408844})
2024-12-03 16:36:54,053 INFO Actual Bad Clients: [1, 2, 4, 6, 7, 9]
2024-12-03 16:36:54,054 INFO Predicted Bad Clients Simple: [6, 9, 2, 4, 1, 7]
2024-12-03 16:36:54,054 INFO Predicted Bad Clients Hessian: []
2024-12-03 16:36:54,055 INFO Bad Client Accuracy Simple: 1.0
2024-12-03 16:36:54,056 INFO Bad Client Accuracy Hessian: 0.0
2024-12-03 18:15:47,197 INFO Number Of Clients: 10, Client Selection Fraction: 0.6, Local Epochs: 10, Batch Size: 128, Learning Rate: 0.01
2024-12-03 18:15:47,198 INFO Dataset: resnet, Setting: Non IID with 8 Bad Clients and 4 Categories Per Bad Client, Number Of Rounds: 50
2024-12-03 18:15:47,198 INFO Test Accuracy Before Retraining: 32.519999999999996, Test Loss Before Retraining: 305.17947268486023, in 2.1099743843078613s
2024-12-03 18:15:47,199 INFO Test Accuracy After Retraining: 31.919999999999998, Test Loss After Retraining: 328.60023307800293, in 2.1025731563568115s
2024-12-03 18:15:47,199 INFO Banzhaf Values Simple: defaultdict(<class 'float'>, {2: -0.4931317463051528, 6: -1.565596364904195, 4: -0.3914659763686359, 8: 0.12866347935050726, 0: 0.03744156798347831, 9: -1.2074521502945572, 1: -0.08543424122035503, 3: 4.759903579950333, 5: 4.745269924402237, 7: 0.09620897751301527})
2024-12-03 18:15:47,200 INFO Banzhaf Values Hessian: defaultdict(<class 'float'>, {2: 135.77766063739546, 6: 78.7127869981341, 4: 0.22569270664826035, 8: 42.25942162470892, 0: 22.989779032301158, 9: 41.607437810627744, 1: 19.91833321750164, 3: 303.06283593177795, 5: 309.59244084358215, 7: -21.21836257353425})
2024-12-03 18:15:47,207 INFO Actual Bad Clients: [0, 1, 2, 4, 6, 7, 8, 9]
2024-12-03 18:15:47,208 INFO Predicted Bad Clients Simple: [2, 6, 4, 9, 1]
2024-12-03 18:15:47,209 INFO Predicted Bad Clients Hessian: [7]
2024-12-03 18:15:47,209 INFO Bad Client Accuracy Simple: 0.625
2024-12-03 18:15:47,210 INFO Bad Client Accuracy Hessian: 0.125
2024-12-03 20:01:18,300 INFO Number Of Clients: 10, Client Selection Fraction: 0.6, Local Epochs: 10, Batch Size: 128, Learning Rate: 0.01
2024-12-03 20:01:18,308 INFO Dataset: resnet, Setting: Non IID with 10 Bad Clients and 4 Categories Per Bad Client, Number Of Rounds: 50
2024-12-03 20:01:18,308 INFO Test Accuracy Before Retraining: 37.059999999999995, Test Loss Before Retraining: 408.4372589588165, in 2.090672492980957s
2024-12-03 20:01:18,309 INFO Test Accuracy After Retraining: 37.169999999999995, Test Loss After Retraining: 435.946581363678, in 2.1214706897735596s
2024-12-03 20:01:18,309 INFO Banzhaf Values Simple: defaultdict(<class 'float'>, {5: 0.6990168364718556, 1: -0.8577785678207874, 9: 0.6691327206790447, 2: 0.4682248155004345, 6: 0.5734754111617804, 7: 1.2722932463511825, 8: 1.3134156574960798, 4: 0.5554810501635075, 0: 0.5761443423107266, 3: 0.1805032016709447})
2024-12-03 20:01:18,309 INFO Banzhaf Values Hessian: defaultdict(<class 'float'>, {5: -1.2849881341680884, 1: 180.77779393736273, 9: 173.7608597241342, 2: 81.08577544987202, 6: 82.69757854193449, 7: 140.08379948325455, 8: 153.45134654641151, 4: -0.011835575103759766, 0: 29.894912362098694, 3: 85.59185230731964})
2024-12-03 20:01:18,309 INFO Actual Bad Clients: [0, 1, 2, 3, 4, 5, 6, 7, 8, 9]
2024-12-03 20:01:18,310 INFO Predicted Bad Clients Simple: [1]
2024-12-03 20:01:18,310 INFO Predicted Bad Clients Hessian: [5, 4]
2024-12-03 20:01:18,311 INFO Bad Client Accuracy Simple: 0.1
2024-12-03 20:01:18,311 INFO Bad Client Accuracy Hessian: 0.2
root@644331458af1:/workspace/FLPyTorch/src# cat retraining_resnet_2_metrics.log
2024-12-03 13:31:18,197 INFO Number Of Clients: 10, Client Selection Fraction: 0.6, Local Epochs: 10, Batch Size: 128, Learning Rate: 0.01
2024-12-03 13:31:18,199 INFO Dataset: resnet, Setting: Mislabeled with 2 Bad Clients and 60.0% Bad Samples Per Bad Client, Number Of Rounds: 50
2024-12-03 13:31:18,199 INFO Test Accuracy Before Retraining: 70.97, Test Loss Before Retraining: 72.91676044464111, in 2.092299461364746s
2024-12-03 13:31:18,200 INFO Test Accuracy After Retraining: 80.25999999999999, Test Loss After Retraining: 59.560217529535294, in 2.0685272216796875s
2024-12-03 13:31:18,209 INFO Banzhaf Values Simple: defaultdict(<class 'float'>, {9: 0.43143156834412366, 7: 0.22289482364431024, 6: 0.24894151114858687, 0: 0.09660674259066582, 5: 0.22904596535954624, 4: 0.24050774239003658, 3: -1.1996646095067263, 2: -0.7131551373749971, 8: 0.1444626071024686, 1: 0.051734774839133024})
2024-12-03 13:31:18,210 INFO Banzhaf Values Hessian: defaultdict(<class 'float'>, {9: 255.80371206253767, 7: 177.16904184035957, 6: 140.91962503641844, 0: 50.94636535458267, 5: 111.45145146176219, 4: 148.53087994083762, 3: -621.1870366409421, 2: -249.9194633513689, 8: 88.5071429759264, 1: 22.157085224986076})
2024-12-03 13:31:18,211 INFO Actual Bad Clients: [3 2]
2024-12-03 13:31:18,212 INFO Predicted Bad Clients Simple: [3, 2]
2024-12-03 13:31:18,212 INFO Predicted Bad Clients Hessian: [3, 2]
2024-12-03 13:31:18,213 INFO Bad Client Accuracy Simple: 1.0
2024-12-03 13:31:18,213 INFO Bad Client Accuracy Hessian: 1.0
2024-12-03 15:21:59,721 INFO Number Of Clients: 10, Client Selection Fraction: 0.6, Local Epochs: 10, Batch Size: 128, Learning Rate: 0.01
2024-12-03 15:21:59,729 INFO Dataset: resnet, Setting: Mislabeled with 4 Bad Clients and 60.0% Bad Samples Per Bad Client, Number Of Rounds: 50
2024-12-03 15:21:59,729 INFO Test Accuracy Before Retraining: 58.489999999999995, Test Loss Before Retraining: 99.18326842784882, in 2.1014134883880615s
2024-12-03 15:21:59,730 INFO Test Accuracy After Retraining: 79.42, Test Loss After Retraining: 67.79348987340927, in 2.0918190479278564s
2024-12-03 15:21:59,730 INFO Banzhaf Values Simple: defaultdict(<class 'float'>, {6: -0.8864140817895532, 0: 0.4792551753780572, 9: -0.698159271851182, 4: 0.24218098353594542, 7: -0.8212269283249043, 3: -0.4051950917346403, 1: 0.718978627002798, 8: 0.3686301718771574, 2: 0.7082756211748347, 5: 0.8208762500435114})
2024-12-03 15:21:59,731 INFO Banzhaf Values Hessian: defaultdict(<class 'float'>, {6: -357.94241925515234, 0: 234.37940597653505, 9: -293.3516094237566, 4: 121.42221602611244, 7: -393.10614840019844, 3: -194.69704531366006, 1: 523.8945367347333, 8: 209.582657089828, 2: 362.7551484614378, 5: 467.62736761569977})
2024-12-03 15:21:59,731 INFO Actual Bad Clients: [9 7 3 6]
2024-12-03 15:21:59,731 INFO Predicted Bad Clients Simple: [6, 9, 7, 3]
2024-12-03 15:21:59,732 INFO Predicted Bad Clients Hessian: [6, 9, 7, 3]
2024-12-03 15:21:59,732 INFO Bad Client Accuracy Simple: 1.0
2024-12-03 15:21:59,732 INFO Bad Client Accuracy Hessian: 1.0
2024-12-03 17:14:57,608 INFO Number Of Clients: 10, Client Selection Fraction: 0.6, Local Epochs: 10, Batch Size: 128, Learning Rate: 0.01
2024-12-03 17:14:57,611 INFO Dataset: resnet, Setting: Mislabeled with 6 Bad Clients and 60.0% Bad Samples Per Bad Client, Number Of Rounds: 50
2024-12-03 17:14:57,611 INFO Test Accuracy Before Retraining: 57.08, Test Loss Before Retraining: 102.92698454856873, in 2.094872236251831s
2024-12-03 17:14:57,612 INFO Test Accuracy After Retraining: 76.49000000000001, Test Loss After Retraining: 81.32337230443954, in 2.074589729309082s
2024-12-03 17:14:57,613 INFO Banzhaf Values Simple: defaultdict(<class 'float'>, {7: -0.8270689331693575, 9: -0.3774410393089056, 2: 0.8926604691660032, 3: -0.4737893381388858, 6: 1.3617661505704746, 1: 0.9130029348016251, 4: 0.9530508607858792, 5: -0.8540666506160051, 0: -0.8386751934885979, 8: -0.7565052192658186})
2024-12-03 17:14:57,614 INFO Banzhaf Values Hessian: defaultdict(<class 'float'>, {7: -265.14134341746103, 9: -98.44823077041656, 2: 202.9432592962985, 3: -232.94441766303498, 6: 788.2290126052394, 1: 359.292700424121, 4: 391.404385633592, 5: -297.0663536544889, 0: -208.87779097259045, 8: -220.7131024301052})
2024-12-03 17:14:57,615 INFO Actual Bad Clients: [7 9 3 0 8 5]
2024-12-03 17:14:57,616 INFO Predicted Bad Clients Simple: [7, 9, 3, 5, 0, 8]
2024-12-03 17:14:57,616 INFO Predicted Bad Clients Hessian: [7, 9, 3, 5, 0, 8]
2024-12-03 17:14:57,617 INFO Bad Client Accuracy Simple: 1.0
2024-12-03 17:14:57,618 INFO Bad Client Accuracy Hessian: 1.0
2024-12-03 18:54:19,848 INFO Number Of Clients: 10, Client Selection Fraction: 0.6, Local Epochs: 10, Batch Size: 128, Learning Rate: 0.01
2024-12-03 18:54:19,849 INFO Dataset: resnet, Setting: Mislabeled with 8 Bad Clients and 60.0% Bad Samples Per Bad Client, Number Of Rounds: 50
2024-12-03 18:54:19,850 INFO Test Accuracy Before Retraining: 41.63, Test Loss Before Retraining: 143.02549815177917, in 2.0888826847076416s
2024-12-03 18:54:19,851 INFO Test Accuracy After Retraining: 69.1, Test Loss After Retraining: 94.16661062836647, in 2.086564540863037s
2024-12-03 18:54:19,852 INFO Banzhaf Values Simple: defaultdict(<class 'float'>, {0: -0.18059556442312896, 2: 0.019304338085930794, 8: 1.4513928079977632, 9: 0.7363880416960455, 5: -0.17416015500202775, 3: -0.4636848629452288, 7: -0.17292189080035314, 4: -0.177958358428441, 6: -0.14441624778555706, 1: -0.2580948234535754})
2024-12-03 18:54:19,852 INFO Banzhaf Values Hessian: defaultdict(<class 'float'>, {0: -154.5986224641092, 2: -10.789326812911895, 8: 284.64434036565945, 9: 120.92741539471899, 5: 105.20104118366726, 3: -78.92188814096153, 7: -113.16367734456435, 4: -4.26459393161349, 6: 88.17877670365851, 1: -40.88824464101344})
2024-12-03 18:54:19,853 INFO Actual Bad Clients: [1 2 5 3 0 7 6 4]
2024-12-03 18:54:19,854 INFO Predicted Bad Clients Simple: [0, 5, 3, 7, 4, 6, 1]
2024-12-03 18:54:19,854 INFO Predicted Bad Clients Hessian: [0, 2, 3, 7, 4, 1]
2024-12-03 18:54:19,855 INFO Bad Client Accuracy Simple: 0.875
2024-12-03 18:54:19,855 INFO Bad Client Accuracy Hessian: 0.75
2024-12-03 20:43:47,704 INFO Number Of Clients: 10, Client Selection Fraction: 0.6, Local Epochs: 10, Batch Size: 128, Learning Rate: 0.01
2024-12-03 20:43:47,708 INFO Dataset: resnet, Setting: Mislabeled with 10 Bad Clients and 60.0% Bad Samples Per Bad Client, Number Of Rounds: 50
2024-12-03 20:43:47,709 INFO Test Accuracy Before Retraining: 26.939999999999998, Test Loss Before Retraining: 196.70136427879333, in 2.096390724182129s
2024-12-03 20:43:47,709 INFO Test Accuracy After Retraining: 27.889999999999997, Test Loss After Retraining: 208.62780022621155, in 2.1128835678100586s
2024-12-03 20:43:47,710 INFO Banzhaf Values Simple: defaultdict(<class 'float'>, {3: -0.07963830641165259, 1: -0.04481929214671254, 5: 0.024856440199073404, 2: -0.029793340363539755, 6: -0.044310389435850084, 7: -0.029005773278186098, 0: -0.046680058068886865, 4: -0.05298206571023911, 8: -0.02678199904039502, 9: -0.10461649671196938})
2024-12-03 20:43:47,711 INFO Banzhaf Values Hessian: defaultdict(<class 'float'>, {3: 35.547937330644345, 1: 6.26932609686628, 5: 19.74421754226205, 2: 3.339638192090206, 6: -0.7223448447766714, 7: 27.69133541069459, 0: 24.688207351257006, 4: -1.0444340795802418, 8: -16.221694147912785, 9: -5.801429510116577})
2024-12-03 20:43:47,712 INFO Actual Bad Clients: [8 1 3 6 4 5 0 9 7 2]
2024-12-03 20:43:47,712 INFO Predicted Bad Clients Simple: [3, 1, 2, 6, 7, 0, 4, 8, 9]
2024-12-03 20:43:47,712 INFO Predicted Bad Clients Hessian: [6, 4, 8, 9]
2024-12-03 20:43:47,713 INFO Bad Client Accuracy Simple: 0.9
2024-12-03 20:43:47,713 INFO Bad Client Accuracy Hessian: 0.4
root@644331458af1:/workspace/FLPyTorch/src# cat retraining_resnet_3_metrics.log
2024-12-03 14:18:08,652 INFO Number Of Clients: 10, Client Selection Fraction: 0.6, Local Epochs: 10, Batch Size: 128, Learning Rate: 0.01
2024-12-03 14:18:08,653 INFO Dataset: resnet, Setting: Noisy with 2 Bad Clients and 60.0% Bad Samples Per Bad Client, Number Of Rounds: 50
2024-12-03 14:18:08,653 INFO Test Accuracy Before Retraining: 75.96000000000001, Test Loss Before Retraining: 63.23350077867508, in 2.0888302326202393s
2024-12-03 14:18:08,653 INFO Test Accuracy After Retraining: 78.36999999999999, Test Loss After Retraining: 62.82544472813606, in 2.056366205215454s
2024-12-03 14:18:08,654 INFO Banzhaf Values Simple: defaultdict(<class 'float'>, {3: 0.2593157538212836, 1: 0.16934595815837383, 4: 0.14217733521945775, 9: 0.153185028815642, 2: 0.20714568789117038, 7: 0.09871701768133789, 6: 0.23882763693109155, 0: 0.22479429899249226, 8: -0.665614390745759, 5: -0.7325930222868919})
2024-12-03 14:18:08,654 INFO Banzhaf Values Hessian: defaultdict(<class 'float'>, {3: 145.4266495052725, 1: 35.14417644403875, 4: 73.14576388895512, 9: 25.897394879721105, 2: 33.30432873405516, 7: 31.678650034591556, 6: 54.444276090711355, 0: 96.15576377790421, 8: -190.13104658201337, 5: -210.0347921848297})
2024-12-03 14:18:08,655 INFO Actual Bad Clients: [5 8]
2024-12-03 14:18:08,655 INFO Predicted Bad Clients Simple: [8, 5]
2024-12-03 14:18:08,655 INFO Predicted Bad Clients Hessian: [8, 5]
2024-12-03 14:18:08,656 INFO Bad Client Accuracy Simple: 1.0
2024-12-03 14:18:08,656 INFO Bad Client Accuracy Hessian: 1.0
2024-12-03 16:04:29,605 INFO Number Of Clients: 10, Client Selection Fraction: 0.6, Local Epochs: 10, Batch Size: 128, Learning Rate: 0.01
2024-12-03 16:04:29,613 INFO Dataset: resnet, Setting: Noisy with 4 Bad Clients and 60.0% Bad Samples Per Bad Client, Number Of Rounds: 50
2024-12-03 16:04:29,613 INFO Test Accuracy Before Retraining: 67.84, Test Loss Before Retraining: 86.00095957517624, in 2.132089614868164s
2024-12-03 16:04:29,614 INFO Test Accuracy After Retraining: 79.64, Test Loss After Retraining: 65.27678516507149, in 1.825822114944458s
2024-12-03 16:04:29,615 INFO Banzhaf Values Simple: defaultdict(<class 'float'>, {6: -1.8978091143071651, 8: 2.6951496093533933, 5: 2.1787867702078074, 4: 0.5587854178156704, 3: -2.145354261621833, 0: -1.9665405377745628, 9: 1.2299092300236225, 2: 1.169850429520011, 1: -2.0762200891040266, 7: 1.8431159118190408})
2024-12-03 16:04:29,615 INFO Banzhaf Values Hessian: defaultdict(<class 'float'>, {6: -1172.3242761152796, 8: 1677.3958747480065, 5: 1510.7246205415577, 4: 199.1267716176808, 3: -1444.0864317282103, 0: -1590.0655239000916, 9: 716.5595407877117, 2: 700.8258190271445, 1: -1554.0074962168, 7: 888.8957002162933})
2024-12-03 16:04:29,616 INFO Actual Bad Clients: [3 6 1 0]
2024-12-03 16:04:29,616 INFO Predicted Bad Clients Simple: [6, 3, 0, 1]
2024-12-03 16:04:29,617 INFO Predicted Bad Clients Hessian: [6, 3, 0, 1]
2024-12-03 16:04:29,617 INFO Bad Client Accuracy Simple: 1.0
2024-12-03 16:04:29,618 INFO Bad Client Accuracy Hessian: 1.0
2024-12-03 17:52:58,895 INFO Number Of Clients: 10, Client Selection Fraction: 0.6, Local Epochs: 10, Batch Size: 128, Learning Rate: 0.01
2024-12-03 17:52:58,896 INFO Dataset: resnet, Setting: Noisy with 6 Bad Clients and 60.0% Bad Samples Per Bad Client, Number Of Rounds: 50
2024-12-03 17:52:58,897 INFO Test Accuracy Before Retraining: 34.1, Test Loss Before Retraining: 217.17551469802856, in 2.0834169387817383s
2024-12-03 17:52:58,897 INFO Test Accuracy After Retraining: 77.49000000000001, Test Loss After Retraining: 75.39249128103256, in 2.077423334121704s
2024-12-03 17:52:58,897 INFO Banzhaf Values Simple: defaultdict(<class 'float'>, {4: -2.684365874622017, 3: -1.671096995472908, 2: 4.237236866727471, 6: 4.039797994773835, 5: -3.2182906130328774, 8: 4.155749868601561, 1: -2.487911832984537, 7: -2.3391434303484857, 0: 2.86551560042426, 9: -3.099883072078228})
2024-12-03 17:52:58,898 INFO Banzhaf Values Hessian: defaultdict(<class 'float'>, {4: -1981.1802459766623, 3: -717.2666788287461, 2: 2556.3744654618204, 6: 3063.252002852969, 5: -1341.2592401162256, 8: 2908.8381490297616, 1: -1601.517117400188, 7: -1025.0289581529796, 0: 1307.7850364334881, 9: -2152.1211481690407})
2024-12-03 17:52:58,898 INFO Actual Bad Clients: [4 9 1 7 5 3]
2024-12-03 17:52:58,898 INFO Predicted Bad Clients Simple: [4, 3, 5, 1, 7, 9]
2024-12-03 17:52:58,899 INFO Predicted Bad Clients Hessian: [4, 3, 5, 1, 7, 9]
2024-12-03 17:52:58,899 INFO Bad Client Accuracy Simple: 1.0
2024-12-03 17:52:58,899 INFO Bad Client Accuracy Hessian: 1.0
2024-12-03 19:32:19,431 INFO Number Of Clients: 10, Client Selection Fraction: 0.6, Local Epochs: 10, Batch Size: 128, Learning Rate: 0.01
2024-12-03 19:32:19,432 INFO Dataset: resnet, Setting: Noisy with 8 Bad Clients and 60.0% Bad Samples Per Bad Client, Number Of Rounds: 50
2024-12-03 19:32:19,433 INFO Test Accuracy Before Retraining: 21.17, Test Loss Before Retraining: 294.48585176467896, in 2.1063249111175537s
2024-12-03 19:32:19,433 INFO Test Accuracy After Retraining: 72.41, Test Loss After Retraining: 92.37330538034439, in 2.1315741539001465s
2024-12-03 19:32:19,434 INFO Banzhaf Values Simple: defaultdict(<class 'float'>, {8: -2.18558683199808, 3: -1.183703413233161, 6: 8.189186729490757, 0: -1.2952057207003236, 4: -0.8506288584321737, 9: 3.571621524170041, 1: -1.6161903776228428, 7: -1.2756042014807463, 2: -1.6875795344822109, 5: -0.5105112008750439})
2024-12-03 19:32:19,434 INFO Banzhaf Values Hessian: defaultdict(<class 'float'>, {8: -473.6924974913709, 3: -92.20557529618964, 6: 3990.809196873568, 0: -199.6600457439199, 4: -243.12103707902133, 9: 1107.7619791496545, 1: -145.90535915084183, 7: -391.70101764798164, 2: 37.570836081169546, 5: 339.4888807013631})
2024-12-03 19:32:19,436 INFO Actual Bad Clients: [1 5 4 0 3 7 8 2]
2024-12-03 19:32:19,436 INFO Predicted Bad Clients Simple: [8, 3, 0, 4, 1, 7, 2, 5]
2024-12-03 19:32:19,437 INFO Predicted Bad Clients Hessian: [8, 3, 0, 4, 1, 7]
2024-12-03 19:32:19,437 INFO Bad Client Accuracy Simple: 1.0
2024-12-03 19:32:19,438 INFO Bad Client Accuracy Hessian: 0.75
2024-12-03 21:35:05,604 INFO Number Of Clients: 10, Client Selection Fraction: 0.6, Local Epochs: 10, Batch Size: 128, Learning Rate: 0.01
2024-12-03 21:35:05,613 INFO Dataset: resnet, Setting: Noisy with 10 Bad Clients and 60.0% Bad Samples Per Bad Client, Number Of Rounds: 50
2024-12-03 21:35:05,614 INFO Test Accuracy Before Retraining: 12.29, Test Loss Before Retraining: 467.0945143699646, in 2.105384111404419s
2024-12-03 21:35:05,614 INFO Test Accuracy After Retraining: 11.31, Test Loss After Retraining: 522.0945105552673, in 2.215113878250122s
2024-12-03 21:35:05,614 INFO Banzhaf Values Simple: defaultdict(<class 'float'>, {0: -0.5139534937916324, 7: -0.7190633462741971, 3: 0.36573288030922413, 8: -0.2947877957485616, 1: 0.22085702139884233, 5: 0.15801565744914114, 2: -0.3978835381567478, 9: 1.1027868101373315, 6: -0.41411838633939624, 4: -0.40301746875047684})
2024-12-03 21:35:05,614 INFO Banzhaf Values Hessian: defaultdict(<class 'float'>, {0: 162.15182227268815, 7: -117.02195143001154, 3: 44.17613212950528, 8: 724.7985366471112, 1: 241.24608121067286, 5: 1199.4068945962936, 2: 88.48649105988443, 9: 699.666157127358, 6: 706.5398373100907, 4: 77.90786174312234})
2024-12-03 21:35:05,615 INFO Actual Bad Clients: [4 0 7 5 3 8 6 1 2 9]
2024-12-03 21:35:05,615 INFO Predicted Bad Clients Simple: [0, 7, 8, 2, 6, 4]
2024-12-03 21:35:05,616 INFO Predicted Bad Clients Hessian: [7]
2024-12-03 21:35:05,616 INFO Bad Client Accuracy Simple: 0.6
2024-12-03 21:35:05,616 INFO Bad Client Accuracy Hessian: 0.1
