2024-12-03 14:18:08,652 INFO Number Of Clients: 10, Client Selection Fraction: 0.6, Local Epochs: 10, Batch Size: 128, Learning Rate: 0.01
2024-12-03 14:18:08,653 INFO Dataset: resnet, Setting: Noisy with 2 Bad Clients and 60.0% Bad Samples Per Bad Client, Number Of Rounds: 50
2024-12-03 14:18:08,653 INFO Test Accuracy Before Retraining: 75.96000000000001, Test Loss Before Retraining: 63.23350077867508, in 2.0888302326202393s
2024-12-03 14:18:08,653 INFO Test Accuracy After Retraining: 78.36999999999999, Test Loss After Retraining: 62.82544472813606, in 2.056366205215454s
2024-12-03 14:18:08,654 INFO Banzhaf Values Simple: defaultdict(<class 'float'>, {3: 0.2593157538212836, 1: 0.16934595815837383, 4: 0.14217733521945775, 9: 0.153185028815642, 2: 0.20714568789117038, 7: 0.09871701768133789, 6: 0.23882763693109155, 0: 0.22479429899249226, 8: -0.665614390745759, 5: -0.7325930222868919})
2024-12-03 14:18:08,654 INFO Banzhaf Values Hessian: defaultdict(<class 'float'>, {3: 145.4266495052725, 1: 35.14417644403875, 4: 73.14576388895512, 9: 25.897394879721105, 2: 33.30432873405516, 7: 31.678650034591556, 6: 54.444276090711355, 0: 96.15576377790421, 8: -190.13104658201337, 5: -210.0347921848297})
2024-12-03 14:18:08,655 INFO Actual Bad Clients: [5 8]

2024-12-03 16:04:29,605 INFO Number Of Clients: 10, Client Selection Fraction: 0.6, Local Epochs: 10, Batch Size: 128, Learning Rate: 0.01
2024-12-03 16:04:29,613 INFO Dataset: resnet, Setting: Noisy with 4 Bad Clients and 60.0% Bad Samples Per Bad Client, Number Of Rounds: 50
2024-12-03 16:04:29,613 INFO Test Accuracy Before Retraining: 67.84, Test Loss Before Retraining: 86.00095957517624, in 2.132089614868164s
2024-12-03 16:04:29,614 INFO Test Accuracy After Retraining: 79.64, Test Loss After Retraining: 65.27678516507149, in 1.825822114944458s
2024-12-03 16:04:29,615 INFO Banzhaf Values Simple: defaultdict(<class 'float'>, {6: -1.8978091143071651, 8: 2.6951496093533933, 5: 2.1787867702078074, 4: 0.5587854178156704, 3: -2.145354261621833, 0: -1.9665405377745628, 9: 1.2299092300236225, 2: 1.169850429520011, 1: -2.0762200891040266, 7: 1.8431159118190408})
2024-12-03 16:04:29,615 INFO Banzhaf Values Hessian: defaultdict(<class 'float'>, {6: -1172.3242761152796, 8: 1677.3958747480065, 5: 1510.7246205415577, 4: 199.1267716176808, 3: -1444.0864317282103, 0: -1590.0655239000916, 9: 716.5595407877117, 2: 700.8258190271445, 1: -1554.0074962168, 7: 888.8957002162933})
2024-12-03 16:04:29,616 INFO Actual Bad Clients: [3 6 1 0]

2024-12-03 17:52:58,895 INFO Number Of Clients: 10, Client Selection Fraction: 0.6, Local Epochs: 10, Batch Size: 128, Learning Rate: 0.01
2024-12-03 17:52:58,896 INFO Dataset: resnet, Setting: Noisy with 6 Bad Clients and 60.0% Bad Samples Per Bad Client, Number Of Rounds: 50
2024-12-03 17:52:58,897 INFO Test Accuracy Before Retraining: 34.1, Test Loss Before Retraining: 217.17551469802856, in 2.0834169387817383s
2024-12-03 17:52:58,897 INFO Test Accuracy After Retraining: 77.49000000000001, Test Loss After Retraining: 75.39249128103256, in 2.077423334121704s
2024-12-03 17:52:58,897 INFO Banzhaf Values Simple: defaultdict(<class 'float'>, {4: -2.684365874622017, 3: -1.671096995472908, 2: 4.237236866727471, 6: 4.039797994773835, 5: -3.2182906130328774, 8: 4.155749868601561, 1: -2.487911832984537, 7: -2.3391434303484857, 0: 2.86551560042426, 9: -3.099883072078228})
2024-12-03 17:52:58,898 INFO Banzhaf Values Hessian: defaultdict(<class 'float'>, {4: -1981.1802459766623, 3: -717.2666788287461, 2: 2556.3744654618204, 6: 3063.252002852969, 5: -1341.2592401162256, 8: 2908.8381490297616, 1: -1601.517117400188, 7: -1025.0289581529796, 0: 1307.7850364334881, 9: -2152.1211481690407})
2024-12-03 17:52:58,898 INFO Actual Bad Clients: [4 9 1 7 5 3]

2024-12-03 19:32:19,431 INFO Number Of Clients: 10, Client Selection Fraction: 0.6, Local Epochs: 10, Batch Size: 128, Learning Rate: 0.01
2024-12-03 19:32:19,432 INFO Dataset: resnet, Setting: Noisy with 8 Bad Clients and 60.0% Bad Samples Per Bad Client, Number Of Rounds: 50
2024-12-03 19:32:19,433 INFO Test Accuracy Before Retraining: 21.17, Test Loss Before Retraining: 294.48585176467896, in 2.1063249111175537s
2024-12-03 19:32:19,433 INFO Test Accuracy After Retraining: 72.41, Test Loss After Retraining: 92.37330538034439, in 2.1315741539001465s
2024-12-03 19:32:19,434 INFO Banzhaf Values Simple: defaultdict(<class 'float'>, {8: -2.18558683199808, 3: -1.183703413233161, 6: 8.189186729490757, 0: -1.2952057207003236, 4: -0.8506288584321737, 9: 3.571621524170041, 1: -1.6161903776228428, 7: -1.2756042014807463, 2: -1.6875795344822109, 5: -0.5105112008750439})
2024-12-03 19:32:19,434 INFO Banzhaf Values Hessian: defaultdict(<class 'float'>, {8: -473.6924974913709, 3: -92.20557529618964, 6: 3990.809196873568, 0: -199.6600457439199, 4: -243.12103707902133, 9: 1107.7619791496545, 1: -145.90535915084183, 7: -391.70101764798164, 2: 37.570836081169546, 5: 339.4888807013631})
2024-12-03 19:32:19,436 INFO Actual Bad Clients: [1 5 4 0 3 7 8 2]
