2024-12-05 17:40:16,872 INFO Number Of Clients: 10, Client Selection Fraction: 0.6, Local Epochs: 10, Batch Size: 128, Learning Rate: 0.01
2024-12-05 17:40:16,874 INFO Dataset: resnet, Setting: Non IID with 2 Bad Clients and 4 Categories Per Bad Client, Number Of Rounds: 50
2024-12-05 17:40:16,875 INFO Test Accuracy Before Retraining: 68.53, Test Loss Before Retraining: 80.71156573295593, in 620.6659817695618s
2024-12-05 17:40:16,876 INFO Test Accuracy After Retraining: 74.65, Test Loss After Retraining: 64.99207291007042, in 497.9441428184509s
2024-12-05 17:40:16,877 INFO Banzhaf Values Simple: defaultdict(<class 'float'>, {7: -2.702389672398567, 3: -2.1625876193866134, 6: 1.7002540025860071, 1: 1.2388747222721577, 9: 1.4137502289377153, 2: 0.511564152315259, 4: 1.2409695936366916, 0: 0.5498089417815208, 5: 0.8356675310060382, 8: 0.24735158769180998})
2024-12-05 17:40:16,878 INFO Banzhaf Values Hessian: defaultdict(<class 'float'>, {7: -60.780872251838446, 3: -13.768422006629407, 6: 309.094425290823, 1: 268.8254216853529, 9: 242.38248882163316, 2: 45.629664193838835, 4: 189.48267364501953, 0: 229.87908399105072, 5: 185.48850393295288, 8: 45.573719412088394})
2024-12-05 17:40:16,879 INFO Actual Bad Clients: [3, 7]
2024-12-05 19:09:26,921 INFO Number Of Clients: 10, Client Selection Fraction: 0.6, Local Epochs: 10, Batch Size: 128, Learning Rate: 0.01
2024-12-05 19:09:26,922 INFO Dataset: resnet, Setting: Non IID with 2 Bad Clients and 6 Categories Per Bad Client, Number Of Rounds: 50
2024-12-05 19:09:26,922 INFO Test Accuracy Before Retraining: 77.56, Test Loss Before Retraining: 56.780085653066635, in 658.2281939983368s
2024-12-05 19:09:26,922 INFO Test Accuracy After Retraining: 77.24, Test Loss After Retraining: 62.88153252005577, in 492.8929913043976s
2024-12-05 19:09:26,922 INFO Banzhaf Values Simple: defaultdict(<class 'float'>, {1: 0.30952493753284216, 5: 0.2743911523139104, 6: 0.340732891112566, 2: -0.8176477300003171, 4: 0.18306004349142313, 0: 0.306763487868011, 7: 0.23984614992514253, 3: 0.2439034131821245, 9: 0.3617711463011801, 8: -0.49318860843777657})
2024-12-05 19:09:26,923 INFO Banzhaf Values Hessian: defaultdict(<class 'float'>, {1: 26.22213038057089, 5: 35.30335362628102, 6: 70.60476628877223, 2: -38.875385561957955, 4: 11.391433522105217, 0: 43.03081469424069, 7: 43.67785495519638, 3: 50.07298853993416, 9: 47.76760470867157, 8: -15.78269249200821})
2024-12-05 19:09:26,923 INFO Actual Bad Clients: [2, 8]
2024-12-05 20:46:10,884 INFO Number Of Clients: 10, Client Selection Fraction: 0.6, Local Epochs: 10, Batch Size: 128, Learning Rate: 0.01
2024-12-05 20:46:10,886 INFO Dataset: resnet, Setting: Non IID with 2 Bad Clients and 8 Categories Per Bad Client, Number Of Rounds: 50
2024-12-05 20:46:10,887 INFO Test Accuracy Before Retraining: 78.75, Test Loss Before Retraining: 56.80983743071556, in 782.2037065029144s
2024-12-05 20:46:10,887 INFO Test Accuracy After Retraining: 80.17999999999999, Test Loss After Retraining: 57.39108422398567, in 628.2462809085846s
2024-12-05 20:46:10,889 INFO Banzhaf Values Simple: defaultdict(<class 'float'>, {5: -0.3210027218738105, 2: 0.1925028138794005, 3: 0.08037489175330848, 1: 0.011382413445971906, 6: 0.0575279031181708, 4: 0.11455053568352014, 0: 0.11213229596614838, 8: -0.21029166178777814, 7: 0.06620292735169642, 9: 0.00749663142778445})
2024-12-05 20:46:10,890 INFO Banzhaf Values Hessian: defaultdict(<class 'float'>, {5: 21.71104172989726, 2: 53.484784146770835, 3: 18.131541769951582, 1: 11.02645954117179, 6: 11.70191664993763, 4: 39.2457059584558, 0: 38.66231519728899, 8: -3.3158312179148197, 7: 13.783955097198486, 9: 19.600593857467175})
2024-12-05 20:46:10,891 INFO Actual Bad Clients: [5, 8]
2024-12-05 22:14:50,920 INFO Number Of Clients: 10, Client Selection Fraction: 0.6, Local Epochs: 10, Batch Size: 128, Learning Rate: 0.01
2024-12-05 22:14:50,921 INFO Dataset: resnet, Setting: Non IID with 4 Bad Clients and 4 Categories Per Bad Client, Number Of Rounds: 50
2024-12-05 22:14:50,922 INFO Test Accuracy Before Retraining: 46.14, Test Loss Before Retraining: 141.6592719554901, in 661.6716732978821s
2024-12-05 22:14:50,924 INFO Test Accuracy After Retraining: 74.29, Test Loss After Retraining: 74.99766892194748, in 396.15371227264404s
2024-12-05 22:14:50,925 INFO Banzhaf Values Simple: defaultdict(<class 'float'>, {9: 1.7739700768142939, 0: -2.458012175746262, 5: 2.132394190877676, 4: 2.2159351985901594, 8: 2.1870235297828913, 1: -1.1561461994424462, 3: 2.2539286725223064, 7: 1.831266451627016, 2: -1.5554675087332726, 6: -1.472274199128151})
2024-12-05 22:14:50,926 INFO Banzhaf Values Hessian: defaultdict(<class 'float'>, {9: 54.89539144001901, 0: -26.53586099948734, 5: 203.0268979370594, 4: 229.76881792023778, 8: 143.4355916492641, 1: -12.729282629676163, 3: 376.8646826148033, 7: 118.03056120872498, 2: -20.611265420913696, 6: -18.16882763057947})
2024-12-05 22:14:50,927 INFO Actual Bad Clients: [0, 1, 2, 6]
2024-12-05 23:43:00,010 INFO Number Of Clients: 10, Client Selection Fraction: 0.6, Local Epochs: 10, Batch Size: 128, Learning Rate: 0.01
2024-12-05 23:43:00,012 INFO Dataset: resnet, Setting: Non IID with 4 Bad Clients and 6 Categories Per Bad Client, Number Of Rounds: 50
2024-12-05 23:43:00,012 INFO Test Accuracy Before Retraining: 57.769999999999996, Test Loss Before Retraining: 110.34727042913437, in 797.1988227367401s
2024-12-05 23:43:00,012 INFO Test Accuracy After Retraining: 76.59, Test Loss After Retraining: 64.19493693113327, in 535.6604635715485s
2024-12-05 23:43:00,013 INFO Banzhaf Values Simple: defaultdict(<class 'float'>, {2: 1.4904090464115143, 4: -1.0163264060392976, 3: 1.4611684139817953, 7: -1.795943632721901, 0: 1.3228846807032824, 6: -1.5027133096009493, 5: 1.5518015176057816, 1: -2.0266731830779463, 9: 1.5752009879797697, 8: 1.534665497019887})
2024-12-05 23:43:00,013 INFO Banzhaf Values Hessian: defaultdict(<class 'float'>, {2: 120.78347349353135, 4: -8.627926300279796, 3: 102.13897418230772, 7: -25.12989144399762, 0: 103.47717329114676, 6: -12.778713883832097, 5: 128.21677803993225, 1: -21.143317595124245, 9: 123.00225567817688, 8: 95.2751997411251})
2024-12-05 23:43:00,013 INFO Actual Bad Clients: [1, 4, 6, 7]
2024-12-06 01:09:51,496 INFO Number Of Clients: 10, Client Selection Fraction: 0.6, Local Epochs: 10, Batch Size: 128, Learning Rate: 0.01
2024-12-06 01:09:51,497 INFO Dataset: resnet, Setting: Non IID with 4 Bad Clients and 8 Categories Per Bad Client, Number Of Rounds: 50
2024-12-06 01:09:51,497 INFO Test Accuracy Before Retraining: 70.82000000000001, Test Loss Before Retraining: 76.44001913070679, in 756.0797441005707s
2024-12-06 01:09:51,497 INFO Test Accuracy After Retraining: 77.14, Test Loss After Retraining: 67.22348541021347, in 491.054514169693s
2024-12-06 01:09:51,498 INFO Banzhaf Values Simple: defaultdict(<class 'float'>, {7: -0.7096206545829773, 5: 0.6760110901523149, 6: 0.5173366889357567, 4: -0.6157328113913536, 8: -0.26573654846288264, 0: 0.4783322373405099, 9: 0.437144388910383, 2: 0.5441038655117154, 1: -0.5259645846672356, 3: 0.6004689270630479})
2024-12-06 01:09:51,498 INFO Banzhaf Values Hessian: defaultdict(<class 'float'>, {7: 3.129190132021904, 5: 37.66478446312249, 6: 16.74830289185047, 4: 3.4504109006375074, 8: 1.9592986609786749, 0: 18.899926559999585, 9: 16.62548914551735, 2: 26.590613141655922, 1: 2.1960050761699677, 3: 34.745645225048065})
2024-12-06 01:09:51,498 INFO Actual Bad Clients: [1, 4, 7, 8]
2024-12-06 02:30:45,605 INFO Number Of Clients: 10, Client Selection Fraction: 0.6, Local Epochs: 10, Batch Size: 128, Learning Rate: 0.01
2024-12-06 02:30:45,609 INFO Dataset: resnet, Setting: Non IID with 6 Bad Clients and 4 Categories Per Bad Client, Number Of Rounds: 50
2024-12-06 02:30:45,611 INFO Test Accuracy Before Retraining: 35.76, Test Loss Before Retraining: 230.06976628303528, in 702.7735545635223s
2024-12-06 02:30:45,611 INFO Test Accuracy After Retraining: 71.08, Test Loss After Retraining: 91.84871125221252, in 314.14397740364075s
2024-12-06 02:30:45,612 INFO Banzhaf Values Simple: defaultdict(<class 'float'>, {0: 3.8269855231046677, 2: -1.7307238110806793, 6: 5.4323988147079945, 3: -2.4021098781377077, 5: -2.2622946556657553, 1: -1.8803743741009384, 4: -1.7741666450165212, 8: 6.077426344156265, 7: -2.7362816762179136, 9: 3.690134644508362})
2024-12-06 02:30:45,614 INFO Banzhaf Values Hessian: defaultdict(<class 'float'>, {0: 238.71842122077942, 2: 28.86849798168987, 6: 420.651350710541, 3: 179.68385212682188, 5: 17.395119833759964, 1: -5.7536825723946095, 4: 21.995610497891903, 8: 400.22202801704407, 7: -45.847015023231506, 9: 175.03935861587524})
2024-12-06 02:30:45,615 INFO Actual Bad Clients: [1, 2, 3, 4, 5, 7]
2024-12-06 03:50:40,742 INFO Number Of Clients: 10, Client Selection Fraction: 0.6, Local Epochs: 10, Batch Size: 128, Learning Rate: 0.01
2024-12-06 03:50:40,744 INFO Dataset: resnet, Setting: Non IID with 6 Bad Clients and 6 Categories Per Bad Client, Number Of Rounds: 50
2024-12-06 03:50:40,745 INFO Test Accuracy Before Retraining: 55.36, Test Loss Before Retraining: 130.67769837379456, in 717.2942025661469s
2024-12-06 03:50:40,746 INFO Test Accuracy After Retraining: 73.28, Test Loss After Retraining: 84.36093157529831, in 323.93391942977905s
2024-12-06 03:50:40,747 INFO Banzhaf Values Simple: defaultdict(<class 'float'>, {1: 2.1773386634886265, 3: -0.7088716829894111, 7: -1.0106644704937935, 8: 1.7615088634192944, 4: 2.17204400151968, 2: -0.8433911316096783, 0: -1.7663249736651778, 9: 2.5160666294395924, 6: -1.6817104816436768, 5: -1.0004322119057178})
2024-12-06 03:50:40,748 INFO Banzhaf Values Hessian: defaultdict(<class 'float'>, {1: 168.1125711388886, 3: 3.4338014870882034, 7: -11.69550927169621, 8: 80.67676256224513, 4: 135.75839008390903, 2: -2.843614410609007, 0: -28.81385307945311, 9: 180.31857758760452, 6: -33.65440884232521, 5: -5.671370208263397})
2024-12-06 03:50:40,749 INFO Actual Bad Clients: [0, 2, 3, 5, 6, 7]
2024-12-06 05:14:53,573 INFO Number Of Clients: 10, Client Selection Fraction: 0.6, Local Epochs: 10, Batch Size: 128, Learning Rate: 0.01
2024-12-06 05:14:53,575 INFO Dataset: resnet, Setting: Non IID with 6 Bad Clients and 8 Categories Per Bad Client, Number Of Rounds: 50
2024-12-06 05:14:53,575 INFO Test Accuracy Before Retraining: 68.13, Test Loss Before Retraining: 100.81354135274887, in 765.9711518287659s
2024-12-06 05:14:53,576 INFO Test Accuracy After Retraining: 76.49000000000001, Test Loss After Retraining: 78.51244667172432, in 382.45619678497314s
2024-12-06 05:14:53,576 INFO Banzhaf Values Simple: defaultdict(<class 'float'>, {5: 0.9057771842926741, 2: -0.32971364725381136, 8: -0.45622667158022523, 3: 0.6254811454564333, 1: -0.1774033613037318, 0: 0.5307231470942497, 7: 0.6182952597737312, 9: -0.4858040357939899, 6: -0.24095686676446348, 4: -0.2245696703903377})
2024-12-06 05:14:53,577 INFO Banzhaf Values Hessian: defaultdict(<class 'float'>, {5: 45.222942762076855, 2: -0.43247057870030403, 8: 2.3058366999030113, 3: 16.407355904579163, 1: 10.402199532836676, 0: 23.857627158984542, 7: 18.707794490270317, 9: 3.157883405685425, 6: 15.123925268650055, 4: 1.2235879823565483})
2024-12-06 05:14:53,578 INFO Actual Bad Clients: [1, 2, 4, 6, 8, 9]
2024-12-06 06:30:39,478 INFO Number Of Clients: 10, Client Selection Fraction: 0.6, Local Epochs: 10, Batch Size: 128, Learning Rate: 0.01
2024-12-06 06:30:39,479 INFO Dataset: resnet, Setting: Non IID with 8 Bad Clients and 4 Categories Per Bad Client, Number Of Rounds: 50
2024-12-06 06:30:39,479 INFO Test Accuracy Before Retraining: 36.89, Test Loss Before Retraining: 311.72416472435, in 586.4683916568756s
2024-12-06 06:30:39,480 INFO Test Accuracy After Retraining: 62.57, Test Loss After Retraining: 152.03666353225708, in 212.40216875076294s
2024-12-06 06:30:39,480 INFO Banzhaf Values Simple: defaultdict(<class 'float'>, {6: 6.42542564496398, 0: -0.33181427977979183, 7: -0.4733639508485794, 5: -0.5585540626198053, 8: -0.6534607792273164, 2: -1.0678858058527112, 4: -1.120560790412128, 9: -0.36905922181904316, 1: -0.6149234734475613, 3: 5.756217420101166})
2024-12-06 06:30:39,481 INFO Banzhaf Values Hessian: defaultdict(<class 'float'>, {6: 112.49058450385928, 0: 74.38843980245292, 7: 49.58039644360542, 5: 150.12669989094138, 8: 84.71504088211805, 2: 39.15052694361657, 4: 1.2109978199005127, 9: -15.943610191345215, 1: 77.93805614113808, 3: 304.5591764450073})
2024-12-06 06:30:39,481 INFO Actual Bad Clients: [0, 1, 2, 4, 5, 7, 8, 9]
2024-12-06 07:53:30,888 INFO Number Of Clients: 10, Client Selection Fraction: 0.6, Local Epochs: 10, Batch Size: 128, Learning Rate: 0.01
2024-12-06 07:53:30,890 INFO Dataset: resnet, Setting: Non IID with 8 Bad Clients and 6 Categories Per Bad Client, Number Of Rounds: 50
2024-12-06 07:53:30,891 INFO Test Accuracy Before Retraining: 53.37, Test Loss Before Retraining: 243.18150901794434, in 999.7523210048676s
2024-12-06 07:53:30,892 INFO Test Accuracy After Retraining: 68.36, Test Loss After Retraining: 124.6271453499794, in 259.98298382759094s
2024-12-06 07:53:30,893 INFO Banzhaf Values Simple: defaultdict(<class 'float'>, {9: -0.7527892468497157, 6: 4.243532720953226, 0: -1.0361703406088054, 2: -0.39721556613221765, 3: -0.9263655506074429, 5: -0.9738465175032616, 7: -0.47250514617189765, 4: -1.1133468546904624, 8: 4.108049780130386, 1: -0.6673117069294676})
2024-12-06 07:53:30,893 INFO Banzhaf Values Hessian: defaultdict(<class 'float'>, {9: 13.670256447046995, 6: 324.78806846775115, 0: 38.669255496002734, 2: 5.488913784734905, 3: -1.1919394750148058, 5: -1.547736106440425, 7: 20.595459789037704, 4: 21.945008993148804, 8: 302.18827188014984, 1: 37.93759498000145})
2024-12-06 07:53:30,894 INFO Actual Bad Clients: [0, 1, 2, 3, 4, 5, 7, 9]
2024-12-06 09:14:07,420 INFO Number Of Clients: 10, Client Selection Fraction: 0.6, Local Epochs: 10, Batch Size: 128, Learning Rate: 0.01
2024-12-06 09:14:07,421 INFO Dataset: resnet, Setting: Non IID with 8 Bad Clients and 8 Categories Per Bad Client, Number Of Rounds: 50
2024-12-06 09:14:07,421 INFO Test Accuracy Before Retraining: 67.9, Test Loss Before Retraining: 159.81113064289093, in 857.1162667274475s
2024-12-06 09:14:07,422 INFO Test Accuracy After Retraining: 71.53, Test Loss After Retraining: 112.8995611667633, in 288.92369651794434s
2024-12-06 09:14:07,422 INFO Banzhaf Values Simple: defaultdict(<class 'float'>, {0: 1.6005977150052786, 6: -0.3036686039995402, 9: -0.274739779997617, 8: 0.9913684856146574, 2: 0.022149134427309036, 3: -0.16600217344239354, 5: -0.28967022080905735, 4: -0.06000217096880078, 1: -0.08595304365735501, 7: -0.05089089414104819})
2024-12-06 09:14:07,422 INFO Banzhaf Values Hessian: defaultdict(<class 'float'>, {0: 165.51027482934296, 6: -14.857610190287232, 9: 9.92152994684875, 8: 48.69953257404268, 2: 24.562151577323675, 3: 11.533207235857844, 5: -9.078968257643282, 4: 5.783783366903663, 1: 18.60393338650465, 7: 13.975463718175888})
2024-12-06 09:14:07,422 INFO Actual Bad Clients: [1, 2, 3, 4, 5, 6, 7, 9]
