2024-12-03 13:31:18,197 INFO Number Of Clients: 10, Client Selection Fraction: 0.6, Local Epochs: 10, Batch Size: 128, Learning Rate: 0.01
2024-12-03 13:31:18,199 INFO Dataset: resnet, Setting: Mislabeled with 2 Bad Clients and 60.0% Bad Samples Per Bad Client, Number Of Rounds: 50
2024-12-03 13:31:18,199 INFO Test Accuracy Before Retraining: 70.97, Test Loss Before Retraining: 72.91676044464111, in 2.092299461364746s
2024-12-03 13:31:18,200 INFO Test Accuracy After Retraining: 80.25999999999999, Test Loss After Retraining: 59.560217529535294, in 2.0685272216796875s
2024-12-03 13:31:18,209 INFO Banzhaf Values Simple: defaultdict(<class 'float'>, {9: 0.43143156834412366, 7: 0.22289482364431024, 6: 0.24894151114858687, 0: 0.09660674259066582, 5: 0.22904596535954624, 4: 0.24050774239003658, 3: -1.1996646095067263, 2: -0.7131551373749971, 8: 0.1444626071024686, 1: 0.051734774839133024})
2024-12-03 13:31:18,210 INFO Banzhaf Values Hessian: defaultdict(<class 'float'>, {9: 255.80371206253767, 7: 177.16904184035957, 6: 140.91962503641844, 0: 50.94636535458267, 5: 111.45145146176219, 4: 148.53087994083762, 3: -621.1870366409421, 2: -249.9194633513689, 8: 88.5071429759264, 1: 22.157085224986076})
2024-12-03 13:31:18,211 INFO Actual Bad Clients: [3 2]
2024-12-03 13:31:18,212 INFO Predicted Bad Clients Simple: [3, 2]
2024-12-03 13:31:18,212 INFO Predicted Bad Clients Hessian: [3, 2]
2024-12-03 13:31:18,213 INFO Bad Client Accuracy Simple: 1.0
2024-12-03 13:31:18,213 INFO Bad Client Accuracy Hessian: 1.0

2024-12-03 15:21:59,721 INFO Number Of Clients: 10, Client Selection Fraction: 0.6, Local Epochs: 10, Batch Size: 128, Learning Rate: 0.01
2024-12-03 15:21:59,729 INFO Dataset: resnet, Setting: Mislabeled with 4 Bad Clients and 60.0% Bad Samples Per Bad Client, Number Of Rounds: 50
2024-12-03 15:21:59,729 INFO Test Accuracy Before Retraining: 58.489999999999995, Test Loss Before Retraining: 99.18326842784882, in 2.1014134883880615s
2024-12-03 15:21:59,730 INFO Test Accuracy After Retraining: 79.42, Test Loss After Retraining: 67.79348987340927, in 2.0918190479278564s
2024-12-03 15:21:59,730 INFO Banzhaf Values Simple: defaultdict(<class 'float'>, {6: -0.8864140817895532, 0: 0.4792551753780572, 9: -0.698159271851182, 4: 0.24218098353594542, 7: -0.8212269283249043, 3: -0.4051950917346403, 1: 0.718978627002798, 8: 0.3686301718771574, 2: 0.7082756211748347, 5: 0.8208762500435114})
2024-12-03 15:21:59,731 INFO Banzhaf Values Hessian: defaultdict(<class 'float'>, {6: -357.94241925515234, 0: 234.37940597653505, 9: -293.3516094237566, 4: 121.42221602611244, 7: -393.10614840019844, 3: -194.69704531366006, 1: 523.8945367347333, 8: 209.582657089828, 2: 362.7551484614378, 5: 467.62736761569977})
2024-12-03 15:21:59,731 INFO Actual Bad Clients: [9 7 3 6]
2024-12-03 15:21:59,731 INFO Predicted Bad Clients Simple: [6, 9, 7, 3]
2024-12-03 15:21:59,732 INFO Predicted Bad Clients Hessian: [6, 9, 7, 3]
2024-12-03 15:21:59,732 INFO Bad Client Accuracy Simple: 1.0
2024-12-03 15:21:59,732 INFO Bad Client Accuracy Hessian: 1.0

2024-12-03 17:14:57,608 INFO Number Of Clients: 10, Client Selection Fraction: 0.6, Local Epochs: 10, Batch Size: 128, Learning Rate: 0.01
2024-12-03 17:14:57,611 INFO Dataset: resnet, Setting: Mislabeled with 6 Bad Clients and 60.0% Bad Samples Per Bad Client, Number Of Rounds: 50
2024-12-03 17:14:57,611 INFO Test Accuracy Before Retraining: 57.08, Test Loss Before Retraining: 102.92698454856873, in 2.094872236251831s
2024-12-03 17:14:57,612 INFO Test Accuracy After Retraining: 76.49000000000001, Test Loss After Retraining: 81.32337230443954, in 2.074589729309082s
2024-12-03 17:14:57,613 INFO Banzhaf Values Simple: defaultdict(<class 'float'>, {7: -0.8270689331693575, 9: -0.3774410393089056, 2: 0.8926604691660032, 3: -0.4737893381388858, 6: 1.3617661505704746, 1: 0.9130029348016251, 4: 0.9530508607858792, 5: -0.8540666506160051, 0: -0.8386751934885979, 8: -0.7565052192658186})
2024-12-03 17:14:57,614 INFO Banzhaf Values Hessian: defaultdict(<class 'float'>, {7: -265.14134341746103, 9: -98.44823077041656, 2: 202.9432592962985, 3: -232.94441766303498, 6: 788.2290126052394, 1: 359.292700424121, 4: 391.404385633592, 5: -297.0663536544889, 0: -208.87779097259045, 8: -220.7131024301052})
2024-12-03 17:14:57,615 INFO Actual Bad Clients: [7 9 3 0 8 5]
2024-12-03 17:14:57,616 INFO Predicted Bad Clients Simple: [7, 9, 3, 5, 0, 8]
2024-12-03 17:14:57,616 INFO Predicted Bad Clients Hessian: [7, 9, 3, 5, 0, 8]
2024-12-03 17:14:57,617 INFO Bad Client Accuracy Simple: 1.0
2024-12-03 17:14:57,618 INFO Bad Client Accuracy Hessian: 1.0

2024-12-03 18:54:19,848 INFO Number Of Clients: 10, Client Selection Fraction: 0.6, Local Epochs: 10, Batch Size: 128, Learning Rate: 0.01
2024-12-03 18:54:19,849 INFO Dataset: resnet, Setting: Mislabeled with 8 Bad Clients and 60.0% Bad Samples Per Bad Client, Number Of Rounds: 50
2024-12-03 18:54:19,850 INFO Test Accuracy Before Retraining: 41.63, Test Loss Before Retraining: 143.02549815177917, in 2.0888826847076416s
2024-12-03 18:54:19,851 INFO Test Accuracy After Retraining: 69.1, Test Loss After Retraining: 94.16661062836647, in 2.086564540863037s
2024-12-03 18:54:19,852 INFO Banzhaf Values Simple: defaultdict(<class 'float'>, {0: -0.18059556442312896, 2: 0.019304338085930794, 8: 1.4513928079977632, 9: 0.7363880416960455, 5: -0.17416015500202775, 3: -0.4636848629452288, 7: -0.17292189080035314, 4: -0.177958358428441, 6: -0.14441624778555706, 1: -0.2580948234535754})
2024-12-03 18:54:19,852 INFO Banzhaf Values Hessian: defaultdict(<class 'float'>, {0: -154.5986224641092, 2: -10.789326812911895, 8: 284.64434036565945, 9: 120.92741539471899, 5: 105.20104118366726, 3: -78.92188814096153, 7: -113.16367734456435, 4: -4.26459393161349, 6: 88.17877670365851, 1: -40.88824464101344})
2024-12-03 18:54:19,853 INFO Actual Bad Clients: [1 2 5 3 0 7 6 4]
2024-12-03 18:54:19,854 INFO Predicted Bad Clients Simple: [0, 5, 3, 7, 4, 6, 1]
2024-12-03 18:54:19,854 INFO Predicted Bad Clients Hessian: [0, 2, 3, 7, 4, 1]
2024-12-03 18:54:19,855 INFO Bad Client Accuracy Simple: 0.875
2024-12-03 18:54:19,855 INFO Bad Client Accuracy Hessian: 0.75

2024-12-03 20:43:47,704 INFO Number Of Clients: 10, Client Selection Fraction: 0.6, Local Epochs: 10, Batch Size: 128, Learning Rate: 0.01
2024-12-03 20:43:47,708 INFO Dataset: resnet, Setting: Mislabeled with 10 Bad Clients and 60.0% Bad Samples Per Bad Client, Number Of Rounds: 50
2024-12-03 20:43:47,709 INFO Test Accuracy Before Retraining: 26.939999999999998, Test Loss Before Retraining: 196.70136427879333, in 2.096390724182129s
2024-12-03 20:43:47,709 INFO Test Accuracy After Retraining: 27.889999999999997, Test Loss After Retraining: 208.62780022621155, in 2.1128835678100586s
2024-12-03 20:43:47,710 INFO Banzhaf Values Simple: defaultdict(<class 'float'>, {3: -0.07963830641165259, 1: -0.04481929214671254, 5: 0.024856440199073404, 2: -0.029793340363539755, 6: -0.044310389435850084, 7: -0.029005773278186098, 0: -0.046680058068886865, 4: -0.05298206571023911, 8: -0.02678199904039502, 9: -0.10461649671196938})
2024-12-03 20:43:47,711 INFO Banzhaf Values Hessian: defaultdict(<class 'float'>, {3: 35.547937330644345, 1: 6.26932609686628, 5: 19.74421754226205, 2: 3.339638192090206, 6: -0.7223448447766714, 7: 27.69133541069459, 0: 24.688207351257006, 4: -1.0444340795802418, 8: -16.221694147912785, 9: -5.801429510116577})
2024-12-03 20:43:47,712 INFO Actual Bad Clients: [8 1 3 6 4 5 0 9 7 2]
2024-12-03 20:43:47,712 INFO Predicted Bad Clients Simple: [3, 1, 2, 6, 7, 0, 4, 8, 9]
2024-12-03 20:43:47,712 INFO Predicted Bad Clients Hessian: [6, 4, 8, 9]
2024-12-03 20:43:47,713 INFO Bad Client Accuracy Simple: 0.9
2024-12-03 20:43:47,713 INFO Bad Client Accuracy Hessian: 0.4