2024-12-15 14:36:30,456 INFO Number Of Clients: 10, Client Selection Fraction: 0.6, Local Epochs: 10, Batch Size: 128, Learning Rate: 0.1
2024-12-15 14:36:30,458 INFO Dataset: fmnist2, Setting: Mislabeled with 2 Bad Clients and 20.0% Bad Samples Per Bad Client, Number Of Rounds: 50
2024-12-15 14:36:30,459 INFO Test Accuracy Before Retraining: 82.67999999999999, Test Loss Before Retraining: 36.58801272511482, in 280.2315683364868s
2024-12-15 14:36:30,459 INFO Test Accuracy After Retraining: 83.35000000000001, Test Loss After Retraining: 36.719985991716385, in 283.29935002326965s
2024-12-15 14:36:30,460 INFO Banzhaf Values Simple: defaultdict(<class 'float'>, {0: 0.20209400508610997, 3: 0.31607978482497856, 4: 0.29526737378910184, 9: 0.2935365046359948, 8: 0.18552441470092162, 7: 0.30617282184539363, 2: 0.11944543439312838, 6: 0.12551678624004126, 5: 0.030235741316573694, 1: 0.0240056206821464})
2024-12-15 14:36:30,461 INFO Banzhaf Values Hessian: defaultdict(<class 'float'>, {0: 0.2893809058587067, 3: 0.28529059677384794, 4: 0.3077608335297555, 9: 0.5820019128732383, 8: 0.2182306973845698, 7: 0.31788034446071833, 2: 4.472707912325859, 6: 2.1785576790571213, 5: 0.14693935168907046, 1: 0.1969160612206906})
2024-12-15 14:36:30,462 INFO Actual Bad Clients: [6 2]
2024-12-15 14:45:36,418 INFO Number Of Clients: 10, Client Selection Fraction: 0.6, Local Epochs: 10, Batch Size: 128, Learning Rate: 0.1
2024-12-15 14:45:36,419 INFO Dataset: fmnist2, Setting: Mislabeled with 2 Bad Clients and 40.0% Bad Samples Per Bad Client, Number Of Rounds: 50
2024-12-15 14:45:36,420 INFO Test Accuracy Before Retraining: 80.96, Test Loss Before Retraining: 41.134402215480804, in 304.5091474056244s
2024-12-15 14:45:36,421 INFO Test Accuracy After Retraining: 84.39, Test Loss After Retraining: 35.33182466030121, in 226.2116184234619s
2024-12-15 14:45:36,421 INFO Banzhaf Values Simple: defaultdict(<class 'float'>, {3: 0.1970567797543481, 8: 0.25080829637590796, 6: 0.13507126737385988, 0: 0.21919030527351424, 2: -0.08273866702802479, 9: 0.006222130265086889, 5: 0.12902479711920023, 1: 0.1457442791434005, 4: 0.1397078619338572, 7: 0.05663763293705415})
2024-12-15 14:45:36,422 INFO Banzhaf Values Hessian: defaultdict(<class 'float'>, {3: 0.15130495885387063, 8: 0.42119369003921747, 6: 0.292916196398437, 0: 0.24655989557504654, 2: -0.7891611233353615, 9: -0.0706670880317688, 5: 0.6399981882423162, 1: -0.12214091990608722, 4: 0.6114180088043213, 7: 0.591034491546452})
2024-12-15 14:45:36,422 INFO Actual Bad Clients: [9 2]
2024-12-15 14:54:47,191 INFO Number Of Clients: 10, Client Selection Fraction: 0.6, Local Epochs: 10, Batch Size: 128, Learning Rate: 0.1
2024-12-15 14:54:47,192 INFO Dataset: fmnist2, Setting: Mislabeled with 2 Bad Clients and 60.0% Bad Samples Per Bad Client, Number Of Rounds: 50
2024-12-15 14:54:47,193 INFO Test Accuracy Before Retraining: 82.12, Test Loss Before Retraining: 40.216497868299484, in 278.4115128517151s
2024-12-15 14:54:47,194 INFO Test Accuracy After Retraining: 82.57, Test Loss After Retraining: 37.30477133393288, in 256.7565743923187s
2024-12-15 14:54:47,194 INFO Banzhaf Values Simple: defaultdict(<class 'float'>, {5: 0.4440410486422479, 7: 0.4507819879800081, 4: 0.43827084079384804, 2: 0.47495811781845987, 9: 0.36855366406962276, 0: -0.7522668372839689, 8: 0.48599452211055905, 1: 0.3789094841340557, 3: 0.388757461681962, 6: -0.5903002303093672})
2024-12-15 14:54:47,195 INFO Banzhaf Values Hessian: defaultdict(<class 'float'>, {5: 5.159948951913975, 7: 4.8019770830869675, 4: 2.7830831967294216, 2: 3.242612963542342, 9: 3.524826940149069, 0: -59.46079796552658, 8: 6.64951753616333, 1: 2.563110027462244, 3: 4.6293324790894985, 6: -33.03791072964668})
2024-12-15 14:54:47,196 INFO Actual Bad Clients: [0 6]
2024-12-15 15:03:34,463 INFO Number Of Clients: 10, Client Selection Fraction: 0.6, Local Epochs: 10, Batch Size: 128, Learning Rate: 0.1
2024-12-15 15:03:34,465 INFO Dataset: fmnist2, Setting: Mislabeled with 4 Bad Clients and 20.0% Bad Samples Per Bad Client, Number Of Rounds: 50
2024-12-15 15:03:34,465 INFO Test Accuracy Before Retraining: 82.78, Test Loss Before Retraining: 36.9784953892231, in 281.5671775341034s
2024-12-15 15:03:34,466 INFO Test Accuracy After Retraining: 83.38, Test Loss After Retraining: 36.69693896174431, in 230.0677638053894s
2024-12-15 15:03:34,467 INFO Banzhaf Values Simple: defaultdict(<class 'float'>, {4: 0.3524744915193878, 9: -0.036339339159894735, 2: 0.07478196325246245, 0: 0.14097139253863133, 6: 0.03543565870495513, 8: 0.24504745230660774, 5: 0.2167994868941605, 1: -0.0229040032136254, 3: 0.2370990717317909, 7: 0.07702218771737535})
2024-12-15 15:03:34,467 INFO Banzhaf Values Hessian: defaultdict(<class 'float'>, {4: 2.067500740289688, 9: -2.289242079947144, 2: -1.5653486824594438, 0: 0.0752751033869572, 6: -0.40977031411603093, 8: -0.22817781614139676, 5: 0.6674792561680079, 1: -4.622564850375056, 3: 2.0780193506507203, 7: 0.36144121503457427})
2024-12-15 15:03:34,468 INFO Actual Bad Clients: [1 2 9 6]
2024-12-15 16:23:22,168 INFO Number Of Clients: 10, Client Selection Fraction: 0.6, Local Epochs: 10, Batch Size: 128, Learning Rate: 0.1
2024-12-15 16:23:22,170 INFO Dataset: fmnist2, Setting: Mislabeled with 4 Bad Clients and 40.0% Bad Samples Per Bad Client, Number Of Rounds: 50
2024-12-15 16:23:22,170 INFO Test Accuracy Before Retraining: 78.19, Test Loss Before Retraining: 52.56702497601509, in 278.1253619194031s
2024-12-15 16:23:22,171 INFO Test Accuracy After Retraining: 83.89999999999999, Test Loss After Retraining: 35.83648830652237, in 224.203307390213s
2024-12-15 16:23:22,171 INFO Banzhaf Values Simple: defaultdict(<class 'float'>, {6: 0.36204805597662926, 3: 0.050567696802318096, 2: 0.42611534451134503, 7: -0.0636656004935503, 5: 0.5420123445801437, 9: 0.6396709610708058, 0: -0.3793516932055354, 1: 0.23152116499841213, 4: 0.1387185066123493, 8: -0.1324462895281613})
2024-12-15 16:23:22,172 INFO Banzhaf Values Hessian: defaultdict(<class 'float'>, {6: 3.094127807766199, 3: -4.8491317220032215, 2: 3.2189987637102604, 7: -13.910145278088748, 5: 5.455376006662846, 9: 8.677963200956583, 0: -27.456929612904787, 1: 0.6670698560774326, 4: 1.4746208949945867, 8: -4.924747854471207})
2024-12-15 16:23:22,173 INFO Actual Bad Clients: [7 0 8 3]
2024-12-15 16:46:30,758 INFO Number Of Clients: 10, Client Selection Fraction: 0.6, Local Epochs: 10, Batch Size: 128, Learning Rate: 0.1
2024-12-15 16:46:30,759 INFO Dataset: fmnist2, Setting: Mislabeled with 4 Bad Clients and 60.0% Bad Samples Per Bad Client, Number Of Rounds: 50
2024-12-15 16:46:30,759 INFO Test Accuracy Before Retraining: 72.41, Test Loss Before Retraining: 69.68048560619354, in 276.77363538742065s
2024-12-15 16:46:30,760 INFO Test Accuracy After Retraining: 84.89, Test Loss After Retraining: 34.62007510662079, in 228.28079438209534s
2024-12-15 16:46:30,761 INFO Banzhaf Values Simple: defaultdict(<class 'float'>, {7: 0.5806437497958541, 6: -0.40852430649101734, 0: 0.6760164815932512, 1: 0.6229272452183068, 2: 0.5378488823771477, 8: -0.6157485735602677, 4: -0.8850812949240208, 9: 0.8991411495953798, 5: 0.5860024765133858, 3: -0.6491518504917622})
2024-12-15 16:46:30,761 INFO Banzhaf Values Hessian: defaultdict(<class 'float'>, {7: 1.59358482202515, 6: -15.61095150001347, 0: 12.620255888672546, 1: 8.392399033531547, 2: 8.661894645541906, 8: -46.63752209953964, 4: -56.670869905501604, 9: 16.84403964690864, 5: 9.836406648159027, 3: -51.82410925626755})
2024-12-15 16:46:30,762 INFO Actual Bad Clients: [6 3 4 8]
2024-12-15 15:28:55,340 INFO Number Of Clients: 10, Client Selection Fraction: 0.6, Local Epochs: 10, Batch Size: 128, Learning Rate: 0.1
2024-12-15 15:28:55,342 INFO Dataset: fmnist2, Setting: Mislabeled with 6 Bad Clients and 20.0% Bad Samples Per Bad Client, Number Of Rounds: 50
2024-12-15 15:28:55,342 INFO Test Accuracy Before Retraining: 81.78, Test Loss Before Retraining: 39.940570801496506, in 277.9131257534027s
2024-12-15 15:28:55,343 INFO Test Accuracy After Retraining: 82.37, Test Loss After Retraining: 38.31824165582657, in 202.56353545188904s
2024-12-15 15:28:55,344 INFO Banzhaf Values Simple: defaultdict(<class 'float'>, {2: 0.09732114430516958, 1: 0.2192306173965335, 4: 0.021117410622537136, 7: 0.386708265170455, 9: 0.4061425062827766, 0: 0.09145942836767063, 8: -0.0002750609419308603, 3: 0.3235428459011018, 6: 0.008985051419585943, 5: -0.04633513232693076})
2024-12-15 15:28:55,344 INFO Banzhaf Values Hessian: defaultdict(<class 'float'>, {2: -5.741548594087362, 1: 1.7661490719765425, 4: -4.098074186593294, 7: 3.4858727622777224, 9: 3.4196269903331995, 0: -0.9905581719940528, 8: -3.6269093081355095, 3: 4.201110474765301, 6: -3.7079153954982758, 5: -2.238546948879957})
2024-12-15 15:28:55,345 INFO Actual Bad Clients: [2 6 8 5 4 0]
2024-12-15 15:37:04,199 INFO Number Of Clients: 10, Client Selection Fraction: 0.6, Local Epochs: 10, Batch Size: 128, Learning Rate: 0.1
2024-12-15 15:37:04,207 INFO Dataset: fmnist2, Setting: Mislabeled with 6 Bad Clients and 40.0% Bad Samples Per Bad Client, Number Of Rounds: 50
2024-12-15 15:37:04,208 INFO Test Accuracy Before Retraining: 74.87, Test Loss Before Retraining: 59.31945949792862, in 296.05552220344543s
2024-12-15 15:37:04,208 INFO Test Accuracy After Retraining: 82.57, Test Loss After Retraining: 38.068334102630615, in 177.02331924438477s
2024-12-15 15:37:04,209 INFO Banzhaf Values Simple: defaultdict(<class 'float'>, {3: 0.5769819831475616, 6: -0.14336244494188577, 2: -0.26781415194272995, 4: -0.2646062816493213, 7: 0.7284655077382922, 9: 0.6342806033790112, 1: -0.05545453913509846, 0: -0.3798368889838457, 8: 0.5812266692519188, 5: -0.4687227562535554})
2024-12-15 15:37:04,209 INFO Banzhaf Values Hessian: defaultdict(<class 'float'>, {3: 11.612938031554222, 6: -12.06577629770618, 2: -18.076355441473424, 4: -19.014306277036667, 7: 20.73048958182335, 9: 18.25958237145096, 1: -3.155384160578251, 0: -17.548769131302834, 8: 15.085351005196571, 5: -30.57961118221283})
2024-12-15 15:37:04,210 INFO Actual Bad Clients: [6 5 1 0 2 4]
2024-12-15 15:44:59,838 INFO Number Of Clients: 10, Client Selection Fraction: 0.6, Local Epochs: 10, Batch Size: 128, Learning Rate: 0.1
2024-12-15 15:44:59,839 INFO Dataset: fmnist2, Setting: Mislabeled with 6 Bad Clients and 60.0% Bad Samples Per Bad Client, Number Of Rounds: 50
2024-12-15 15:44:59,839 INFO Test Accuracy Before Retraining: 68.7, Test Loss Before Retraining: 82.97613191604614, in 279.715096950531s
2024-12-15 15:44:59,840 INFO Test Accuracy After Retraining: 83.61, Test Loss After Retraining: 38.20674209296703, in 179.85270428657532s
2024-12-15 15:44:59,842 INFO Banzhaf Values Simple: defaultdict(<class 'float'>, {4: 1.2392029203474522, 6: 1.3231703415513039, 0: -0.2640760069480166, 2: -0.1322133094072342, 3: 1.32443218678236, 9: 0.9899340085685253, 7: -0.03995533846318722, 5: -0.7594811022281647, 8: -0.3491971221519634, 1: -0.22963274642825127})
2024-12-15 15:44:59,842 INFO Banzhaf Values Hessian: defaultdict(<class 'float'>, {4: 149.5752480761148, 6: 96.99897636473179, 0: 420.74760335870087, 2: -101.56702151708305, 3: 37.0165845900774, 9: 21.943440407514572, 7: -110.02889593876898, 5: -58.06115733832121, 8: -24.047874331474304, 1: -707.1526935100555})
2024-12-15 15:44:59,843 INFO Actual Bad Clients: [0 5 8 2 7 1]
2024-12-15 15:53:16,373 INFO Number Of Clients: 10, Client Selection Fraction: 0.6, Local Epochs: 10, Batch Size: 128, Learning Rate: 0.1
2024-12-15 15:53:16,374 INFO Dataset: fmnist2, Setting: Mislabeled with 8 Bad Clients and 20.0% Bad Samples Per Bad Client, Number Of Rounds: 50
2024-12-15 15:53:16,374 INFO Test Accuracy Before Retraining: 81.28999999999999, Test Loss Before Retraining: 45.7833733856678, in 327.9245572090149s
2024-12-15 15:53:16,375 INFO Test Accuracy After Retraining: 83.54, Test Loss After Retraining: 39.95528456568718, in 152.8907392024994s
2024-12-15 15:53:16,375 INFO Banzhaf Values Simple: defaultdict(<class 'float'>, {5: -0.040955146541818976, 1: -0.015021503844764084, 6: -0.03256354155018926, 0: 0.016902267874684185, 7: 0.004603277542628348, 9: 0.5626518474891782, 8: -0.07245754497125745, 4: 0.2715624775737524, 2: -0.054495608201250434, 3: -0.03942425223067403})
2024-12-15 15:53:16,376 INFO Banzhaf Values Hessian: defaultdict(<class 'float'>, {5: -2.6316267419606447, 1: -8.404515339061618, 6: -4.864898096770048, 0: -3.596635782159865, 7: -3.1852005887776613, 9: 6.4941271767020226, 8: -2.1044482020661235, 4: 2.765240120701492, 2: -2.0653559698257595, 3: -4.601373944431543})
2024-12-15 15:53:16,377 INFO Actual Bad Clients: [7 5 6 8 1 2 3 0]
2024-12-15 16:33:45,190 INFO Number Of Clients: 10, Client Selection Fraction: 0.6, Local Epochs: 10, Batch Size: 128, Learning Rate: 0.1
2024-12-15 16:33:45,191 INFO Dataset: fmnist2, Setting: Mislabeled with 8 Bad Clients and 40.0% Bad Samples Per Bad Client, Number Of Rounds: 50
2024-12-15 16:33:45,192 INFO Test Accuracy Before Retraining: 73.29, Test Loss Before Retraining: 81.55811381340027, in 281.6231138706207s
2024-12-15 16:33:45,193 INFO Test Accuracy After Retraining: 82.11, Test Loss After Retraining: 42.016940623521805, in 150.0449924468994s
2024-12-15 16:33:45,193 INFO Banzhaf Values Simple: defaultdict(<class 'float'>, {3: -0.09935749208671041, 6: -0.05992190902179573, 9: -0.13979505095630884, 4: 0.8172502517700195, 8: -0.15340468334034085, 1: -0.06165274255909026, 0: 1.0033367983996868, 7: -0.06992710498161614, 5: -0.14332553138956428, 2: 0.02273071784293279})
2024-12-15 16:33:45,194 INFO Banzhaf Values Hessian: defaultdict(<class 'float'>, {3: -27.788593351840973, 6: -1.9764006026089191, 9: -14.229031817987561, 4: 48.17406740039587, 8: -50.78571945242584, 1: -30.002504692412913, 0: 98.46284043602645, 7: -14.030731115490198, 5: -22.5728420317173, 2: -22.087594121694565})
2024-12-15 16:33:45,194 INFO Actual Bad Clients: [7 2 9 5 6 1 3 8]
2024-12-15 16:08:09,618 INFO Number Of Clients: 10, Client Selection Fraction: 0.6, Local Epochs: 10, Batch Size: 128, Learning Rate: 0.1
2024-12-15 16:08:09,619 INFO Dataset: fmnist2, Setting: Mislabeled with 8 Bad Clients and 60.0% Bad Samples Per Bad Client, Number Of Rounds: 50
2024-12-15 16:08:09,620 INFO Test Accuracy Before Retraining: 68.17, Test Loss Before Retraining: 83.39225685596466, in 279.2423732280731s
2024-12-15 16:08:09,620 INFO Test Accuracy After Retraining: 82.88, Test Loss After Retraining: 38.70511509478092, in 152.34115362167358s
2024-12-15 16:08:09,621 INFO Banzhaf Values Simple: defaultdict(<class 'float'>, {8: -0.2878010137937963, 5: -0.00590234762057662, 4: 1.2956088706851006, 9: -0.10646609123796225, 6: 1.1515720784664154, 7: -0.2654376761056483, 3: -0.4057225939395721, 1: -0.05240796378348023, 0: -0.07453192817047238, 2: -0.27364769764244556})
2024-12-15 16:08:09,622 INFO Banzhaf Values Hessian: defaultdict(<class 'float'>, {8: -19.697955142706633, 5: -15.697447516024113, 4: 7.197676129639149, 9: -2.3402170026674867, 6: 25.796064406633377, 7: -6.87466502096504, 3: -47.01856794394553, 1: -5.680326828733087, 0: -4.493478741496801, 2: -26.416449956595898})
2024-12-15 16:08:09,623 INFO Actual Bad Clients: [7 0 3 9 8 1 5 2]


