2024-12-05 18:34:45,818 INFO Number Of Clients: 10, Client Selection Fraction: 0.6, Local Epochs: 10, Batch Size: 128, Learning Rate: 0.01
2024-12-05 18:34:45,820 INFO Dataset: fmnist, Setting: Non IID with 2 Bad Clients and 4 Categories Per Bad Client, Number Of Rounds: 50
2024-12-05 18:34:45,821 INFO Test Accuracy Before Retraining: 80.77, Test Loss Before Retraining: 49.9502457678318, in 72.31111025810242s
2024-12-05 18:34:45,822 INFO Test Accuracy After Retraining: 89.68, Test Loss After Retraining: 30.736335054039955, in 130.89995121955872s
2024-12-05 18:34:45,823 INFO Banzhaf Values Simple: defaultdict(<class 'float'>, {2: 0.545004696585238, 3: 0.5463382629677653, 7: 0.5882763778790832, 5: 0.3777432143688202, 6: 0.542538944631815, 4: 0.46369243413209915, 9: -0.4403939116746187, 0: -0.21451720595359802, 1: 0.19441338256001472, 8: 0.07714495062828064})
2024-12-05 18:34:45,824 INFO Banzhaf Values Hessian: defaultdict(<class 'float'>, {2: 5.915529385209084, 3: 6.099968701601028, 7: 8.507407858967781, 5: 0.3777432143688202, 6: 5.353656932711601, 4: 2.0719029009342194, 9: -5.222875475883484, 0: -2.368774652481079, 1: 5.60980886220932, 8: 1.5988011360168457})
2024-12-05 18:34:45,826 INFO Actual Bad Clients: [0, 9]
2024-12-05 20:09:17,868 INFO Number Of Clients: 10, Client Selection Fraction: 0.6, Local Epochs: 10, Batch Size: 128, Learning Rate: 0.01
2024-12-05 20:09:17,869 INFO Dataset: fmnist, Setting: Non IID with 2 Bad Clients and 6 Categories Per Bad Client, Number Of Rounds: 50
2024-12-05 20:09:17,869 INFO Test Accuracy Before Retraining: 90.39, Test Loss Before Retraining: 25.673808317631483, in 163.42793893814087s
2024-12-05 20:09:17,869 INFO Test Accuracy After Retraining: 90.01, Test Loss After Retraining: 26.986803743988276, in 81.90569376945496s
2024-12-05 20:09:17,870 INFO Banzhaf Values Simple: defaultdict(<class 'float'>, {8: -0.1396294478327036, 6: 0.5667355647310615, 4: 0.6007052477216348, 2: 0.6224950775504112, 3: -0.18211266957223415, 0: 0.48549237119732425, 5: 0.32813166140113026, 9: 0.3118352790334029, 1: 0.12398926145397127, 7: 0.14254248212091625})
2024-12-05 20:09:17,870 INFO Banzhaf Values Hessian: defaultdict(<class 'float'>, {8: -0.6810315102338791, 6: 3.9622130393981934, 4: 6.370339050889015, 2: 10.002278983592987, 3: -2.484877124428749, 0: 4.404245521873236, 5: 8.827129065990448, 9: 8.495572432875633, 1: 3.958991900086403, 7: 3.137287065386772})
2024-12-05 20:09:17,870 INFO Actual Bad Clients: [3, 8]
2024-12-05 21:45:35,723 INFO Number Of Clients: 10, Client Selection Fraction: 0.6, Local Epochs: 10, Batch Size: 128, Learning Rate: 0.01
2024-12-05 21:45:35,725 INFO Dataset: fmnist, Setting: Non IID with 2 Bad Clients and 8 Categories Per Bad Client, Number Of Rounds: 50
2024-12-05 21:45:35,726 INFO Test Accuracy Before Retraining: 86.68, Test Loss Before Retraining: 34.62340174615383, in 108.85045003890991s
2024-12-05 21:45:35,727 INFO Test Accuracy After Retraining: 90.42999999999999, Test Loss After Retraining: 26.108938299119473, in 111.38588237762451s
2024-12-05 21:45:35,728 INFO Banzhaf Values Simple: defaultdict(<class 'float'>, {7: 0.47757585998624563, 1: 0.5271749617531896, 6: 0.5454593226313591, 8: 0.5358766661956906, 5: 0.45972716715186834, 3: 0.5615636268630624, 4: -0.1205350961536169, 0: -0.28356967912986875, 2: 0.11192702129483223, 9: 0.047165834344923496})
2024-12-05 21:45:35,728 INFO Banzhaf Values Hessian: defaultdict(<class 'float'>, {7: 1.2880011014640331, 1: 1.6149155795574188, 6: 2.3121075611561537, 8: 2.1341334376484156, 5: 1.0086819157004356, 3: 3.2404108103364706, 4: -0.7730210702866316, 0: -1.8274524509906769, 2: 1.1601981818675995, 9: 0.6842556148767471})
2024-12-05 21:45:35,729 INFO Actual Bad Clients: [0, 4]
2024-12-05 23:08:16,075 INFO Number Of Clients: 10, Client Selection Fraction: 0.6, Local Epochs: 10, Batch Size: 128, Learning Rate: 0.01
2024-12-05 23:08:16,076 INFO Dataset: fmnist, Setting: Non IID with 4 Bad Clients and 4 Categories Per Bad Client, Number Of Rounds: 50
2024-12-05 23:08:16,076 INFO Test Accuracy Before Retraining: 84.07, Test Loss Before Retraining: 41.84909561276436, in 193.90121388435364s
2024-12-05 23:08:16,077 INFO Test Accuracy After Retraining: 89.18, Test Loss After Retraining: 29.931125193834305, in 88.22634530067444s
2024-12-05 23:08:16,078 INFO Banzhaf Values Simple: defaultdict(<class 'float'>, {5: -1.8289766646921635, 1: 2.269006202928722, 2: -2.0679982528090477, 9: 2.2241080459207296, 3: -0.8537295423448086, 4: 2.3814634047448635, 8: 2.7369703678414226, 6: 2.200539268553257, 7: -2.0921534672379494, 0: 1.1646338794380426})
2024-12-05 23:08:16,078 INFO Banzhaf Values Hessian: defaultdict(<class 'float'>, {5: -20.440871000289917, 1: 229.96434080600739, 2: -11.88402433693409, 9: 183.5423350930214, 3: -1.1882823496125638, 4: 427.3420253396034, 8: 367.2025765180588, 6: 333.84351205825806, 7: -14.011315941810608, 0: 128.12538343667984})
2024-12-05 23:08:16,079 INFO Actual Bad Clients: [2, 3, 5, 7]
2024-12-06 00:38:24,017 INFO Number Of Clients: 10, Client Selection Fraction: 0.6, Local Epochs: 10, Batch Size: 128, Learning Rate: 0.01
2024-12-06 00:38:24,017 INFO Dataset: fmnist, Setting: Non IID with 4 Bad Clients and 6 Categories Per Bad Client, Number Of Rounds: 50
2024-12-06 00:38:24,017 INFO Test Accuracy Before Retraining: 84.65, Test Loss Before Retraining: 39.31953752040863, in 102.5041275024414s
2024-12-06 00:38:24,018 INFO Test Accuracy After Retraining: 90.03, Test Loss After Retraining: 28.689402148127556, in 129.09986281394958s
2024-12-06 00:38:24,018 INFO Banzhaf Values Simple: defaultdict(<class 'float'>, {7: 0.02117139846086502, 9: 0.6398222707211971, 0: 0.9400387071073055, 3: -0.08218815177679062, 5: 0.8507262449711561, 1: -0.3607313632965088, 8: 0.6665037199854851, 2: 0.6037028599530458, 6: -0.2155478410422802})
2024-12-06 00:38:24,018 INFO Banzhaf Values Hessian: defaultdict(<class 'float'>, {7: -0.07821229100227356, 9: 2.977160543203354, 0: 12.76475241780281, 3: -0.27720294892787933, 5: 7.27877402305603, 1: -0.6923482781276107, 8: 16.25392210483551, 2: 11.685401499271393, 6: -0.7145726233720779})
2024-12-06 00:38:24,018 INFO Actual Bad Clients: [1, 3, 6, 7]
2024-12-06 02:04:00,403 INFO Number Of Clients: 10, Client Selection Fraction: 0.6, Local Epochs: 10, Batch Size: 128, Learning Rate: 0.01
2024-12-06 02:04:00,409 INFO Dataset: fmnist, Setting: Non IID with 4 Bad Clients and 8 Categories Per Bad Client, Number Of Rounds: 50
2024-12-06 02:04:00,409 INFO Test Accuracy Before Retraining: 87.16000000000001, Test Loss Before Retraining: 33.903686091303825, in 211.82801747322083s
2024-12-06 02:04:00,409 INFO Test Accuracy After Retraining: 90.84, Test Loss After Retraining: 24.43235867470503, in 105.77505850791931s
2024-12-06 02:04:00,410 INFO Banzhaf Values Simple: defaultdict(<class 'float'>, {0: -0.1734998095780611, 4: -0.10403668507933617, 8: 1.097618330270052, 2: -0.3057199064642191, 7: 1.080262016505003, 9: -0.14985092170536518, 5: 0.6379189258441329, 1: 0.5019162483513355, 3: 0.3313368745148182, 6: 0.5119527485221624})
2024-12-06 02:04:00,411 INFO Banzhaf Values Hessian: defaultdict(<class 'float'>, {0: -1.06827393732965, 4: -0.7042901124805212, 8: 11.607277572154999, 2: -3.452492192387581, 7: 16.91212570667267, 9: -0.8854855205863714, 5: 15.881762385368347, 1: 11.878436207771301, 3: 5.457415282726288, 6: 12.269160807132721})
2024-12-06 02:04:00,411 INFO Actual Bad Clients: [0, 2, 4, 9]
2024-12-06 03:21:27,050 INFO Number Of Clients: 10, Client Selection Fraction: 0.6, Local Epochs: 10, Batch Size: 128, Learning Rate: 0.01
2024-12-06 03:21:27,052 INFO Dataset: fmnist, Setting: Non IID with 6 Bad Clients and 4 Categories Per Bad Client, Number Of Rounds: 50
2024-12-06 03:21:27,053 INFO Test Accuracy Before Retraining: 43.13, Test Loss Before Retraining: 260.4082546234131, in 223.39003157615662s
2024-12-06 03:21:27,054 INFO Test Accuracy After Retraining: 88.8, Test Loss After Retraining: 33.34974920749664, in 64.47909164428711s
2024-12-06 03:21:27,055 INFO Banzhaf Values Simple: defaultdict(<class 'float'>, {2: -1.818674199283123, 1: 6.66542275249958, 0: 7.294853463768959, 3: -2.7741587460041046, 6: -3.305609844624996, 5: 3.0361182391643524, 4: -1.953076884150505, 9: 4.487050771713257, 7: -4.156432971358299, 8: -2.1315693259239197})
2024-12-06 03:21:27,056 INFO Banzhaf Values Hessian: defaultdict(<class 'float'>, {2: -5.085753612220287, 1: 902.7621288597584, 0: 1131.4764829277992, 3: -4.70309940725565, 6: -9.478800058364868, 5: 125.19323295354843, 4: -0.24176110699772835, 9: 483.7742066383362, 7: -13.489382177591324, 8: -2.794523134827614})
2024-12-06 03:21:27,057 INFO Actual Bad Clients: [2, 3, 4, 6, 7, 8]
2024-12-06 04:42:48,069 INFO Number Of Clients: 10, Client Selection Fraction: 0.6, Local Epochs: 10, Batch Size: 128, Learning Rate: 0.01
2024-12-06 04:42:48,070 INFO Dataset: fmnist, Setting: Non IID with 6 Bad Clients and 6 Categories Per Bad Client, Number Of Rounds: 50
2024-12-06 04:42:48,071 INFO Test Accuracy Before Retraining: 65.62, Test Loss Before Retraining: 119.26783347129822, in 267.7470841407776s
2024-12-06 04:42:48,071 INFO Test Accuracy After Retraining: 89.34, Test Loss After Retraining: 30.65952295064926, in 119.81416702270508s
2024-12-06 04:42:48,071 INFO Banzhaf Values Simple: defaultdict(<class 'float'>, {9: 4.303294859826565, 5: 3.0258037745952606, 2: -2.460195578634739, 8: 4.067774459719658, 0: -1.8583504036068916, 6: -1.4447489231824875, 4: 4.5080180913209915, 3: -2.4610460996627808, 7: -1.5278298407793045, 1: -1.8245749175548553})
2024-12-06 04:42:48,071 INFO Banzhaf Values Hessian: defaultdict(<class 'float'>, {9: 621.3853741884232, 5: 184.99127516150475, 2: 33.43481566570699, 8: 310.91840121150017, 0: 33.67481841146946, 6: 11.314054563641548, 4: 680.4132966995239, 3: 25.93072551023215, 7: 22.777760803699493, 1: 26.27412338554859})
2024-12-06 04:42:48,072 INFO Actual Bad Clients: [0, 1, 2, 3, 6, 7]
2024-12-06 06:06:35,160 INFO Number Of Clients: 10, Client Selection Fraction: 0.6, Local Epochs: 10, Batch Size: 128, Learning Rate: 0.01
2024-12-06 06:06:35,161 INFO Dataset: fmnist, Setting: Non IID with 6 Bad Clients and 8 Categories Per Bad Client, Number Of Rounds: 50
2024-12-06 06:06:35,162 INFO Test Accuracy Before Retraining: 78.45, Test Loss Before Retraining: 60.76022890210152, in 291.5164141654968s
2024-12-06 06:06:35,163 INFO Test Accuracy After Retraining: 90.07, Test Loss After Retraining: 28.51020696759224, in 117.7330391407013s
2024-12-06 06:06:35,163 INFO Banzhaf Values Simple: defaultdict(<class 'float'>, {1: 2.048161756247282, 3: 1.9455816149711609, 2: -0.5000231713056564, 6: 0.02362506277859211, 9: -0.5710901319980621, 7: 2.369307041168213, 8: -1.0410705357789993, 4: 1.7992570251226425, 5: -1.4531171917915344, 0: -0.741123128682375})
2024-12-06 06:06:35,164 INFO Banzhaf Values Hessian: defaultdict(<class 'float'>, {1: 70.46053096652031, 3: 52.57720163464546, 2: 1.8283070400357246, 6: 3.740856137126684, 9: 3.8776155039668083, 7: 79.62990686297417, 8: 4.732146359980106, 4: 95.86709460616112, 5: 11.8512181378901, 0: 4.87475223839283})
2024-12-06 06:06:35,164 INFO Actual Bad Clients: [0, 2, 5, 6, 8, 9]
2024-12-06 07:17:20,100 INFO Number Of Clients: 10, Client Selection Fraction: 0.6, Local Epochs: 10, Batch Size: 128, Learning Rate: 0.01
2024-12-06 07:17:20,108 INFO Dataset: fmnist, Setting: Non IID with 8 Bad Clients and 4 Categories Per Bad Client, Number Of Rounds: 50
2024-12-06 07:17:20,109 INFO Test Accuracy Before Retraining: 40.78, Test Loss Before Retraining: 257.9732506275177, in 277.01447677612305s
2024-12-06 07:17:20,111 INFO Test Accuracy After Retraining: 87.36, Test Loss After Retraining: 43.761370308697224, in 65.20759081840515s
2024-12-06 07:17:20,111 INFO Banzhaf Values Simple: defaultdict(<class 'float'>, {1: -1.5519657842814922, 8: 6.512464106082916, 4: -1.3576284386217594, 9: -2.116391846910119, 3: 13.190635651350021, 2: -2.263060834258795, 6: -1.3889417219907045, 5: -1.2700944542884827, 0: -1.7474581226706505, 7: -1.0033285096287727})
2024-12-06 07:17:20,112 INFO Banzhaf Values Hessian: defaultdict(<class 'float'>, {1: 8.875020056962967, 8: 654.4214093089104, 4: 10.33991089463234, 9: 8.095559468492866, 3: 2235.444073587656, 2: 10.202831827104092, 6: 12.013423636555672, 5: 8.842063069343567, 0: 16.46369218826294, 7: 6.296604298055172})
2024-12-06 07:17:20,114 INFO Actual Bad Clients: [0, 1, 2, 4, 5, 6, 7, 9]
2024-12-06 08:40:50,155 INFO Number Of Clients: 10, Client Selection Fraction: 0.6, Local Epochs: 10, Batch Size: 128, Learning Rate: 0.01
2024-12-06 08:40:50,157 INFO Dataset: fmnist, Setting: Non IID with 8 Bad Clients and 6 Categories Per Bad Client, Number Of Rounds: 50
2024-12-06 08:40:50,158 INFO Test Accuracy Before Retraining: 58.4, Test Loss Before Retraining: 167.7979757785797, in 272.02635741233826s
2024-12-06 08:40:50,160 INFO Test Accuracy After Retraining: 87.71, Test Loss After Retraining: 41.39666558802128, in 79.46335983276367s
2024-12-06 08:40:50,161 INFO Banzhaf Values Simple: defaultdict(<class 'float'>, {2: -0.6851562205702066, 3: -0.6593904569745064, 7: -0.922917740419507, 8: -1.1675609648227692, 5: 4.745424836874008, 6: -0.3417351692914963, 4: 5.381077319383621, 0: -0.4092637114226818, 1: -0.93568220641464, 9: -0.5661880169063807})
2024-12-06 08:40:50,162 INFO Banzhaf Values Hessian: defaultdict(<class 'float'>, {2: -45.16776864230633, 3: -60.48933411203325, 7: -24.50388654321432, 8: -12.034948269836605, 5: 1156.5300192534924, 6: 1.1805045679211617, 4: 1885.3185205459595, 0: -7.697190363891423, 1: 15.710128664970398, 9: 19.498240441083908})
2024-12-06 08:40:50,163 INFO Actual Bad Clients: [0, 1, 2, 3, 6, 7, 8, 9]
2024-12-06 10:01:58,441 INFO Number Of Clients: 10, Client Selection Fraction: 0.6, Local Epochs: 10, Batch Size: 128, Learning Rate: 0.01
2024-12-06 10:01:58,442 INFO Dataset: fmnist, Setting: Non IID with 8 Bad Clients and 8 Categories Per Bad Client, Number Of Rounds: 50
2024-12-06 10:01:58,443 INFO Test Accuracy Before Retraining: 72.15, Test Loss Before Retraining: 190.49081683158875, in 301.2199966907501s
2024-12-06 10:01:58,443 INFO Test Accuracy After Retraining: 88.36, Test Loss After Retraining: 36.443195432424545, in 104.87395691871643s
2024-12-06 10:01:58,444 INFO Banzhaf Values Simple: defaultdict(<class 'float'>, {0: -0.5602865070104599, 7: -0.9356242506764829, 4: -0.4915447235107422, 9: 5.845240235328674, 2: -0.42977377492934465, 6: -0.7988987676799297, 1: -0.5129055567085743, 3: -0.7325772354379296, 5: -0.8812948809936643, 8: 2.5309300124645233})
2024-12-06 10:01:58,444 INFO Banzhaf Values Hessian: defaultdict(<class 'float'>, {0: 5.729247361421585, 7: 20.148368686437607, 4: 13.309101730585098, 9: 806.9374658763409, 2: 11.90675513446331, 6: 10.365498755127192, 1: 14.597031977027655, 3: 11.584878146648407, 5: 1.2910285890102386, 8: 118.71052241325378})
2024-12-06 10:01:58,444 INFO Actual Bad Clients: [0, 1, 2, 3, 4, 5, 6, 7]
