

2024-12-17 16:36:08,107 INFO Number Of Clients: 10, Client Selection Fraction: 0.6, Local Epochs: 10, Batch Size: 128, Learning Rate: 0.01
2024-12-17 16:36:08,110 INFO Dataset: fmnist, Setting: Noisy with 2 Bad Clients and 100.0% Bad Samples Per Bad Client, Number Of Rounds: 50
2024-12-17 16:36:08,111 INFO Test Accuracy Before Retraining: 89.75, Test Loss Before Retraining: 23.809056781232357, in 118.52873945236206s
2024-12-17 16:36:08,112 INFO Test Accuracy After Retraining: 90.49000000000001, Test Loss After Retraining: 26.81485153734684, in 132.1676185131073s
2024-12-17 16:36:08,112 INFO Banzhaf Values Simple: defaultdict(<class 'float'>, {8: 0.3903390313498676, 6: 0.37288060039281845, 1: 0.3901414340361953, 5: 0.33800973929464817, 2: 0.37409576354548335, 3: 0.3457144577987492, 4: 0.05639535328373313, 0: 0.02812747610732913, 7: -0.1252618543803692, 9: -0.056795526295900345})
2024-12-17 16:36:08,113 INFO Banzhaf Values Hessian: defaultdict(<class 'float'>, {8: 1.622310715727508, 6: 1.6333571746945381, 1: 1.272311508655548, 5: 0.9459121078252792, 2: 1.0025119222700596, 3: 1.0293358080089092, 4: 1.6714154332876205, 0: 0.1819150634109974, 7: -11.22801661491394, 9: -3.4215001463890076})
2024-12-17 16:36:08,114 INFO Actual Bad Clients: [7 9]
2024-12-17 16:43:17,236 INFO Number Of Clients: 10, Client Selection Fraction: 0.6, Local Epochs: 10, Batch Size: 128, Learning Rate: 0.01
2024-12-17 16:43:17,237 INFO Dataset: fmnist, Setting: Noisy with 2 Bad Clients and 87.5% Bad Samples Per Bad Client, Number Of Rounds: 50
2024-12-17 16:43:17,238 INFO Test Accuracy Before Retraining: 90.47, Test Loss Before Retraining: 22.808950185775757, in 231.50995922088623s
2024-12-17 16:43:17,239 INFO Test Accuracy After Retraining: 90.86999999999999, Test Loss After Retraining: 24.126452140510082, in 181.45860290527344s
2024-12-17 16:43:17,239 INFO Banzhaf Values Simple: defaultdict(<class 'float'>, {6: 0.044699316553305835, 8: 0.48498596088029444, 7: 0.0780363380908966, 2: 0.47330758406315, 5: 0.34590991912409663, 3: 0.49903963282122277, 9: 0.16143798381381202, 0: 0.16457275464199483, 1: 0.0376799387158826, 4: 0.026029322645626962})
2024-12-17 16:43:17,240 INFO Banzhaf Values Hessian: defaultdict(<class 'float'>, {6: 18.47893051058054, 8: 0.8927717888727784, 7: -19.191588640213013, 2: 5.528818234801292, 5: 0.7782354904338717, 3: 2.7219737861305475, 9: 2.529926933348179, 0: 1.832555964589119, 1: 2.3671613205224276, 4: 1.1640247367322445})
2024-12-17 16:43:17,241 INFO Actual Bad Clients: [7 6]
2024-12-17 16:48:28,547 INFO Number Of Clients: 10, Client Selection Fraction: 0.6, Local Epochs: 10, Batch Size: 128, Learning Rate: 0.01
2024-12-17 16:48:28,548 INFO Dataset: fmnist, Setting: Noisy with 2 Bad Clients and 75.0% Bad Samples Per Bad Client, Number Of Rounds: 50
2024-12-17 16:48:28,549 INFO Test Accuracy Before Retraining: 90.07, Test Loss Before Retraining: 23.568521551787853, in 186.89375257492065s
2024-12-17 16:48:28,549 INFO Test Accuracy After Retraining: 90.62, Test Loss After Retraining: 24.205877259373665, in 108.65050983428955s
2024-12-17 16:48:28,550 INFO Banzhaf Values Simple: defaultdict(<class 'float'>, {2: 0.5035863183948095, 6: 0.4531419323757291, 7: 0.44994142185896635, 5: 0.4416430329438299, 0: 0.4509062659344636, 4: 0.20908626724849455, 1: 0.06714107337757014, 9: 0.020109540433622897, 8: 0.015610392787493765, 3: 0.015065621817484498})
2024-12-17 16:48:28,550 INFO Banzhaf Values Hessian: defaultdict(<class 'float'>, {2: 0.8355522155761719, 6: 0.7827944126911461, 7: 0.6848878469318151, 5: 0.5726938294246793, 0: 1.5421388214454055, 4: 3.7336346060037613, 1: 1.5107958016451448, 9: -1.4169802963733673, 8: 0.5262136599048972, 3: 0.3941326066851616})
2024-12-17 16:48:28,551 INFO Actual Bad Clients: [9 4]
2024-12-17 16:53:31,578 INFO Number Of Clients: 10, Client Selection Fraction: 0.6, Local Epochs: 10, Batch Size: 128, Learning Rate: 0.01
2024-12-17 16:53:31,580 INFO Dataset: fmnist, Setting: Noisy with 4 Bad Clients and 100.0% Bad Samples Per Bad Client, Number Of Rounds: 50
2024-12-17 16:53:31,580 INFO Test Accuracy Before Retraining: 85.59, Test Loss Before Retraining: 33.51058351993561, in 202.85143494606018s
2024-12-17 16:53:31,582 INFO Test Accuracy After Retraining: 90.77, Test Loss After Retraining: 24.98774790763855, in 83.86107993125916s
2024-12-17 16:53:31,583 INFO Banzhaf Values Simple: defaultdict(<class 'float'>, {8: 2.1038727574050426, 5: -0.3127466607838869, 2: 1.6888865767978132, 3: 2.5392196499742568, 6: 1.8623031107708812, 1: 1.1027014723513275, 9: 1.747557073365897, 7: -1.812163496389985, 0: -1.2038839869201183, 4: -0.9768824931234121})
2024-12-17 16:53:31,584 INFO Banzhaf Values Hessian: defaultdict(<class 'float'>, {8: 281.5075471550226, 5: -34.770693028345704, 2: 155.69776468724012, 3: 402.87664994597435, 6: 280.7413458749652, 1: 39.81973969936371, 9: 190.07226893305779, 7: -166.78336334228516, 0: -50.124265909194946, 4: -32.135408878326416})
2024-12-17 16:53:31,584 INFO Actual Bad Clients: [5 0 4 7]
2024-12-17 16:57:21,371 INFO Number Of Clients: 10, Client Selection Fraction: 0.6, Local Epochs: 10, Batch Size: 128, Learning Rate: 0.01
2024-12-17 16:57:21,373 INFO Dataset: fmnist, Setting: Noisy with 4 Bad Clients and 87.5% Bad Samples Per Bad Client, Number Of Rounds: 50
2024-12-17 16:57:21,374 INFO Test Accuracy Before Retraining: 89.29, Test Loss Before Retraining: 24.935543909668922, in 131.31276988983154s
2024-12-17 16:57:21,375 INFO Test Accuracy After Retraining: 90.42, Test Loss After Retraining: 24.511768527328968, in 82.19201016426086s
2024-12-17 16:57:21,376 INFO Banzhaf Values Simple: defaultdict(<class 'float'>, {2: 0.483764223754406, 1: 0.03374547717976384, 9: 0.45776053884765133, 7: 0.38162911613471806, 5: 0.48393731378018856, 0: 0.02071610977873206, 3: 0.17837175424210727, 6: -0.041158776613883674, 4: -0.023458338517230004, 8: 0.049548663198947906})
2024-12-17 16:57:21,376 INFO Banzhaf Values Hessian: defaultdict(<class 'float'>, {2: 0.9981198776513338, 1: -0.7020239233970642, 9: 0.7047580555081367, 7: 0.9073347365483642, 5: 1.075715885963291, 0: -4.667788781225681, 3: 0.795416695997119, 6: -1.1549330651760101, 4: 0.4154602289199829, 8: 0.05193683272227645})
2024-12-17 16:57:21,377 INFO Actual Bad Clients: [6 0 4 1]
2024-12-17 17:01:48,733 INFO Number Of Clients: 10, Client Selection Fraction: 0.6, Local Epochs: 10, Batch Size: 128, Learning Rate: 0.01
2024-12-17 17:01:48,734 INFO Dataset: fmnist, Setting: Noisy with 4 Bad Clients and 75.0% Bad Samples Per Bad Client, Number Of Rounds: 50
2024-12-17 17:01:48,735 INFO Test Accuracy Before Retraining: 88.78, Test Loss Before Retraining: 26.67786455154419, in 132.41945457458496s
2024-12-17 17:01:48,736 INFO Test Accuracy After Retraining: 89.66, Test Loss After Retraining: 27.32804088294506, in 119.2004165649414s
2024-12-17 17:01:48,737 INFO Banzhaf Values Simple: defaultdict(<class 'float'>, {2: 0.29927030915860087, 0: 0.4310645377263427, 4: 0.41157918190583587, 1: 0.4763631976675242, 3: 0.45313984295353293, 5: 0.28544425079599023, 7: 0.06635508220642805, 6: 0.010752917500212789, 9: 0.01686774380505085, 8: -0.00572160619776696})
2024-12-17 17:01:48,738 INFO Banzhaf Values Hessian: defaultdict(<class 'float'>, {2: 1.0134471654891968, 0: 0.6929016429930925, 4: 0.5387386875227094, 1: 0.5818429081118666, 3: 0.596734844148159, 5: 3.4181821197271347, 7: 0.11451220698654652, 6: 1.3686522245407104, 9: 0.06407324224710464, 8: 0.36679525673389435})
2024-12-17 17:01:48,739 INFO Actual Bad Clients: [6 5 8 2]
2024-12-17 17:08:36,600 INFO Number Of Clients: 10, Client Selection Fraction: 0.6, Local Epochs: 10, Batch Size: 128, Learning Rate: 0.01
2024-12-17 17:08:36,611 INFO Dataset: fmnist, Setting: Noisy with 6 Bad Clients and 100.0% Bad Samples Per Bad Client, Number Of Rounds: 50
2024-12-17 17:08:36,612 INFO Test Accuracy Before Retraining: 10.0, Test Loss Before Retraining: 97.4658975601196, in 285.4683165550232s
2024-12-17 17:08:36,612 INFO Test Accuracy After Retraining: 90.27, Test Loss After Retraining: 26.10211619362235, in 105.82947731018066s
2024-12-17 17:08:36,613 INFO Banzhaf Values Simple: defaultdict(<class 'float'>, {1: 13.170385494828224, 3: 17.65430924296379, 5: -7.997370931319892, 7: 16.312592297792435, 8: -5.939681590534747, 4: 15.016218438744545, 0: -5.451233692467213, 6: -4.517750151455402, 9: -5.227501600980759, 2: -7.966445133090019})
2024-12-17 17:08:36,614 INFO Banzhaf Values Hessian: defaultdict(<class 'float'>, {1: 5685.716981947422, 3: 8595.922427773476, 5: -1028.9524422017857, 7: 7210.382461369038, 8: -448.02440649364144, 4: 6527.852035313845, 0: -766.9662942290306, 6: -210.42993837594986, 9: -677.8541667461395, 2: -1368.2370325922966})
2024-12-17 17:08:36,615 INFO Actual Bad Clients: [6 5 0 2 8 9]
2024-12-17 17:13:43,738 INFO Number Of Clients: 10, Client Selection Fraction: 0.6, Local Epochs: 10, Batch Size: 128, Learning Rate: 0.01
2024-12-17 17:13:43,740 INFO Dataset: fmnist, Setting: Noisy with 6 Bad Clients and 87.5% Bad Samples Per Bad Client, Number Of Rounds: 50
2024-12-17 17:13:43,741 INFO Test Accuracy Before Retraining: 87.11, Test Loss Before Retraining: 29.301265105605125, in 217.83201575279236s
2024-12-17 17:13:43,742 INFO Test Accuracy After Retraining: 89.78, Test Loss After Retraining: 27.688457533717155, in 73.43777751922607s
2024-12-17 17:13:43,743 INFO Banzhaf Values Simple: defaultdict(<class 'float'>, {1: 0.814589208457619, 4: 0.06611179653555155, 3: 0.5692715970799327, 9: 0.573979145847261, 8: 0.058547434920910746, 7: 0.07659659208729863, 2: -0.03176989033818245, 6: -0.0026887354033533484, 5: -0.07842299435287714, 0: 0.17459655739367008})
2024-12-17 17:13:43,743 INFO Banzhaf Values Hessian: defaultdict(<class 'float'>, {1: 3.3973518749698997, 4: 71.32645492255688, 3: 1.5990165043622255, 9: 2.504283159971237, 8: 7.506307736039162, 7: -2.961869542952627, 2: -5.124408520758152, 6: -1.5018438980914652, 5: -5.92214469332248, 0: 1.7343472614884377})
2024-12-17 17:13:43,744 INFO Actual Bad Clients: [7 5 6 2 8 4]
2024-12-17 17:20:25,456 INFO Number Of Clients: 10, Client Selection Fraction: 0.6, Local Epochs: 10, Batch Size: 128, Learning Rate: 0.01
2024-12-17 17:20:25,457 INFO Dataset: fmnist, Setting: Noisy with 6 Bad Clients and 75.0% Bad Samples Per Bad Client, Number Of Rounds: 50
2024-12-17 17:20:25,458 INFO Test Accuracy Before Retraining: 89.60000000000001, Test Loss Before Retraining: 25.50489128381014, in 251.87691497802734s
2024-12-17 17:20:25,458 INFO Test Accuracy After Retraining: 89.5, Test Loss After Retraining: 26.314443312585354, in 133.80682754516602s
2024-12-17 17:20:25,459 INFO Banzhaf Values Simple: defaultdict(<class 'float'>, {0: 0.1780663827303215, 7: 0.45644408045336604, 8: 0.46030588634312153, 3: 0.2564216189784929, 5: 0.22111358087568078, 4: 0.2874382982845418, 6: 0.0478825178288389, 9: 0.12766182888299227, 2: 0.13100048783235252, 1: -0.006934049248229712})
2024-12-17 17:20:25,459 INFO Banzhaf Values Hessian: defaultdict(<class 'float'>, {0: 2.4454857606906444, 7: 0.7868054653517902, 8: 0.7800392259960063, 3: 3.169535679742694, 5: 1.6364568183198571, 4: -2.765954703092575, 6: 1.3342091017402709, 9: 0.5016392329707742, 2: 1.300885490141809, 1: 2.6191521817818284})
2024-12-17 17:20:25,460 INFO Actual Bad Clients: [4 6 0 5 3 1]
2024-12-17 17:27:06,122 INFO Number Of Clients: 10, Client Selection Fraction: 0.6, Local Epochs: 10, Batch Size: 128, Learning Rate: 0.01
2024-12-17 17:27:06,123 INFO Dataset: fmnist, Setting: Noisy with 8 Bad Clients and 100.0% Bad Samples Per Bad Client, Number Of Rounds: 50
2024-12-17 17:27:06,124 INFO Test Accuracy Before Retraining: 10.0, Test Loss Before Retraining: 57.318118095398, in 286.9499943256378s
2024-12-17 17:27:06,125 INFO Test Accuracy After Retraining: 86.19, Test Loss After Retraining: 29.605734810233116, in 97.37576913833618s
2024-12-17 17:27:06,125 INFO Banzhaf Values Simple: defaultdict(<class 'float'>, {7: 2.304827857762575, 2: 4.04460572078824, 1: -4.5598920695483685, 6: -2.7854029163718224, 0: 6.718531347811222, 8: 46.94459927082062, 3: 87.9761734008789, 5: -1.5799993872642517, 4: -5.027909159660339, 9: -7.9014922976493835})
2024-12-17 17:27:06,126 INFO Banzhaf Values Hessian: defaultdict(<class 'float'>, {7: -296.88959224149585, 2: -70.84480227157474, 1: -333.3469632975757, 6: -61.77258910983801, 0: -32.85064723342657, 8: 14638.620972514153, 3: 59625.60711669922, 5: -365.28060734272003, 4: -249.0377939939499, 9: -260.76988315582275})
2024-12-17 17:27:06,127 INFO Actual Bad Clients: [2 4 5 9 7 1 6 0]
2024-12-17 17:34:22,749 INFO Number Of Clients: 10, Client Selection Fraction: 0.6, Local Epochs: 10, Batch Size: 128, Learning Rate: 0.01
2024-12-17 17:34:22,751 INFO Dataset: fmnist, Setting: Noisy with 8 Bad Clients and 87.5% Bad Samples Per Bad Client, Number Of Rounds: 50
2024-12-17 17:34:22,752 INFO Test Accuracy Before Retraining: 80.2, Test Loss Before Retraining: 49.49811968207359, in 282.62650442123413s
2024-12-17 17:34:22,752 INFO Test Accuracy After Retraining: 85.71, Test Loss After Retraining: 35.87189853191376, in 138.05050992965698s
2024-12-17 17:34:22,753 INFO Banzhaf Values Simple: defaultdict(<class 'float'>, {1: 0.14613573090173304, 9: 0.1363531579845585, 4: 0.058633762411773205, 0: 0.07438245286175516, 6: 0.057104890584014356, 2: 0.8125705178827047, 7: 0.01544186263345182, 8: 0.5175363309681416, 3: 0.0859169928880874, 5: -0.03966111852787435})
2024-12-17 17:34:22,754 INFO Banzhaf Values Hessian: defaultdict(<class 'float'>, {1: -3.053331023082137, 9: -3.520070880651474, 4: -1.4052385836839676, 0: -1.1242042323574424, 6: -0.3531368114054203, 2: 5.2995580062270164, 7: -5.5739410519599915, 8: 3.8956796675920486, 3: -4.681504141539335, 5: -1.547036498785019})
2024-12-17 17:34:22,755 INFO Actual Bad Clients: [1 0 5 6 4 7 3 9]
2024-12-17 17:38:44,739 INFO Number Of Clients: 10, Client Selection Fraction: 0.6, Local Epochs: 10, Batch Size: 128, Learning Rate: 0.01
2024-12-17 17:38:44,741 INFO Dataset: fmnist, Setting: Noisy with 8 Bad Clients and 75.0% Bad Samples Per Bad Client, Number Of Rounds: 50
2024-12-17 17:38:44,741 INFO Test Accuracy Before Retraining: 88.22, Test Loss Before Retraining: 28.11619595438242, in 136.52479124069214s
2024-12-17 17:38:44,742 INFO Test Accuracy After Retraining: 86.57000000000001, Test Loss After Retraining: 32.93737372756004, in 109.0588812828064s
2024-12-17 17:38:44,743 INFO Banzhaf Values Simple: defaultdict(<class 'float'>, {6: 0.22395077925466467, 9: 0.1922703688032925, 0: 0.2107957738917321, 2: 0.26663130638189614, 8: 0.23249692424724344, 5: 0.4338465048931539, 3: 0.05515871464740485, 4: 0.04941012983908877, 1: 0.05375249218195677, 7: 0.00380863924510777})
2024-12-17 17:38:44,743 INFO Banzhaf Values Hessian: defaultdict(<class 'float'>, {6: 0.30286172474734485, 9: 0.2380046699399827, 0: 0.17132943589240313, 2: 0.2299883053638041, 8: 0.23608563002198935, 5: 0.7008017227926757, 3: 0.059896983206272125, 4: -0.9400116726756096, 1: 0.2616608527023345, 7: 0.010161197744309902})
2024-12-17 17:38:44,744 INFO Actual Bad Clients: [4 8 6 9 2 0 7 3]

