2024-12-05 18:49:45,548 INFO Number Of Clients: 10, Client Selection Fraction: 0.6, Local Epochs: 10, Batch Size: 128, Learning Rate: 0.01
2024-12-05 18:49:45,549 INFO Dataset: fmnist, Setting: Noisy with 2 Bad Clients and 60.0% Bad Samples Per Bad Client, Number Of Rounds: 50
2024-12-05 18:49:45,549 INFO Test Accuracy Before Retraining: 90.55, Test Loss Before Retraining: 22.741749584674835, in 170.9115912914276s
2024-12-05 18:49:45,549 INFO Test Accuracy After Retraining: 90.21000000000001, Test Loss After Retraining: 24.68229802697897, in 179.38967180252075s
2024-12-05 18:49:45,550 INFO Banzhaf Values Simple: defaultdict(<class 'float'>, {7: 0.47513839101884514, 4: 0.28303005604539067, 6: 0.4746448462465196, 1: 0.4546756484269281, 9: 0.2972100511397002, 2: 0.38834167644381523, 5: 0.062384883836784866, 8: 0.013366844272240996, 3: 0.008528084959834814, 0: 0.0044066797199775465})
2024-12-05 18:49:45,550 INFO Banzhaf Values Hessian: defaultdict(<class 'float'>, {7: 2.582591397687793, 4: 25.49855011701584, 6: 1.4333863500505686, 1: 2.4405822288244963, 9: 23.070228189229965, 2: 0.6633722982369363, 5: 0.9270335342735052, 8: 0.39487658720463514, 3: 0.5494398027658463, 0: 0.41286383010447025})
2024-12-05 18:49:45,550 INFO Actual Bad Clients: [4 9]
2024-12-05 20:22:08,799 INFO Number Of Clients: 10, Client Selection Fraction: 0.6, Local Epochs: 10, Batch Size: 128, Learning Rate: 0.01
2024-12-05 20:22:08,807 INFO Dataset: fmnist, Setting: Noisy with 2 Bad Clients and 40.0% Bad Samples Per Bad Client, Number Of Rounds: 50
2024-12-05 20:22:08,808 INFO Test Accuracy Before Retraining: 91.08000000000001, Test Loss Before Retraining: 21.59363365918398, in 164.7519063949585s
2024-12-05 20:22:08,809 INFO Test Accuracy After Retraining: 90.86999999999999, Test Loss After Retraining: 23.705586530268192, in 203.3213050365448s
2024-12-05 20:22:08,810 INFO Banzhaf Values Simple: defaultdict(<class 'float'>, {5: 0.2861819953250233, 7: 0.3530933356960304, 1: 0.3854964943602681, 8: 0.3768358619417995, 4: 0.2549940376775339, 9: 0.35623739508446306, 3: 0.04112161789089441, 2: 0.037843655602046056, 0: 0.043478585430420935, 6: 0.009241438936442137})
2024-12-05 20:22:08,811 INFO Banzhaf Values Hessian: defaultdict(<class 'float'>, {5: 0.9410044997930527, 7: 0.3734407019801438, 1: 0.4330908413976431, 8: 0.38709101639688015, 4: 1.405797589570284, 9: 0.264773812101339, 3: -0.0074188190046697855, 2: 0.23439410561695695, 0: -0.01654329989105463, 6: -0.12603250378742814})
2024-12-05 20:22:08,813 INFO Actual Bad Clients: [5 4]
2024-12-05 21:56:41,710 INFO Number Of Clients: 10, Client Selection Fraction: 0.6, Local Epochs: 10, Batch Size: 128, Learning Rate: 0.01
2024-12-05 21:56:41,712 INFO Dataset: fmnist, Setting: Noisy with 2 Bad Clients and 20.0% Bad Samples Per Bad Client, Number Of Rounds: 50
2024-12-05 21:56:41,713 INFO Test Accuracy Before Retraining: 91.3, Test Loss Before Retraining: 21.36124224215746, in 267.0476915836334s
2024-12-05 21:56:41,714 INFO Test Accuracy After Retraining: 90.18, Test Loss After Retraining: 24.33430828899145, in 93.58786988258362s
2024-12-05 21:56:41,715 INFO Banzhaf Values Simple: defaultdict(<class 'float'>, {8: 0.3689369557687314, 9: 0.3084029327146709, 3: 0.3417154977796599, 1: 0.36117722431663424, 6: 0.3651957677793689, 4: 0.32066298093559453, 7: 0.03624335441418225, 2: 0.0305086885127821, 5: 0.013955311762401834, 0: 0.00810531890601851})
2024-12-05 21:56:41,716 INFO Banzhaf Values Hessian: defaultdict(<class 'float'>, {8: 3.123420527204871, 9: 8.625121958553791, 3: 1.065118320286274, 1: 2.109544367995113, 6: 5.324973382055759, 4: 1.7566983848810196, 7: 2.889516716822982, 2: 3.516909255646169, 5: 1.4167529214173555, 0: 31.11234488710761})
2024-12-05 21:56:41,717 INFO Actual Bad Clients: [9 0]
2024-12-05 23:20:15,909 INFO Number Of Clients: 10, Client Selection Fraction: 0.6, Local Epochs: 10, Batch Size: 128, Learning Rate: 0.01
2024-12-05 23:20:15,911 INFO Dataset: fmnist, Setting: Noisy with 4 Bad Clients and 60.0% Bad Samples Per Bad Client, Number Of Rounds: 50
2024-12-05 23:20:15,912 INFO Test Accuracy Before Retraining: 89.34, Test Loss Before Retraining: 24.075248658657074, in 167.2621841430664s
2024-12-05 23:20:15,914 INFO Test Accuracy After Retraining: 89.22, Test Loss After Retraining: 25.184035032987595, in 141.16651248931885s
2024-12-05 23:20:15,915 INFO Banzhaf Values Simple: defaultdict(<class 'float'>, {0: 0.16883652983233333, 4: 0.35206805099733174, 1: 0.20002941880375147, 8: 0.37464118003845215, 3: 0.42046993831172585, 6: 0.2114577393513173, 2: 0.11257059406489134, 5: 0.04216958209872246, 9: 0.030833539552986622, 7: 0.02150376746430993})
2024-12-05 23:20:15,916 INFO Banzhaf Values Hessian: defaultdict(<class 'float'>, {0: 0.2479274570941925, 4: 0.6854333113878965, 1: -7.987738683819771, 8: 0.6258692443370819, 3: 1.6296278657391667, 6: -5.241580931469798, 2: 1.6492181280627847, 5: -3.2389946281909943, 9: 0.4060249663889408, 7: 0.4601763002574444})
2024-12-05 23:20:15,917 INFO Actual Bad Clients: [5 0 1 6]
2024-12-06 00:48:31,999 INFO Number Of Clients: 10, Client Selection Fraction: 0.6, Local Epochs: 10, Batch Size: 128, Learning Rate: 0.01
2024-12-06 00:48:32,012 INFO Dataset: fmnist, Setting: Noisy with 4 Bad Clients and 40.0% Bad Samples Per Bad Client, Number Of Rounds: 50
2024-12-06 00:48:32,013 INFO Test Accuracy Before Retraining: 90.45, Test Loss Before Retraining: 22.574588634073734, in 174.68373656272888s
2024-12-06 00:48:32,013 INFO Test Accuracy After Retraining: 90.25999999999999, Test Loss After Retraining: 24.739877969026566, in 107.37243986129761s
2024-12-06 00:48:32,014 INFO Banzhaf Values Simple: defaultdict(<class 'float'>, {7: 0.27597913329373114, 8: 0.39498642017133534, 0: 0.3938559836242348, 3: 0.389118040795438, 2: 0.3806641291594133, 5: 0.42381944274529815, 6: 0.010260390641633421, 4: 0.01167193756555207, 1: -0.005720715165807633, 9: 0.00808804389089346})
2024-12-06 00:48:32,014 INFO Banzhaf Values Hessian: defaultdict(<class 'float'>, {7: 7.18123359978199, 8: 1.3575122952461243, 0: 3.200238760560751, 3: 1.397801170591265, 2: 2.2466392517089844, 5: 1.580700914375484, 6: 4.482973128557205, 4: 1.5372877167537808, 1: 1.3997676968574524, 9: 0.15446999669075012})
2024-12-06 00:48:32,017 INFO Actual Bad Clients: [4 6 7 1]
2024-12-06 02:13:18,901 INFO Number Of Clients: 10, Client Selection Fraction: 0.6, Local Epochs: 10, Batch Size: 128, Learning Rate: 0.01
2024-12-06 02:13:18,911 INFO Dataset: fmnist, Setting: Noisy with 4 Bad Clients and 20.0% Bad Samples Per Bad Client, Number Of Rounds: 50
2024-12-06 02:13:18,912 INFO Test Accuracy Before Retraining: 91.10000000000001, Test Loss Before Retraining: 21.832589209079742, in 173.75074744224548s
2024-12-06 02:13:18,912 INFO Test Accuracy After Retraining: 90.25, Test Loss After Retraining: 23.264615558087826, in 93.09493970870972s
2024-12-06 02:13:18,913 INFO Banzhaf Values Simple: defaultdict(<class 'float'>, {8: 0.3300922126509249, 0: 0.27874084741051774, 3: 0.3629398987395689, 5: 0.30378224642481655, 9: 0.36870278033893555, 4: 0.37971081055002287, 2: 0.04247440805193037, 1: 0.006541706665302627, 6: 0.006654811906628311, 7: 0.003883279161527753})
2024-12-06 02:13:18,914 INFO Banzhaf Values Hessian: defaultdict(<class 'float'>, {8: 0.7796152085065842, 0: 9.144302815198898, 3: 4.498329849913716, 5: 4.0947499964386225, 9: 1.5875496249645948, 4: 1.9302995456382632, 2: 2.425164313055575, 1: 3.2519639544188976, 6: 1.42125434987247, 7: 0.07903730124235153})
2024-12-06 02:13:18,914 INFO Actual Bad Clients: [6 5 1 0]
2024-12-06 03:32:50,172 INFO Number Of Clients: 10, Client Selection Fraction: 0.6, Local Epochs: 10, Batch Size: 128, Learning Rate: 0.01
2024-12-06 03:32:50,173 INFO Dataset: fmnist, Setting: Noisy with 6 Bad Clients and 60.0% Bad Samples Per Bad Client, Number Of Rounds: 50
2024-12-06 03:32:50,174 INFO Test Accuracy Before Retraining: 88.98, Test Loss Before Retraining: 25.351127676665783, in 251.36538219451904s
2024-12-06 03:32:50,174 INFO Test Accuracy After Retraining: 88.32, Test Loss After Retraining: 26.22926725447178, in 135.35376119613647s
2024-12-06 03:32:50,174 INFO Banzhaf Values Simple: defaultdict(<class 'float'>, {0: 0.2791587025858462, 2: 0.5215531270951033, 1: 0.24882902402896434, 4: 0.29737784730968997, 3: 0.31489712360780686, 7: 0.42676560836844146, 5: 0.10686582117341459, 9: 0.02198352653067559, 6: 0.06491209100931883, 8: -0.008643860695883632})
2024-12-06 03:32:50,175 INFO Banzhaf Values Hessian: defaultdict(<class 'float'>, {0: -14.793524526059628, 2: 7.777969881892204, 1: -5.2237719893455505, 4: -2.59549942612648, 3: 4.991443298757076, 7: 2.029096867889166, 5: 2.491879239678383, 9: -2.6167044043540955, 6: 3.4241346530616283, 8: -2.35705828666687})
2024-12-06 03:32:50,176 INFO Actual Bad Clients: [8 0 3 9 1 4]
2024-12-06 04:55:13,772 INFO Number Of Clients: 10, Client Selection Fraction: 0.6, Local Epochs: 10, Batch Size: 128, Learning Rate: 0.01
2024-12-06 04:55:13,773 INFO Dataset: fmnist, Setting: Noisy with 6 Bad Clients and 40.0% Bad Samples Per Bad Client, Number Of Rounds: 50
2024-12-06 04:55:13,774 INFO Test Accuracy Before Retraining: 90.39, Test Loss Before Retraining: 22.76333738863468, in 203.52005410194397s
2024-12-06 04:55:13,775 INFO Test Accuracy After Retraining: 90.45, Test Loss After Retraining: 22.96544474363327, in 150.0387659072876s
2024-12-06 04:55:13,776 INFO Banzhaf Values Simple: defaultdict(<class 'float'>, {4: 0.26937756047118455, 3: 0.27723359284573235, 0: 0.5086479058954865, 2: 0.25258687759924214, 5: 0.25198723463108763, 6: 0.5146110281930305, 9: 0.11806102003902197, 7: 0.07338776625692844, 8: 0.048451260838191956, 1: -0.005195076111704111})
2024-12-06 04:55:13,776 INFO Banzhaf Values Hessian: defaultdict(<class 'float'>, {4: -5.069470949470997, 3: -5.1836880296468735, 0: 10.966252798069036, 2: -7.981629006564617, 5: -7.375514444895089, 6: 9.812119371723384, 9: 8.631430396810174, 7: 0.07786413002759218, 8: -5.678023178130388, 1: -8.567950863391161})
2024-12-06 04:55:13,778 INFO Actual Bad Clients: [1 4 8 2 5 3]
2024-12-06 06:16:49,215 INFO Number Of Clients: 10, Client Selection Fraction: 0.6, Local Epochs: 10, Batch Size: 128, Learning Rate: 0.01
2024-12-06 06:16:49,217 INFO Dataset: fmnist, Setting: Noisy with 6 Bad Clients and 20.0% Bad Samples Per Bad Client, Number Of Rounds: 50
2024-12-06 06:16:49,218 INFO Test Accuracy Before Retraining: 90.5, Test Loss Before Retraining: 22.149263203144073, in 171.50311613082886s
2024-12-06 06:16:49,218 INFO Test Accuracy After Retraining: 90.08, Test Loss After Retraining: 24.20329900085926, in 120.31824946403503s
2024-12-06 06:16:49,219 INFO Banzhaf Values Simple: defaultdict(<class 'float'>, {7: 0.4774876858573407, 3: 0.32495260739233345, 5: 0.32512907235650346, 9: 0.458644887432456, 8: 0.3563017570413649, 2: 0.3427495606265438, 0: 0.05472903253394179, 4: 0.0624118730193004, 1: 0.0051958924741484225, 6: 0.013009804766625166})
2024-12-06 06:16:49,221 INFO Banzhaf Values Hessian: defaultdict(<class 'float'>, {7: 1.679984122980386, 3: 0.8793905368074775, 5: 0.5441517233848572, 9: 1.2850607712753117, 8: 0.09989460930228233, 2: 0.353120107203722, 0: -0.29162071645259857, 4: 1.871659941971302, 1: 0.02076646126806736, 6: 0.20045937784016132})
2024-12-06 06:16:49,222 INFO Actual Bad Clients: [3 5 8 0 1 2]
2024-12-06 07:32:01,200 INFO Number Of Clients: 10, Client Selection Fraction: 0.6, Local Epochs: 10, Batch Size: 128, Learning Rate: 0.01
2024-12-06 07:32:01,208 INFO Dataset: fmnist, Setting: Noisy with 8 Bad Clients and 60.0% Bad Samples Per Bad Client, Number Of Rounds: 50
2024-12-06 07:32:01,208 INFO Test Accuracy Before Retraining: 88.11, Test Loss Before Retraining: 27.76797953248024, in 246.34196162223816s
2024-12-06 07:32:01,209 INFO Test Accuracy After Retraining: 88.26, Test Loss After Retraining: 27.22733037173748, in 138.6633915901184s
2024-12-06 07:32:01,210 INFO Banzhaf Values Simple: defaultdict(<class 'float'>, {0: 0.2847330428776331, 5: 0.23570349509827793, 7: 0.7400796986185014, 9: 0.22654666821472347, 6: 0.2224422317231074, 1: 0.3013947557483334, 4: 0.0453616043087095, 8: 0.3201518580317497, 2: -0.010922262925305404, 3: -0.0033721822692314163})
2024-12-06 07:32:01,210 INFO Banzhaf Values Hessian: defaultdict(<class 'float'>, {0: -74.00270588696003, 5: -115.14685152471066, 7: 92.64271557331085, 9: -25.59758721292019, 6: -38.59758608043194, 1: -22.731367871165276, 4: -81.58208703994751, 8: 89.27465218305588, 2: -19.785955548286438, 3: -4.651234030723572})
2024-12-06 07:32:01,212 INFO Actual Bad Clients: [1 2 4 3 6 0 9 5]
2024-12-06 08:54:30,100 INFO Number Of Clients: 10, Client Selection Fraction: 0.6, Local Epochs: 10, Batch Size: 128, Learning Rate: 0.01
2024-12-06 08:54:30,109 INFO Dataset: fmnist, Setting: Noisy with 8 Bad Clients and 40.0% Bad Samples Per Bad Client, Number Of Rounds: 50
2024-12-06 08:54:30,111 INFO Test Accuracy Before Retraining: 89.87, Test Loss Before Retraining: 24.636391684412956, in 247.72952151298523s
2024-12-06 08:54:30,112 INFO Test Accuracy After Retraining: 88.47, Test Loss After Retraining: 28.569670364260674, in 117.67247462272644s
2024-12-06 08:54:30,113 INFO Banzhaf Values Simple: defaultdict(<class 'float'>, {3: 0.23317198910808656, 1: 0.29879046059795655, 5: 0.30293247988447547, 7: 0.5428729904815555, 8: 0.2854687656799797, 9: 0.23562758291518549, 6: 0.07087086865794845, 0: 0.08350037877244176, 4: 0.06641701515763998, 2: 0.0024911802320275456})
2024-12-06 08:54:30,114 INFO Banzhaf Values Hessian: defaultdict(<class 'float'>, {3: -0.7903970554471016, 1: -6.616960622370243, 5: -24.189370438456535, 7: 12.200780779123306, 8: -7.344440698623657, 9: -4.415626034140587, 6: -5.8737406730651855, 0: -16.48672044277191, 4: 5.341460287570953, 2: -10.082691222429276})
2024-12-06 08:54:30,116 INFO Actual Bad Clients: [3 9 1 0 6 2 5 8]
2024-12-06 10:13:39,426 INFO Number Of Clients: 10, Client Selection Fraction: 0.6, Local Epochs: 10, Batch Size: 128, Learning Rate: 0.01
2024-12-06 10:13:39,427 INFO Dataset: fmnist, Setting: Noisy with 8 Bad Clients and 20.0% Bad Samples Per Bad Client, Number Of Rounds: 50
2024-12-06 10:13:39,428 INFO Test Accuracy Before Retraining: 90.3, Test Loss Before Retraining: 22.7733838185668, in 173.79643368721008s
2024-12-06 10:13:39,429 INFO Test Accuracy After Retraining: 90.14, Test Loss After Retraining: 24.167851865291595, in 111.59208559989929s
2024-12-06 10:13:39,430 INFO Banzhaf Values Simple: defaultdict(<class 'float'>, {1: 0.3879756890819408, 7: 0.40509159630164504, 6: 0.3794092012103647, 0: 0.42111172181466827, 8: 0.40559313114499673, 4: 0.3496119200717658, 5: 0.0488157472864259, 2: 0.042010547243990004, 9: 0.006859606073703617, 3: 0.022674680687487125})
2024-12-06 10:13:39,431 INFO Banzhaf Values Hessian: defaultdict(<class 'float'>, {1: -1.1315791010856628, 7: 1.5944381803274155, 6: 0.039921244606375694, 0: -0.223170705139637, 8: 0.12443115375936031, 4: -0.5748185273259878, 5: 0.005760804051533341, 2: -0.6735217981040478, 9: -1.1657622307538986, 3: 0.32509604282677174})
2024-12-06 10:13:39,433 INFO Actual Bad Clients: [8 5 4 0 1 6 2 9]
