2024-12-06 12:27:13,448 INFO Run 0: Adding Gaussian noise with std=0.0
2024-12-06 13:10:36,799 INFO Number Of Clients: 10, Client Selection Fraction: 0.6, Local Epochs: 10
2024-12-06 13:10:36,803 INFO Batch Size: 128, Learning Rate: 0.01, Momentum: 0.9
2024-12-06 13:10:36,803 INFO Dataset: cifar, Setting: Non IID with 2 Bad Clients and 4 Categories Per Bad Client, Number Of Rounds: 15
2024-12-06 13:10:36,804 INFO Test Accuracy: 44.13%, Test Loss: 241.4246370792389
2024-12-06 13:10:36,804 INFO Banzhaf Values Simple: defaultdict(<class 'float'>, {0: 0.8465873980894685, 1: 0.7683015326038003, 2: 0.741802467033267, 3: 0.8197888089343905, 4: 0.8602645387873054, 5: 0.8254215540364385, 6: -3.0615032620262355, 7: -2.753715088358149, 8: 0.7398575842380524, 9: 0.8232720419764519})
2024-12-06 13:10:36,804 INFO Banzhaf Values Hessian: defaultdict(<class 'float'>, {0: 224.6912272432819, 1: 270.9390477128327, 2: 266.0145312845707, 3: 273.8386433577398, 4: 276.53875025501475, 5: 282.1323773993645, 6: -177.38555761496536, 7: -245.15053112525493, 8: 254.11783392727375, 9: 366.55370350182056})
2024-12-06 13:10:36,805 INFO Shapley Values: defaultdict(<class 'float'>, {2: 0.17571071428571433, 4: 0.25118928571428567, 3: 0.24626571428571428, 7: -0.7185085714285714, 1: 0.23867357142857137, 8: 0.1960885714285714, 5: 0.22770500000000002, 6: -0.7420357142857144, 0: 0.25811357142857144, 9: 0.19929785714285714})
2024-12-06 13:10:36,805 INFO Influence Function Values: defaultdict(<class 'float'>, {0: 87.3028211593628, 1: 88.18865966796875, 2: 88.76502990722656, 3: 87.64077949523926, 4: 87.00704002380371, 5: 88.57102298736572, 6: 82.78843307495117, 7: 81.05134201049805, 8: 87.66705226898193, 9: 88.98357582092285})
2024-12-06 13:10:36,806 INFO Actual Bad Clients: [6, 7]
2024-12-06 13:10:36,806 INFO Predicted Bad Clients Banzhaf Simple: [6, 7]
2024-12-06 13:10:36,806 INFO Predicted Bad Clients Banzhaf Hessian: [6, 7]
2024-12-06 13:10:36,806 INFO Predicted Bad Clients Shapley: [7, 6]
2024-12-06 13:10:36,807 INFO Predicted Bad Clients Influence: []
2024-12-06 13:10:36,807 INFO Bad Client Accuracy Banzhaf Simple: 1.0
2024-12-06 13:10:36,807 INFO Bad Client Accuracy Banzhaf Hessian: 1.0
2024-12-06 13:10:36,807 INFO Bad Client Accuracy Shapley: 1.0
2024-12-06 13:10:36,807 INFO Bad Client Accuracy Influence: 0.0
2024-12-06 13:10:36,808 INFO Runtimes: {'abvs': 4.007800340652466, 'abvh': 34.53071975708008, 'sv': 1993.745442867279, 'if': 0.020531415939331055}

2024-12-06 13:10:36,808 INFO Run 1: Adding Gaussian noise with std=0.25
2024-12-06 13:54:02,190 INFO Number Of Clients: 10, Client Selection Fraction: 0.6, Local Epochs: 10
2024-12-06 13:54:02,191 INFO Batch Size: 128, Learning Rate: 0.01, Momentum: 0.9
2024-12-06 13:54:02,191 INFO Dataset: cifar, Setting: Non IID with 2 Bad Clients and 4 Categories Per Bad Client, Number Of Rounds: 15
2024-12-06 13:54:02,192 INFO Test Accuracy: 43.81%, Test Loss: 253.7792613506317
2024-12-06 13:54:02,192 INFO Banzhaf Values Simple: defaultdict(<class 'float'>, {0: 0.9102234579622746, 1: 0.7915987763553858, 2: 0.7672495618462563, 3: 0.7341593839228153, 4: 0.9467336684465408, 5: 0.6404135376214981, 6: -2.486227199435234, 7: -2.351233199238777, 8: 0.6205495786853135, 9: 0.6106951162219048})
2024-12-06 13:54:02,193 INFO Banzhaf Values Hessian: defaultdict(<class 'float'>, {0: 159.75669472664595, 1: 203.37012208253145, 2: 181.45043244212866, 3: 162.8574102446437, 4: 204.40214671939611, 5: 163.5938157439232, 6: -120.06015928089619, 7: -161.17740042507648, 8: 154.7918115593493, 9: 219.45264549553394})
2024-12-06 13:54:02,193 INFO Shapley Values: defaultdict(<class 'float'>, {0: 0.14780500000000002, 8: 0.12732857142857137, 4: 0.12924642857142857, 5: 0.12150571428571429, 2: 0.1098414285714286, 3: 0.11685785714285714, 9: 0.11548785714285714, 6: -0.5295957142857143, 7: -0.5039757142857142, 1: 0.1623014285714286})
2024-12-06 13:54:02,193 INFO Influence Function Values: defaultdict(<class 'float'>, {0: 90.35802173614502, 1: 90.68913078308105, 2: 90.08773136138916, 3: 87.91528987884521, 4: 89.62232112884521, 5: 89.7382001876831, 6: 85.12464237213135, 7: 83.94122123718262, 8: 90.58639812469482, 9: 89.65926456451416})
2024-12-06 13:54:02,194 INFO Actual Bad Clients: [6, 7]
2024-12-06 13:54:02,194 INFO Predicted Bad Clients Banzhaf Simple: [6, 7]
2024-12-06 13:54:02,195 INFO Predicted Bad Clients Banzhaf Hessian: [6, 7]
2024-12-06 13:54:02,195 INFO Predicted Bad Clients Shapley: [6, 7]
2024-12-06 13:54:02,196 INFO Predicted Bad Clients Influence: []
2024-12-06 13:54:02,196 INFO Bad Client Accuracy Banzhaf Simple: 1.0
2024-12-06 13:54:02,197 INFO Bad Client Accuracy Banzhaf Hessian: 1.0
2024-12-06 13:54:02,197 INFO Bad Client Accuracy Shapley: 1.0
2024-12-06 13:54:02,197 INFO Bad Client Accuracy Influence: 0.0
2024-12-06 13:54:02,198 INFO Runtimes: {'abvs': 3.553098678588867, 'abvh': 34.501808643341064, 'sv': 1997.2174201011658, 'if': 0.006711483001708984}

2024-12-06 13:54:02,199 INFO Run 2: Adding Gaussian noise with std=0.5
2024-12-06 14:37:25,499 INFO Number Of Clients: 10, Client Selection Fraction: 0.6, Local Epochs: 10
2024-12-06 14:37:25,502 INFO Batch Size: 128, Learning Rate: 0.01, Momentum: 0.9
2024-12-06 14:37:25,502 INFO Dataset: cifar, Setting: Non IID with 2 Bad Clients and 4 Categories Per Bad Client, Number Of Rounds: 15
2024-12-06 14:37:25,503 INFO Test Accuracy: 44.46%, Test Loss: 228.89570498466492
2024-12-06 14:37:25,503 INFO Banzhaf Values Simple: defaultdict(<class 'float'>, {0: 0.8125243596732616, 1: 0.7069981433451176, 2: 0.682548550888896, 3: 0.776911998167634, 4: 0.8539522551000118, 5: 0.6427899654954672, 6: -2.297566369175911, 7: -2.0231300368905067, 8: 0.6713953167200089, 9: 0.6509713940322399})
2024-12-06 14:37:25,504 INFO Banzhaf Values Hessian: defaultdict(<class 'float'>, {0: 107.0095926374197, 1: 134.10203673690557, 2: 111.75130662322044, 3: 118.4758760035038, 4: 134.8511648029089, 5: 107.50716814398766, 6: -106.6187998354435, 7: -137.21434532105923, 8: 113.42939598858356, 9: 145.06867841631174})
2024-12-06 14:37:25,504 INFO Shapley Values: defaultdict(<class 'float'>, {5: 0.13287428571428572, 0: 0.16272142857142857, 8: 0.1402014285714286, 7: -0.5016507142857143, 2: 0.10885642857142855, 9: 0.10346285714285713, 3: 0.10948857142857142, 6: -0.5425514285714287, 4: 0.14552785714285713, 1: 0.14756928571428568})
2024-12-06 14:37:25,505 INFO Influence Function Values: defaultdict(<class 'float'>, {0: 91.83613109588623, 1: 91.56602478027344, 2: 91.73134326934814, 3: 90.61865139007568, 4: 90.55345344543457, 5: 90.54874229431152, 6: 87.1802453994751, 7: 85.00438404083252, 8: 91.04306221008301, 9: 91.48605728149414})
2024-12-06 14:37:25,506 INFO Actual Bad Clients: [6, 7]
2024-12-06 14:37:25,506 INFO Predicted Bad Clients Banzhaf Simple: [6, 7]
2024-12-06 14:37:25,506 INFO Predicted Bad Clients Banzhaf Hessian: [6, 7]
2024-12-06 14:37:25,507 INFO Predicted Bad Clients Shapley: [7, 6]
2024-12-06 14:37:25,507 INFO Predicted Bad Clients Influence: []
2024-12-06 14:37:25,508 INFO Bad Client Accuracy Banzhaf Simple: 1.0
2024-12-06 14:37:25,508 INFO Bad Client Accuracy Banzhaf Hessian: 1.0
2024-12-06 14:37:25,508 INFO Bad Client Accuracy Shapley: 1.0
2024-12-06 14:37:25,509 INFO Bad Client Accuracy Influence: 0.0
2024-12-06 14:37:25,509 INFO Runtimes: {'abvs': 3.5070693492889404, 'abvh': 33.634013175964355, 'sv': 1993.918015241623, 'if': 0.006696224212646484}
