2024-12-11 14:22:23,049 INFO Run 0: Adding Gaussian noise with std=0.0
2024-12-11 15:06:38,497 INFO Number Of Clients: 10, Client Selection Fraction: 0.6, Local Epochs: 10
2024-12-11 15:06:38,498 INFO Batch Size: 128, Learning Rate: 0.01
2024-12-11 15:06:38,498 INFO Dataset: cifar, Setting: Noisy with 2 Bad Clients and 60.0% Bad Samples Per Bad Client, Number Of Rounds: 15
2024-12-11 15:06:38,499 INFO Test Accuracy: 49.519999999999996%, Test Loss: 185.48710823059082
2024-12-11 15:06:38,499 INFO Banzhaf Values Simple: defaultdict(<class 'float'>, {0: 0.26798853697255254, 1: 0.23817075282568112, 2: -0.7613817938836291, 3: 0.3203860428184271, 4: 0.25174774089828134, 5: -0.6784661245765164, 6: 0.3082180772908032, 7: 0.4091835282742977, 8: 0.13284885056782514, 9: 0.23432559007778764})
2024-12-11 15:06:38,503 INFO Banzhaf Values Hessian: defaultdict(<class 'float'>, {0: 39.81578148622066, 1: 43.322037666104734, 2: -81.03802853089292, 3: 38.850721929222345, 4: 34.223524066619575, 5: -64.91090112819802, 6: 39.75706400023773, 7: 34.34732072148472, 8: 29.058239293284714, 9: 37.9344513323158})
2024-12-11 15:06:38,503 INFO Shapley Values: defaultdict(<class 'float'>, {0: 153.0794623888145, 2: -567.2550339345205, 4: 121.38121517128863, 5: -482.6615467152353, 8: 98.46771853252993, 6: 127.53432906987304, 1: 113.28564379477905, 3: 145.4278474591546, 7: 154.5438244868133, 9: 132.72372873960916})
2024-12-11 15:06:38,503 INFO Influence Function Values: defaultdict(<class 'float'>, {0: 2.2781777381896973, 1: 1.9560508728027344, 2: -27.148292541503906, 3: 2.109060764312744, 4: 1.4686416387557983, 5: -28.107013702392578, 6: 1.1233793497085571, 7: 2.0448079109191895, 8: 1.3832972049713135, 9: 1.6270467042922974})
2024-12-11 15:06:38,504 INFO Actual Bad Clients: [2 5]
2024-12-11 15:06:38,505 INFO Runtimes: {'abvs': 4.023079872131348, 'abvh': 73.28443121910095, 'sv': 1683.0417037010193, 'if': 268.8846094608307}

2024-12-11 15:06:38,505 INFO Run 1: Adding Gaussian noise with std=0.25
2024-12-11 15:51:29,805 INFO Number Of Clients: 10, Client Selection Fraction: 0.6, Local Epochs: 10
2024-12-11 15:51:29,806 INFO Batch Size: 128, Learning Rate: 0.01
2024-12-11 15:51:29,807 INFO Dataset: cifar, Setting: Noisy with 2 Bad Clients and 60.0% Bad Samples Per Bad Client, Number Of Rounds: 15
2024-12-11 15:51:29,807 INFO Test Accuracy: 48.25%, Test Loss: 175.18578588962555
2024-12-11 15:51:29,808 INFO Banzhaf Values Simple: defaultdict(<class 'float'>, {0: 0.22278362337965518, 1: 0.35156318824738264, 2: -0.7784686870872974, 3: 0.28297328628832474, 4: 0.36928717233240604, 5: -0.6077131815254688, 6: 0.2969788594637066, 7: 0.417215995490551, 8: 0.2176547278650105, 9: 0.25990360928699374})
2024-12-11 15:51:29,808 INFO Banzhaf Values Hessian: defaultdict(<class 'float'>, {0: 38.891819164156914, 1: 47.92620973289013, 2: -57.68023223429918, 3: 45.595184195786715, 4: 37.96474198624492, 5: -42.86221604421735, 6: 39.30957793071866, 7: 47.80273429304361, 8: 39.464857175946236, 9: 44.82203687727451})
2024-12-11 15:51:29,808 INFO Shapley Values: defaultdict(<class 'float'>, {0: 125.37317410060915, 3: 157.27627524379952, 7: 166.06019841816465, 1: 124.53900249327644, 2: -534.7630441603013, 9: 152.96441415305864, 8: 157.85106529118647, 6: 124.57075562820597, 4: 162.0414044503438, 5: -625.6122595819376})
2024-12-11 15:51:29,809 INFO Influence Function Values: defaultdict(<class 'float'>, {0: 3.357081651687622, 1: 3.628915548324585, 2: -44.22897720336914, 3: 4.982351779937744, 4: 2.3499693870544434, 5: -44.52134323120117, 6: 3.4242196083068848, 7: 3.2452008724212646, 8: 3.7723517417907715, 9: 2.6944069862365723})
2024-12-11 15:51:29,809 INFO Actual Bad Clients: [2 5]
2024-12-11 15:51:29,809 INFO Runtimes: {'abvs': 3.3566954135894775, 'abvh': 75.59390234947205, 'sv': 1720.720295906067, 'if': 270.1415214538574}

2024-12-11 15:51:29,810 INFO Run 2: Adding Gaussian noise with std=0.5
2024-12-11 16:35:02,860 INFO Number Of Clients: 10, Client Selection Fraction: 0.6, Local Epochs: 10
2024-12-11 16:35:02,861 INFO Batch Size: 128, Learning Rate: 0.01
2024-12-11 16:35:02,861 INFO Dataset: cifar, Setting: Noisy with 2 Bad Clients and 60.0% Bad Samples Per Bad Client, Number Of Rounds: 15
2024-12-11 16:35:02,862 INFO Test Accuracy: 47.94%, Test Loss: 150.49949419498444
2024-12-11 16:35:02,862 INFO Banzhaf Values Simple: defaultdict(<class 'float'>, {0: 0.299111750908196, 1: 0.29632644914090633, 2: -0.7315070666372776, 3: 0.33966038562357426, 4: 0.3120753411203623, 5: -0.4744805786758661, 6: 0.23302998743019998, 7: 0.34182421676814556, 8: 0.22362960129976273, 9: 0.20083576533943415})
2024-12-11 16:35:02,862 INFO Banzhaf Values Hessian: defaultdict(<class 'float'>, {0: 33.30033381283283, 1: 36.34257655963302, 2: -53.20429593324661, 3: 39.99328300729394, 4: 32.83761474490166, 5: -37.20674906857312, 6: 28.653432846069336, 7: 38.153263844549656, 8: 33.08920180425048, 9: 35.00120824202895})
2024-12-11 16:35:02,863 INFO Shapley Values: defaultdict(<class 'float'>, {6: 115.11260362297801, 4: 139.1019512515957, 2: -558.9351933522748, 0: 134.18782884488672, 1: 114.55187207106816, 7: 132.39945542509273, 3: 156.53372244360085, 9: 133.18095142962568, 5: -487.19432241027636, 8: 145.74741045347716})
2024-12-11 16:35:02,863 INFO Influence Function Values: defaultdict(<class 'float'>, {0: 1.9565492868423462, 1: 1.1800190210342407, 2: -9.860275268554688, 3: 1.0057637691497803, 4: 0.13355593383312225, 5: -9.241755485534668, 6: 1.0106327533721924, 7: 0.6678312420845032, 8: 1.231536626815796, 9: 0.12163913249969482})
2024-12-11 16:35:02,863 INFO Actual Bad Clients: [2 5]
2024-12-11 16:35:02,863 INFO Runtimes: {'abvs': 3.0594353675842285, 'abvh': 73.53241968154907, 'sv': 1656.4514989852905, 'if': 268.40122151374817}
