2024-12-15 16:21:08,348 INFO Run 0: Adding Gaussian noise with std=0.0
2024-12-15 16:33:28,121 INFO Number Of Clients: 10, Client Selection Fraction: 0.6, Local Epochs: 10
2024-12-15 16:33:28,122 INFO Batch Size: 128, Learning Rate: 0.01
2024-12-15 16:33:28,123 INFO Dataset: cifar, Setting: IID, Number Of Rounds: 15
2024-12-15 16:33:28,124 INFO Test Accuracy: 55.010000000000005%, Test Loss: 177.75680446624756
2024-12-15 16:33:28,124 INFO Banzhaf Values Simple: defaultdict(<class 'float'>, {0: 0.0937258861376904, 1: 0.05737274937564507, 2: 0.03604214071674505, 3: 0.10921521199634299, 4: 0.05654883237730246, 5: 0.0171561460592784, 6: 0.02227349969325587, 7: 0.06852913115289994, 8: 0.0012449353816919029, 9: 0.03502575756283477})
2024-12-15 16:33:28,125 INFO Banzhaf Values Hessian: defaultdict(<class 'float'>, {0: 20.137780827470124, 1: 27.80232172459364, 2: 19.21821515634656, 3: 20.060072754509747, 4: 33.17956291884184, 5: 40.81305498722941, 6: 17.477131376042962, 7: 32.413675267249346, 8: 28.8216435238719, 9: 28.23145948536694})
2024-12-15 16:33:28,125 INFO Shapley Values: defaultdict(<class 'float'>, {})
2024-12-15 16:33:28,126 INFO Influence Function Values: defaultdict(<class 'float'>, {0: 12779520.0, 1: 12517376.0, 2: 12451840.0, 3: 12779520.0, 4: 12779520.0, 5: 13172736.0, 6: 13041664.0, 7: 13107200.0, 8: 12976128.0, 9: 12845056.0})
2024-12-15 16:33:28,126 INFO Actual Bad Clients: None
2024-12-15 16:33:28,127 INFO Runtimes: {'abvs': 3.167665481567383, 'abvh': 69.80247831344604, 'sv': 0, 'if': 70.43147277832031}

2024-12-15 16:33:28,128 INFO Run 1: Adding Gaussian noise with std=0.25
2024-12-15 16:45:48,939 INFO Number Of Clients: 10, Client Selection Fraction: 0.6, Local Epochs: 10
2024-12-15 16:45:48,940 INFO Batch Size: 128, Learning Rate: 0.01
2024-12-15 16:45:48,941 INFO Dataset: cifar, Setting: IID, Number Of Rounds: 15
2024-12-15 16:45:48,941 INFO Test Accuracy: 55.00000000000001%, Test Loss: 159.40432691574097
2024-12-15 16:45:48,942 INFO Banzhaf Values Simple: defaultdict(<class 'float'>, {0: 0.11159026698442176, 1: 0.15757849044166505, 2: 0.06493482171208598, 3: 0.08995300345122814, 4: 0.10238918953109533, 5: -0.023868348507676274, 6: 0.1141271778033115, 7: 0.15716333547607064, 8: 0.05940373308840208, 9: 0.15903749177232385})
2024-12-15 16:45:48,942 INFO Banzhaf Values Hessian: defaultdict(<class 'float'>, {0: 18.08095620200038, 1: 23.07667588815093, 2: 15.582015797495842, 3: 19.984142504632473, 4: 26.195871993899345, 5: 24.80852783471346, 6: 20.907117698341608, 7: 25.372075889259577, 8: 22.039790008217096, 9: 23.842543449252844})
2024-12-15 16:45:48,943 INFO Shapley Values: defaultdict(<class 'float'>, {})
2024-12-15 16:45:48,944 INFO Influence Function Values: defaultdict(<class 'float'>, {0: 9175040.0, 1: 8388608.0, 2: 8912896.0, 3: 8781824.0, 4: 8781824.0, 5: 9109504.0, 6: 8585216.0, 7: 8585216.0, 8: 8978432.0, 9: 8781824.0})
2024-12-15 16:45:48,944 INFO Actual Bad Clients: None
2024-12-15 16:45:48,945 INFO Runtimes: {'abvs': 3.0446839332580566, 'abvh': 66.95230174064636, 'sv': 0, 'if': 71.69752287864685}

2024-12-15 16:45:48,946 INFO Run 2: Adding Gaussian noise with std=0.5
2024-12-15 16:58:17,564 INFO Number Of Clients: 10, Client Selection Fraction: 0.6, Local Epochs: 10
2024-12-15 16:58:17,565 INFO Batch Size: 128, Learning Rate: 0.01
2024-12-15 16:58:17,566 INFO Dataset: cifar, Setting: IID, Number Of Rounds: 15
2024-12-15 16:58:17,567 INFO Test Accuracy: 54.53%, Test Loss: 137.0632747411728
2024-12-15 16:58:17,567 INFO Banzhaf Values Simple: defaultdict(<class 'float'>, {0: 0.12349506409373134, 1: 0.13852694118395448, 2: 0.0249338499706937, 3: 0.12310317647643387, 4: 0.10688411741284654, 5: 0.006126724794739857, 6: 0.039194652665173635, 7: 0.18597557791508734, 8: 0.06713212752947584, 9: 0.1442616239655763})
2024-12-15 16:58:17,567 INFO Banzhaf Values Hessian: defaultdict(<class 'float'>, {0: 13.791268073022366, 1: 17.58274806290865, 2: 12.999412454664707, 3: 14.225215580314398, 4: 17.519067276269197, 5: 16.535921212285757, 6: 14.723593071103096, 7: 15.37496479228139, 8: 17.578936841338873, 9: 16.255259845405817})
2024-12-15 16:58:17,569 INFO Shapley Values: defaultdict(<class 'float'>, {})
2024-12-15 16:58:17,569 INFO Influence Function Values: defaultdict(<class 'float'>, {0: 6127616.0, 1: 6160384.0, 2: 5898240.0, 3: 5996544.0, 4: 5931008.0, 5: 6193152.0, 6: 5832704.0, 7: 5898240.0, 8: 6160384.0, 9: 5931008.0})
2024-12-15 16:58:17,570 INFO Actual Bad Clients: None
2024-12-15 16:58:17,570 INFO Runtimes: {'abvs': 2.5085227489471436, 'abvh': 69.95463275909424, 'sv': 0, 'if': 73.12694978713989}
