2024-12-11 12:08:38,665 INFO Run 0: Adding Gaussian noise with std=0.0
2024-12-11 12:53:23,080 INFO Number Of Clients: 10, Client Selection Fraction: 0.6, Local Epochs: 10
2024-12-11 12:53:23,081 INFO Batch Size: 128, Learning Rate: 0.01
2024-12-11 12:53:23,082 INFO Dataset: cifar, Setting: Mislabeled with 2 Bad Clients and 60.0% Bad Samples Per Bad Client, Number Of Rounds: 15
2024-12-11 12:53:23,082 INFO Test Accuracy: 49.05%, Test Loss: 178.00279462337494
2024-12-11 12:53:23,083 INFO Banzhaf Values Simple: defaultdict(<class 'float'>, {0: 0.4617732665501535, 1: -0.01349175936775282, 2: -0.059666727436706424, 3: -0.10799230169504881, 4: -0.0011691452818922698, 5: -0.030551454052329063, 6: 0.5917303562164307, 7: -0.04535784479230642, 8: -0.07541372533887625, 9: -0.004273819416994229})
2024-12-11 12:53:23,083 INFO Banzhaf Values Hessian: defaultdict(<class 'float'>, {0: 39.20803079335019, 1: 5.054380628280342, 2: 11.972750712186098, 3: 1.4011265225708485, 4: 9.518391491379589, 5: 6.87044377438724, 6: 59.707818049006164, 7: 2.5359215354546905, 8: 5.5646492957748706, 9: 6.90249628550373})
2024-12-11 12:53:23,083 INFO Shapley Values: defaultdict(<class 'float'>, {3: 5.180609537383256, 8: -19.37307671924769, 1: -3.0524058256108892, 9: -3.645915130942557, 5: 26.825125329070165, 2: -10.244153463739455, 6: 32.98778342139923, 7: -12.40031343496452, 4: 11.940252054040714, 0: -24.04729818540104})
2024-12-11 12:53:23,084 INFO Influence Function Values: defaultdict(<class 'float'>, {0: -14.003670692443848, 1: -0.09653526544570923, 2: -0.34458354115486145, 3: 0.14518038928508759, 4: 0.020223330706357956, 5: 1.5494799613952637, 6: -13.944375038146973, 7: -0.2838725447654724, 8: -0.40338069200515747, 9: 0.03360813111066818})
2024-12-11 12:53:23,084 INFO Actual Bad Clients: [0 6]
2024-12-11 12:53:23,085 INFO Runtimes: {'abvs': 3.956451654434204, 'abvh': 77.7538390159607, 'sv': 1697.5624570846558, 'if': 269.1450402736664}

2024-12-11 12:53:23,085 INFO Run 1: Adding Gaussian noise with std=0.25
2024-12-11 13:37:35,367 INFO Number Of Clients: 10, Client Selection Fraction: 0.6, Local Epochs: 10
2024-12-11 13:37:35,368 INFO Batch Size: 128, Learning Rate: 0.01
2024-12-11 13:37:35,368 INFO Dataset: cifar, Setting: Mislabeled with 2 Bad Clients and 60.0% Bad Samples Per Bad Client, Number Of Rounds: 15
2024-12-11 13:37:35,368 INFO Test Accuracy: 48.49%, Test Loss: 165.5685511827469
2024-12-11 13:37:35,370 INFO Banzhaf Values Simple: defaultdict(<class 'float'>, {0: 0.49340580590069294, 1: -0.015311668394133449, 2: 0.019275674043456092, 3: -0.02557644626358524, 4: 0.068389953346923, 5: -0.010123699204996228, 6: 0.5410172026604414, 7: -0.12427966226823628, 8: 0.029830936226062477, 9: 0.0075431820878293365})
2024-12-11 13:37:35,372 INFO Banzhaf Values Hessian: defaultdict(<class 'float'>, {0: 32.032060012221336, 1: 11.969637297093868, 2: 15.025788079947233, 3: 9.502845292910933, 4: 10.369113575667143, 5: 16.811616741120815, 6: 41.42650983482599, 7: 9.214336885139346, 8: 10.369241993874311, 9: 10.144133269786835})
2024-12-11 13:37:35,374 INFO Shapley Values: defaultdict(<class 'float'>, {4: 8.5711436554537, 1: -11.141487783294611, 3: -5.708784440816461, 5: 11.453225944001792, 6: 1.1733303403450268, 9: 0.6653923412500782, 7: 2.775763797557959, 0: -2.754635441101204, 2: 1.7707977729328608, 8: 5.6293493943699335})
2024-12-11 13:37:35,374 INFO Influence Function Values: defaultdict(<class 'float'>, {0: -74.26011657714844, 1: 1.4036481380462646, 2: -2.658928871154785, 3: 2.733588695526123, 4: 4.387872219085693, 5: 3.863064765930176, 6: -71.50253295898438, 7: 0.8210837841033936, 8: -3.4579315185546875, 9: 0.8666485548019409})
2024-12-11 13:37:35,374 INFO Actual Bad Clients: [0 6]
2024-12-11 13:37:35,377 INFO Runtimes: {'abvs': 3.3817379474639893, 'abvh': 79.00129222869873, 'sv': 1688.686419725418, 'if': 257.8377368450165}

2024-12-11 13:37:35,380 INFO Run 2: Adding Gaussian noise with std=0.5
2024-12-11 14:21:55,584 INFO Number Of Clients: 10, Client Selection Fraction: 0.6, Local Epochs: 10
2024-12-11 14:21:55,585 INFO Batch Size: 128, Learning Rate: 0.01
2024-12-11 14:21:55,586 INFO Dataset: cifar, Setting: Mislabeled with 2 Bad Clients and 60.0% Bad Samples Per Bad Client, Number Of Rounds: 15
2024-12-11 14:21:55,586 INFO Test Accuracy: 49.730000000000004%, Test Loss: 144.2709505558014
2024-12-11 14:21:55,587 INFO Banzhaf Values Simple: defaultdict(<class 'float'>, {0: 0.20839440519921482, 1: -0.004106968408450484, 2: 0.08310054964385927, 3: 0.08448001224314794, 4: 0.04989977125660516, 5: 0.1176500601504813, 6: 0.3191554406657815, 7: 0.02528755401726812, 8: 0.027791825006715953, 9: 0.017651515619945712})
2024-12-11 14:21:55,587 INFO Banzhaf Values Hessian: defaultdict(<class 'float'>, {0: 17.58626638352871, 1: 9.885229177772999, 2: 12.337931901216507, 3: 9.085518293082714, 4: 11.490582402795553, 5: 13.23908769339323, 6: 25.297912009060383, 7: 8.952552855014801, 8: 8.150966070592403, 9: 9.082094196230173})
2024-12-11 14:21:55,587 INFO Shapley Values: defaultdict(<class 'float'>, {6: -23.138347505512883, 8: -2.7764586301173173, 7: 12.63302534566087, 4: 24.557706390397023, 2: 15.908013515553233, 5: 14.979263837054624, 3: -1.9391271426516066, 1: 5.366927192372789, 0: -29.713158439276576, 9: 5.4197381780309195})
2024-12-11 14:21:55,588 INFO Influence Function Values: defaultdict(<class 'float'>, {0: -4.852565765380859, 1: 0.03621939942240715, 2: 0.12367846071720123, 3: 1.4586143493652344, 4: -0.008039161562919617, 5: -0.15312093496322632, 6: -5.0371785163879395, 7: 0.17834201455116272, 8: -0.05727488920092583, 9: -0.027079278603196144})
2024-12-11 14:21:55,588 INFO Actual Bad Clients: [0 6]
2024-12-11 14:21:55,589 INFO Runtimes: {'abvs': 3.8698341846466064, 'abvh': 81.89526200294495, 'sv': 1687.6857557296753, 'if': 260.78117060661316}
