2024-12-17 23:06:52,581 INFO Run 0
2024-12-17 23:21:47,045 INFO Number Of Clients: 10, Client Selection Fraction: 0.6, Local Epochs: 3
2024-12-17 23:21:47,046 INFO Batch Size: 128, Learning Rate: 0.01
2024-12-17 23:21:47,047 INFO Dataset: fmnist, Setting: IID, Number Of Rounds: 15
2024-12-17 23:21:47,047 INFO Test Accuracy: 91.3%, Test Loss: 19.063664600253105
2024-12-17 23:21:47,048 INFO Banzhaf Values Simple: defaultdict(<class 'float'>, {0: 0.48717101569491206, 1: 0.48520126592484303, 2: 0.5056688730546739, 3: 0.4666103832933004, 4: 0.4742260168022767, 5: 0.4972123491897946, 6: 0.48803853800927754, 7: 0.47846381202543853, 8: 0.48443557236896595, 9: 0.4849705736996839})
2024-12-17 23:21:47,048 INFO Banzhaf Values Hessian: defaultdict(<class 'float'>, {0: 1.2631369635346346, 1: 1.7612092952476814, 2: 1.1926650448331202, 3: 0.7646743876393884, 4: -0.2207370090764016, 5: 0.8679252853617072, 6: 2.366562911804067, 7: -0.011896013398654759, 8: 1.6614187392406166, 9: 0.514211000459909})
2024-12-17 23:21:47,048 INFO Shapley Values: defaultdict(<class 'float'>, {7: 42.31743506188023, 3: 12.866268954914194, 4: 13.179931830614807, 9: 0.7625457797327945, 1: 26.353245731507396, 2: 16.90840508596136, 6: 31.914687814062525, 5: 11.44871911554244, 0: 8.97683337883189, 8: -1.0661606185523602})
2024-12-17 23:21:47,049 INFO Influence Function Values: defaultdict(<class 'float'>, {0: 262962.5, 1: -1713400.375, 2: -7994177.5, 3: -41931764.0, 4: 380914.125, 5: -3811560.75, 6: -35914744.0, 7: -25366380.0, 8: -1456548.25, 9: -1345935.25})
2024-12-17 23:21:47,049 INFO Actual Bad Clients: None
2024-12-17 23:21:47,049 INFO Runtimes: {'abvs': 3.7493371963500977, 'abvh': 58.71863508224487, 'sv': 13977.804651260376, 'if': 175.36360430717468}
2024-12-17 23:21:47,050 INFO Run 1
2024-12-17 23:35:15,102 INFO Number Of Clients: 10, Client Selection Fraction: 0.6, Local Epochs: 3
2024-12-17 23:35:15,108 INFO Batch Size: 128, Learning Rate: 0.01
2024-12-17 23:35:15,108 INFO Dataset: fmnist, Setting: IID, Number Of Rounds: 15
2024-12-17 23:35:15,108 INFO Test Accuracy: 91.75999999999999%, Test Loss: 18.351606272161007
2024-12-17 23:35:15,109 INFO Banzhaf Values Simple: defaultdict(<class 'float'>, {0: 0.008724665891350014, 1: 0.013112718588672578, 2: 0.003969535344367614, 3: 0.0019199558737454936, 4: 0.0001301342599617783, 5: 0.012913453538203612, 6: 0.005801839366540662, 7: 0.0075796252058353275, 8: 0.0030875759257469326, 9: 0.005229180631431518})
2024-12-17 23:35:15,109 INFO Banzhaf Values Hessian: defaultdict(<class 'float'>, {0: 0.5957143273517431, 1: 1.7587236721883528, 2: -0.1373886238434352, 3: 0.6206530592025956, 4: 0.4611826087057125, 5: 0.9276675334549509, 6: 1.0079206928203348, 7: 0.478312014891344, 8: 0.8755523415238713, 9: 0.172851471346803})
2024-12-17 23:35:15,109 INFO Shapley Values: defaultdict(<class 'float'>, {8: -1.2444312813980825, 9: -0.06114795791177921, 3: 0.8059526255418515, 7: -3.204676511858044, 1: 1.9298614821043505, 2: 0.2253927959707277, 5: -0.412407285951335, 0: 3.42985649175685, 6: 1.7098616976933234, 4: -2.4662100819164308})
2024-12-17 23:35:15,109 INFO Influence Function Values: defaultdict(<class 'float'>, {0: -30372656.0, 1: -11665056.0, 2: -6543000.5, 3: 49746492.0, 4: 20109124.0, 5: -111816824.0, 6: -4319203.0, 7: -85198712.0, 8: -9341657.0, 9: -58234108.0})
2024-12-17 23:35:15,110 INFO Actual Bad Clients: None
2024-12-17 23:35:15,111 INFO Runtimes: {'abvs': 3.3924026489257812, 'abvh': 49.914870500564575, 'sv': 13996.229438781738, 'if': 95.78527092933655}
2024-12-17 23:35:15,111 INFO Run 2
2024-12-17 23:48:44,757 INFO Number Of Clients: 10, Client Selection Fraction: 0.6, Local Epochs: 3
2024-12-17 23:48:44,757 INFO Batch Size: 128, Learning Rate: 0.01
2024-12-17 23:48:44,758 INFO Dataset: fmnist, Setting: IID, Number Of Rounds: 15
2024-12-17 23:48:44,758 INFO Test Accuracy: 91.72%, Test Loss: 18.052132338285446
2024-12-17 23:48:44,759 INFO Banzhaf Values Simple: defaultdict(<class 'float'>, {0: 0.007112794075510465, 1: 0.007625961457961239, 2: 0.003268698274041526, 3: -0.002500224145478569, 4: 0.001970854975297698, 5: 0.012854112253990024, 6: 0.008595388659159653, 7: 0.010183148813666776, 8: 0.0030357319265021943, 9: 0.0035426264134912344})
2024-12-17 23:48:44,759 INFO Banzhaf Values Hessian: defaultdict(<class 'float'>, {0: 1.4406317565590143, 1: 2.6906045940559125, 2: 0.42540190086583607, 3: 0.890664331294829, 4: -0.2722963134001475, 5: 0.6907474368927069, 6: 1.3539212319010403, 7: -0.015922965365462005, 8: 0.5028629390581045, 9: 0.985338662545928})
2024-12-17 23:48:44,759 INFO Shapley Values: defaultdict(<class 'float'>, {3: 0.9704010896384716, 8: -0.6054666574787474, 6: 3.310523619361479, 4: -1.8323915941191133, 5: -0.42764966459623693, 2: -0.2572607832222149, 7: -0.888471996411681, 1: 1.3460927561953149, 0: 1.5647072331530265, 9: -2.8810184708443183})
2024-12-17 23:48:44,760 INFO Influence Function Values: defaultdict(<class 'float'>, {0: -6416324.5, 1: -12817671.0, 2: -1440262.75, 3: -2629175.0, 4: -13423802.0, 5: -4223351.0, 6: -2903124.25, 7: -3338744.0, 8: -2327444.0, 9: -2059531.25})
2024-12-17 23:48:44,761 INFO Actual Bad Clients: None
2024-12-17 23:48:44,761 INFO Runtimes: {'abvs': 2.5538527965545654, 'abvh': 46.36636686325073, 'sv': 13744.313006401062, 'if': 112.10968780517578}
2024-12-17 23:48:44,761 INFO Run 3
2024-12-18 00:02:58,064 INFO Number Of Clients: 10, Client Selection Fraction: 0.6, Local Epochs: 3
2024-12-18 00:02:58,065 INFO Batch Size: 128, Learning Rate: 0.01
2024-12-18 00:02:58,067 INFO Dataset: fmnist, Setting: IID, Number Of Rounds: 15
2024-12-18 00:02:58,067 INFO Test Accuracy: 91.89%, Test Loss: 17.652779012918472
2024-12-18 00:02:58,068 INFO Banzhaf Values Simple: defaultdict(<class 'float'>, {0: 0.01279059885564493, 1: 0.010962539352476597, 2: 0.005050710940849967, 3: -0.005391604951000772, 4: 0.0019217667359043844, 5: 0.01061113148170989, 6: 0.010603589151287451, 7: 0.009334790505818091, 8: 0.0006897630883031525, 9: 0.002737415004958166})
2024-12-18 00:02:58,068 INFO Banzhaf Values Hessian: defaultdict(<class 'float'>, {0: 0.4558152569225058, 1: 1.0322725559817627, 2: 0.1392461034702137, 3: 0.24654662277316675, 4: 0.01623943043523468, 5: 0.49784369436383713, 6: 0.6892497428925708, 7: 0.3042877681655227, 8: 0.7610476235568058, 9: 0.5178457503061509})
2024-12-18 00:02:58,068 INFO Shapley Values: defaultdict(<class 'float'>, {6: 4.251336280770343, 3: 2.0091850516739593, 9: -3.0774984939088084, 1: -0.23171965713644832, 8: -2.591869755423274, 5: -0.4529996259330676, 0: 3.01876676011959, 7: -0.4243979278694966, 2: 1.6347615903179193, 4: -3.736198221622356})
2024-12-18 00:02:58,069 INFO Influence Function Values: defaultdict(<class 'float'>, {0: -12115087.0, 1: -3212818.5, 2: 52005.07421875, 3: -36131392.0, 4: -33141800.0, 5: -129398736.0, 6: -8723040.0, 7: -58075356.0, 8: 6145241.5, 9: -3438460.75})
2024-12-18 00:02:58,069 INFO Actual Bad Clients: None
2024-12-18 00:02:58,070 INFO Runtimes: {'abvs': 2.7441439628601074, 'abvh': 46.48759984970093, 'sv': 13894.55057144165, 'if': 142.22236609458923}
2024-12-18 00:02:58,071 INFO Run 4
2024-12-18 00:17:53,296 INFO Number Of Clients: 10, Client Selection Fraction: 0.6, Local Epochs: 3
2024-12-18 00:17:53,296 INFO Batch Size: 128, Learning Rate: 0.01
2024-12-18 00:17:53,297 INFO Dataset: fmnist, Setting: IID, Number Of Rounds: 15
2024-12-18 00:17:53,297 INFO Test Accuracy: 92.10000000000001%, Test Loss: 17.678398869931698
2024-12-18 00:17:53,297 INFO Banzhaf Values Simple: defaultdict(<class 'float'>, {0: 0.004210444634736632, 1: 0.011087659484473988, 2: 0.005882616896997206, 3: -0.004185948202575673, 4: 0.005452345787489321, 5: 0.013959251176856924, 6: 0.008237128204200417, 7: 0.007919320574728772, 8: 0.004429131629876792, 9: 0.000556760212930385})
2024-12-18 00:17:53,297 INFO Banzhaf Values Hessian: defaultdict(<class 'float'>, {0: 0.564090418512933, 1: 1.6268073475803249, 2: 1.0819661714485846, 3: 0.2835160986869596, 4: 0.24374317537149182, 5: 0.45987282058922574, 6: 1.210528060735669, 7: 0.18438556737964973, 8: 1.417728892993182, 9: 0.47045494662597775})
2024-12-18 00:17:53,298 INFO Shapley Values: defaultdict(<class 'float'>, {8: -1.2629884719077886, 4: -0.15673386626716324, 2: -0.03604162574328221, 3: 0.04349966013226031, 6: 3.6961563798631056, 0: 1.5412961967803278, 5: -0.28374020858057597, 9: -2.479624457528879, 1: 0.7928665875103966, 7: -1.8803607696859999})
2024-12-18 00:17:53,298 INFO Influence Function Values: defaultdict(<class 'float'>, {0: -5743476.0, 1: -12783622.0, 2: 17649580.0, 3: 4141927.5, 4: -18337296.0, 5: -368847.5, 6: -32082468.0, 7: -108603.890625, 8: 8870217.0, 9: -3174955.75})
2024-12-18 00:17:53,298 INFO Actual Bad Clients: None
2024-12-18 00:17:53,299 INFO Runtimes: {'abvs': 2.5794291496276855, 'abvh': 51.19285178184509, 'sv': 13940.088872909546, 'if': 180.78583145141602}
