2024-12-15 18:05:29,689 INFO Run 0: Adding Gaussian noise with std=0.0
2024-12-15 18:23:28,419 INFO Number Of Clients: 10, Client Selection Fraction: 0.6, Local Epochs: 10
2024-12-15 18:23:28,419 INFO Batch Size: 128, Learning Rate: 0.1
2024-12-15 18:23:28,420 INFO Dataset: fmnist2, Setting: Mislabeled with 2 Bad Clients and 60.0% Bad Samples Per Bad Client, Number Of Rounds: 15
2024-12-15 18:23:28,421 INFO Test Accuracy: 79.97%, Test Loss: 43.17121022939682
2024-12-15 18:23:28,421 INFO Banzhaf Values Simple: defaultdict(<class 'float'>, {0: -0.7869249852374196, 1: 0.47164143715053797, 2: 0.3841103594750166, 3: 0.3900875886902213, 4: 0.38997596967965364, 5: -0.8063879888504744, 6: 0.3855131883174181, 7: 0.4079515989869833, 8: 0.39966246858239174, 9: 0.37523463601246476})
2024-12-15 18:23:28,421 INFO Banzhaf Values Hessian: defaultdict(<class 'float'>, {0: -38.85250742454082, 1: 2.5835338830947876, 2: 1.9097642078995705, 3: 2.8761353716254234, 4: 3.1937545808032155, 5: -40.91133734583855, 6: 2.936774858040735, 7: 2.9391933009028435, 8: 2.4454931877553463, 9: 2.744026839733124})
2024-12-15 18:23:28,422 INFO Shapley Values: defaultdict(<class 'float'>, {7: 38.96645454497173, 9: 126.70056520248284, 0: -251.8276065007366, 2: 84.89581681890735, 3: 99.94929360726786, 4: 117.60421899063834, 6: 102.88793763004499, 8: 77.90606953974427, 1: 45.10772986658689, 5: -303.0507193238571})
2024-12-15 18:23:28,422 INFO Influence Function Values: defaultdict(<class 'float'>, {0: 937984.0, 1: 103936.0, 2: 108032.0, 3: 97280.0, 4: 111104.0, 5: 991232.0, 6: 113152.0, 7: 117248.0, 8: 98304.0, 9: 111104.0})
2024-12-15 18:23:28,422 INFO Actual Bad Clients: [5 0]
2024-12-15 18:23:28,422 INFO Runtimes: {'abvs': 2.115386962890625, 'abvh': 43.14237093925476, 'sv': 744.9600911140442, 'if': 58.250783920288086}
2024-12-15 18:23:28,423 INFO Run 1: Adding Gaussian noise with std=0.25
2024-12-15 18:41:30,655 INFO Number Of Clients: 10, Client Selection Fraction: 0.6, Local Epochs: 10
2024-12-15 18:41:30,657 INFO Batch Size: 128, Learning Rate: 0.1
2024-12-15 18:41:30,657 INFO Dataset: fmnist2, Setting: Mislabeled with 2 Bad Clients and 60.0% Bad Samples Per Bad Client, Number Of Rounds: 15
2024-12-15 18:41:30,658 INFO Test Accuracy: 80.39%, Test Loss: 44.36386042833328
2024-12-15 18:41:30,658 INFO Banzhaf Values Simple: defaultdict(<class 'float'>, {0: -0.8865108117461205, 1: 0.22791821043938398, 2: 0.23008193261921406, 3: 0.2403037827461958, 4: 0.22613532422110438, 5: -0.8604214787483215, 6: 0.26088292989879847, 7: 0.23950764257460833, 8: 0.23081319965422153, 9: 0.2523148716427386})
2024-12-15 18:41:30,661 INFO Banzhaf Values Hessian: defaultdict(<class 'float'>, {0: -41.785888902843, 1: 2.7173495423048735, 2: 2.813099197112024, 3: 3.0884561939164996, 4: 2.488636154215783, 5: -39.779338244348764, 6: 2.3327274480834603, 7: 2.543491202406585, 8: 2.978790787048638, 9: 3.25774162216112})
2024-12-15 18:41:30,662 INFO Shapley Values: defaultdict(<class 'float'>, {0: -293.8181633337818, 2: 31.119180061180018, 9: 69.59577979198818, 4: 77.3849363445208, 7: 74.95508921454693, 5: -312.09075055194313, 8: 108.597315853012, 3: 73.86584186913637, 1: 74.86347180039719, 6: 94.33464779833265})
2024-12-15 18:41:30,662 INFO Influence Function Values: defaultdict(<class 'float'>, {0: 884736.0, 1: 109056.0, 2: 116736.0, 3: 107008.0, 4: 110592.0, 5: 917504.0, 6: 121344.0, 7: 108544.0, 8: 108032.0, 9: 115200.0})
2024-12-15 18:41:30,662 INFO Actual Bad Clients: [5 0]
2024-12-15 18:41:30,663 INFO Runtimes: {'abvs': 2.265868902206421, 'abvh': 45.53380870819092, 'sv': 742.9318399429321, 'if': 59.758704662323}
2024-12-15 18:41:30,663 INFO Run 2: Adding Gaussian noise with std=0.5
2024-12-15 18:59:41,591 INFO Number Of Clients: 10, Client Selection Fraction: 0.6, Local Epochs: 10
2024-12-15 18:59:41,592 INFO Batch Size: 128, Learning Rate: 0.1
2024-12-15 18:59:41,592 INFO Dataset: fmnist2, Setting: Mislabeled with 2 Bad Clients and 60.0% Bad Samples Per Bad Client, Number Of Rounds: 15
2024-12-15 18:59:41,593 INFO Test Accuracy: 77.79%, Test Loss: 48.161177933216095
2024-12-15 18:59:41,593 INFO Banzhaf Values Simple: defaultdict(<class 'float'>, {0: -0.8018291667103767, 1: 0.24416758678853512, 2: 0.2758668726310134, 3: 0.2501739029539749, 4: 0.2516962643712759, 5: -0.8713772054761648, 6: 0.24661473836749792, 7: 0.2489451253786683, 8: 0.2625840036198497, 9: 0.26634048391133547})
2024-12-15 18:59:41,594 INFO Banzhaf Values Hessian: defaultdict(<class 'float'>, {0: -30.923033699393272, 1: 3.1059779124334455, 2: 3.758379545994103, 3: 4.015361443161964, 4: 2.327856682240963, 5: -36.555162232369184, 6: 1.5549606550484896, 7: 3.2730170357972383, 8: 3.2720120986923575, 9: 3.009838086552918})
2024-12-15 18:59:41,594 INFO Shapley Values: defaultdict(<class 'float'>, {4: 76.07626578931149, 6: 64.6710879617724, 8: 69.25769356715267, 5: -286.91223433613783, 0: -252.10620885676354, 1: 67.4078695085542, 3: 62.59176403181306, 2: 51.13801240715488, 7: 76.64826732771152, 9: 67.43015833353174})
2024-12-15 18:59:41,595 INFO Influence Function Values: defaultdict(<class 'float'>, {0: 856064.0, 1: 125952.0, 2: 134144.0, 3: 123392.0, 4: 124416.0, 5: 897024.0, 6: 131072.0, 7: 128000.0, 8: 128512.0, 9: 130048.0})
2024-12-15 18:59:41,595 INFO Actual Bad Clients: [5 0]
2024-12-15 18:59:41,596 INFO Runtimes: {'abvs': 2.388369560241699, 'abvh': 47.46024537086487, 'sv': 749.8040843009949, 'if': 59.274431228637695}
