2024-12-13 06:57:29,699 INFO Run 0: Adding Gaussian noise with std=0.0
2024-12-13 07:31:53,407 INFO Number Of Clients: 10, Client Selection Fraction: 0.6, Local Epochs: 10
2024-12-13 07:31:53,408 INFO Batch Size: 128, Learning Rate: 0.01
2024-12-13 07:31:53,409 INFO Dataset: fmnist, Setting: Non IID with 2 Bad Clients and 4 Categories Per Bad Client, Number Of Rounds: 15
2024-12-13 07:31:53,409 INFO Test Accuracy: 89.09%, Test Loss: 30.91714008152485
2024-12-13 07:31:53,409 INFO Banzhaf Values Simple: defaultdict(<class 'float'>, {0: 0.5486905174329877, 1: 0.5778649812564254, 2: 0.5254272427409887, 3: -0.552637692540884, 4: 0.5820079725235701, 5: -0.5385683216154575, 6: 0.5486637819558382, 7: 0.5742356786504388, 8: 0.5183683782815933, 9: 0.574686773121357})
2024-12-13 07:31:53,410 INFO Banzhaf Values Hessian: defaultdict(<class 'float'>, {0: 8.902058437466621, 1: 10.353983238339424, 2: 10.28005063533783, 3: -10.13665933907032, 4: 9.485607385635376, 5: -11.7420112490654, 6: 9.224853545427322, 7: 10.068273216485977, 8: 9.78687284886837, 9: 9.715555548667908})
2024-12-13 07:31:53,410 INFO Shapley Values: defaultdict(<class 'float'>, {4: 222.57943191122015, 3: -781.744557770648, 8: 193.1847373079824, 9: 248.7273345163597, 0: 222.5379378490024, 2: 193.77018032900168, 6: 203.30007287403723, 7: 213.77719238201567, 1: 185.73410914991427, 5: -751.2335213623563})
2024-12-13 07:31:53,411 INFO Influence Function Values: defaultdict(<class 'float'>, {0: 706417728.0, 1: 847197952.0, 2: 701411072.0, 3: 339041280.0, 4: 460347136.0, 5: 370996160.0, 6: 594907136.0, 7: 597317504.0, 8: 580069824.0, 9: 630342784.0})
2024-12-13 07:31:53,411 INFO Actual Bad Clients: [3, 5]
2024-12-13 07:31:53,411 INFO Runtimes: {'abvs': 3.058016300201416, 'abvh': 35.32037043571472, 'sv': 1567.0173857212067, 'if': 236.70200967788696}
2024-12-13 07:31:53,412 INFO Run 1: Adding Gaussian noise with std=0.25
2024-12-13 08:06:46,745 INFO Number Of Clients: 10, Client Selection Fraction: 0.6, Local Epochs: 10
2024-12-13 08:06:46,746 INFO Batch Size: 128, Learning Rate: 0.01
2024-12-13 08:06:46,746 INFO Dataset: fmnist, Setting: Non IID with 2 Bad Clients and 4 Categories Per Bad Client, Number Of Rounds: 15
2024-12-13 08:06:46,747 INFO Test Accuracy: 88.61%, Test Loss: 31.910323306918144
2024-12-13 08:06:46,747 INFO Banzhaf Values Simple: defaultdict(<class 'float'>, {0: 0.15252517769113183, 1: 0.179234916344285, 2: 0.12210124428384006, 3: -0.47971649281680584, 4: 0.12173184845596552, 5: -0.4980462994426489, 6: 0.13419026136398315, 7: 0.13498870329931378, 8: 0.11148241488263011, 9: 0.14454069267958403})
2024-12-13 08:06:46,748 INFO Banzhaf Values Hessian: defaultdict(<class 'float'>, {0: 7.459604250732809, 1: 7.476230694912374, 2: 7.44827671837993, 3: -11.86421163380146, 4: 7.526415893808007, 5: -13.233614422380924, 6: 7.173301407601684, 7: 7.480612109880894, 8: 7.25172438332811, 9: 7.348050823900849})
2024-12-13 08:06:46,748 INFO Shapley Values: defaultdict(<class 'float'>, {8: 133.00418413493594, 0: 133.64630647158344, 3: -657.5104693836864, 5: -572.3784812906662, 9: 149.83184726526804, 1: 154.89306527044687, 7: 178.63770559447488, 4: 148.70282058738235, 6: 163.74947390332818, 2: 166.4302882973452})
2024-12-13 08:06:46,749 INFO Influence Function Values: defaultdict(<class 'float'>, {0: 529622688.0, 1: 443847360.0, 2: 583144896.0, 3: 282489344.0, 4: 474102656.0, 5: 288968480.0, 6: 473074560.0, 7: 439299520.0, 8: 502368032.0, 9: 529991424.0})
2024-12-13 08:06:46,749 INFO Actual Bad Clients: [3, 5]
2024-12-13 08:06:46,750 INFO Runtimes: {'abvs': 2.9462473392486572, 'abvh': 36.341121196746826, 'sv': 1569.0456829071045, 'if': 264.11994457244873}
2024-12-13 08:06:46,750 INFO Run 2: Adding Gaussian noise with std=0.5
2024-12-13 08:41:39,913 INFO Number Of Clients: 10, Client Selection Fraction: 0.6, Local Epochs: 10
2024-12-13 08:41:39,914 INFO Batch Size: 128, Learning Rate: 0.01
2024-12-13 08:41:39,915 INFO Dataset: fmnist, Setting: Non IID with 2 Bad Clients and 4 Categories Per Bad Client, Number Of Rounds: 15
2024-12-13 08:41:39,916 INFO Test Accuracy: 87.51%, Test Loss: 30.579350262880325
2024-12-13 08:41:39,917 INFO Banzhaf Values Simple: defaultdict(<class 'float'>, {0: 0.12351350113749504, 1: 0.13904242683202028, 2: 0.11013077571988106, 3: -0.41349758952856064, 4: 0.13065570686012506, 5: -0.4183582738041878, 6: 0.11362249962985516, 7: 0.1092823171056807, 8: 0.10519150970503688, 9: 0.13118172204121947})
2024-12-13 08:41:39,917 INFO Banzhaf Values Hessian: defaultdict(<class 'float'>, {0: 4.876231667585671, 1: 5.260020797140896, 2: 5.510423608124256, 3: -13.631111305207014, 4: 5.468605626374483, 5: -13.932336665689945, 6: 5.615124123170972, 7: 5.72862538183108, 8: 5.608428843319416, 9: 5.742977933958173})
2024-12-13 08:41:39,918 INFO Shapley Values: defaultdict(<class 'float'>, {3: -444.16892291971686, 6: 126.07201563011286, 0: 114.13535882387373, 9: 107.23405326132551, 4: 104.51665028380388, 7: 93.59365881638506, 1: 121.29596271934147, 2: 129.1153055518487, 5: -467.35294264453955, 8: 116.88982001471066})
2024-12-13 08:41:39,918 INFO Influence Function Values: defaultdict(<class 'float'>, {0: 505535520.0, 1: 376502784.0, 2: 497703968.0, 3: 284142432.0, 4: 413001440.0, 5: 257162720.0, 6: 400236512.0, 7: 381084512.0, 8: 434895840.0, 9: 488249632.0})
2024-12-13 08:41:39,918 INFO Actual Bad Clients: [3, 5]
2024-12-13 08:41:39,919 INFO Runtimes: {'abvs': 3.140869617462158, 'abvh': 34.8753662109375, 'sv': 1569.1166062355042, 'if': 263.5473244190216}
