2024-12-15 18:59:53,814 INFO Run 0: Adding Gaussian noise with std=0.0
2024-12-15 19:17:58,952 INFO Number Of Clients: 10, Client Selection Fraction: 0.6, Local Epochs: 10
2024-12-15 19:17:58,952 INFO Batch Size: 128, Learning Rate: 0.1
2024-12-15 19:17:58,952 INFO Dataset: fmnist2, Setting: Noisy with 2 Bad Clients and 60.0% Bad Samples Per Bad Client, Number Of Rounds: 15
2024-12-15 19:17:58,953 INFO Test Accuracy: 81.62%, Test Loss: 39.473940938711166
2024-12-15 19:17:58,953 INFO Banzhaf Values Simple: defaultdict(<class 'float'>, {0: 0.2803272634046152, 1: 0.32024557469412684, 2: 0.32179716043174267, 3: 0.39001953694969416, 4: -0.06670942716300488, 5: 0.2881817454472184, 6: 0.28756356332451105, 7: 0.04169325064867735, 8: 0.2970351744443178, 9: 0.32418107794364914})
2024-12-15 19:17:58,953 INFO Banzhaf Values Hessian: defaultdict(<class 'float'>, {0: 0.4137990149320103, 1: 1.0336139239370823, 2: 0.8446541000157595, 3: 0.9548476692289114, 4: -10.877561822533607, 5: 0.743035452440381, 6: 0.935917607974261, 7: -10.257088765967637, 8: 0.8235133560374379, 9: 0.7452357122674584})
2024-12-15 19:17:58,953 INFO Shapley Values: defaultdict(<class 'float'>, {2: 20.341799362980087, 5: 35.6895444007783, 1: 16.773498148753724, 9: 44.50030001792414, 6: 15.133578497788001, 4: -96.45380021272034, 8: 73.23711840500093, 7: -50.89346456168026, 3: 54.02781737210421, 0: 30.86043924401546})
2024-12-15 19:17:58,953 INFO Influence Function Values: defaultdict(<class 'float'>, {0: 197632.0, 1: 195584.0, 2: 212992.0, 3: 206848.0, 4: 774144.0, 5: 201728.0, 6: 190464.0, 7: 679936.0, 8: 218112.0, 9: 182272.0})
2024-12-15 19:17:58,954 INFO Actual Bad Clients: [7 4]
2024-12-15 19:17:58,954 INFO Runtimes: {'abvs': 2.336186170578003, 'abvh': 47.12131333351135, 'sv': 748.2390089035034, 'if': 57.14231562614441}
2024-12-15 19:17:58,954 INFO Run 1: Adding Gaussian noise with std=0.25
2024-12-15 19:36:08,277 INFO Number Of Clients: 10, Client Selection Fraction: 0.6, Local Epochs: 10
2024-12-15 19:36:08,278 INFO Batch Size: 128, Learning Rate: 0.1
2024-12-15 19:36:08,278 INFO Dataset: fmnist2, Setting: Noisy with 2 Bad Clients and 60.0% Bad Samples Per Bad Client, Number Of Rounds: 15
2024-12-15 19:36:08,279 INFO Test Accuracy: 79.97999999999999%, Test Loss: 43.212028086185455
2024-12-15 19:36:08,279 INFO Banzhaf Values Simple: defaultdict(<class 'float'>, {0: 0.12410479737445712, 1: 0.16506072040647268, 2: 0.1543409232981503, 3: 0.14057637518271804, 4: -0.5561169590801001, 5: 0.1419990916037932, 6: 0.14973124186508358, 7: -0.4633142948150635, 8: 0.12939393939450383, 9: 0.16284187324345112})
2024-12-15 19:36:08,279 INFO Banzhaf Values Hessian: defaultdict(<class 'float'>, {0: 1.1542434422299266, 1: 1.043293877504766, 2: 1.3478946015238762, 3: 0.8421504450961947, 4: -30.07080978900194, 5: 0.8753956034779549, 6: 0.5756764889229089, 7: -30.66452469304204, 8: 1.0371631598100066, 9: 1.1569991707801819})
2024-12-15 19:36:08,280 INFO Shapley Values: defaultdict(<class 'float'>, {7: -136.1161378036285, 3: 41.10775494678267, 0: 30.22371489426186, 8: 52.412924949465136, 5: 30.801201489464994, 9: 34.132977876169925, 6: 57.568401679910465, 4: -195.4586965400597, 1: 38.69603546117914, 2: 42.893733901196505})
2024-12-15 19:36:08,280 INFO Influence Function Values: defaultdict(<class 'float'>, {0: 137216.0, 1: 146432.0, 2: 136192.0, 3: 133120.0, 4: 1171456.0, 5: 140288.0, 6: 141312.0, 7: 1089536.0, 8: 142336.0, 9: 139264.0})
2024-12-15 19:36:08,281 INFO Actual Bad Clients: [7 4]
2024-12-15 19:36:08,281 INFO Runtimes: {'abvs': 2.2132787704467773, 'abvh': 44.37182903289795, 'sv': 752.2164151668549, 'if': 58.36267876625061}
2024-12-15 19:36:08,282 INFO Run 2: Adding Gaussian noise with std=0.5
2024-12-15 19:54:26,047 INFO Number Of Clients: 10, Client Selection Fraction: 0.6, Local Epochs: 10
2024-12-15 19:54:26,048 INFO Batch Size: 128, Learning Rate: 0.1
2024-12-15 19:54:26,048 INFO Dataset: fmnist2, Setting: Noisy with 2 Bad Clients and 60.0% Bad Samples Per Bad Client, Number Of Rounds: 15
2024-12-15 19:54:26,048 INFO Test Accuracy: 75.72%, Test Loss: 49.61406293511391
2024-12-15 19:54:26,049 INFO Banzhaf Values Simple: defaultdict(<class 'float'>, {0: 0.20670568943023682, 1: 0.1679791766218841, 2: 0.20345533778890967, 3: 0.1936643267981708, 4: -0.8263528868556023, 5: 0.20301608997397125, 6: 0.16805280349217355, 7: -0.6619946174323559, 8: 0.11232736241072416, 9: 0.19301142822951078})
2024-12-15 19:54:26,049 INFO Banzhaf Values Hessian: defaultdict(<class 'float'>, {0: 2.3694445774890482, 1: 1.4899145807139575, 2: 2.328986133914441, 3: 1.3165010227821767, 4: -35.613340977579355, 5: 2.524713304825127, 6: 1.0446448316797614, 7: -28.68930282816291, 8: 0.7175602102652192, 9: 2.050881595350802})
2024-12-15 19:54:26,049 INFO Shapley Values: defaultdict(<class 'float'>, {7: -500.18247501603486, 6: 148.06865392985014, 3: 114.89997635935913, 1: 162.18934763813843, 4: -617.5152204581374, 2: 116.00278530141405, 9: 179.73652219566804, 5: 152.08122282500923, 8: 64.935891768028, 0: 173.38125377071313})
2024-12-15 19:54:26,049 INFO Influence Function Values: defaultdict(<class 'float'>, {0: 136192.0, 1: 135168.0, 2: 135168.0, 3: 131072.0, 4: 1019904.0, 5: 131072.0, 6: 133120.0, 7: 991232.0, 8: 139264.0, 9: 130560.0})
2024-12-15 19:54:26,050 INFO Actual Bad Clients: [7 4]
2024-12-15 19:54:26,051 INFO Runtimes: {'abvs': 2.314998149871826, 'abvh': 46.51319169998169, 'sv': 754.7524716854095, 'if': 59.361677408218384}
