2024-12-03 18:53:48,394 INFO Run 0: Adding Gaussian noise with std=0.0
2024-12-03 19:17:35,694 INFO Number Of Clients: 5, Client Selection Fraction: 0.6, Local Epochs: 10
2024-12-03 19:17:35,695 INFO Batch Size: 128, Learning Rate: 0.01, Momentum: 0.9
2024-12-03 19:17:35,695 INFO Dataset: resnet, Setting: Noisy with 1 Bad Clients and 60.0% Bad Samples Per Bad Client, Number Of Rounds: 50
2024-12-03 19:17:35,695 INFO Test Accuracy: 75.78%, Test Loss: 71.48050647974014
2024-12-03 19:17:35,696 INFO Banzhaf Values Simple: defaultdict(<class 'float'>, {1: 0.8747386145405471, 3: 0.9664035260211676, 0: -1.6604701755568385, 2: 1.46333250682801, 4: 0.7078960407525301})
2024-12-03 19:17:35,696 INFO Banzhaf Values Hessian: defaultdict(<class 'float'>, {1: 325.63737615570426, 3: 262.6775861829519, 0: -758.8949262332171, 2: 734.000996787101, 4: 122.55143117904663})
2024-12-03 19:17:35,696 INFO Shapley Values: defaultdict(<class 'float'>, {1: 0.9993333333333334, 3: 0.7337999999999999, 0: -2.555783333333333, 2: 1.1718333333333333, 4: 0.3091166666666667})
2024-12-03 19:17:35,697 INFO Influence Function Values: defaultdict(<class 'float'>, {4: 8037.0863037109375, 2: 16073.894165039062, 1: 14064.448852539062, 0: 10047.6416015625, 3: 12055.395263671875})
2024-12-03 19:17:35,697 INFO Actual Bad Clients: [0]
2024-12-03 19:17:35,697 INFO Predicted Bad Clients Banzhaf Simple: [0]
2024-12-03 19:17:35,697 INFO Predicted Bad Clients Banzhaf Hessian: [0]
2024-12-03 19:17:35,698 INFO Predicted Bad Clients Shapley: [0]
2024-12-03 19:17:35,698 INFO Predicted Bad Clients Influence: []
2024-12-03 19:17:35,698 INFO Bad Client Accuracy Banzhaf Simple: 1.0
2024-12-03 19:17:35,698 INFO Bad Client Accuracy Banzhaf Hessian: 1.0
2024-12-03 19:17:35,698 INFO Bad Client Accuracy Shapley: 1.0
2024-12-03 19:17:35,698 INFO Bad Client Accuracy Influence: 0.0
2024-12-03 19:17:35,699 INFO Runtimes: {'abvs': 0.44535088539123535, 'abvh': 281.1726725101471, 'sv': 348.1799705028534, 'if': 0.02585887908935547}

2024-12-03 19:17:35,699 INFO Run 1: Adding Gaussian noise with std=0.2
2024-12-03 19:26:27,250 INFO Number Of Clients: 5, Client Selection Fraction: 0.6, Local Epochs: 10
2024-12-03 19:26:27,251 INFO Batch Size: 128, Learning Rate: 0.01, Momentum: 0.9
2024-12-03 19:26:27,253 INFO Dataset: resnet, Setting: Noisy with 1 Bad Clients and 60.0% Bad Samples Per Bad Client, Number Of Rounds: 50
2024-12-03 19:26:27,254 INFO Test Accuracy: 81.17999999999999%, Test Loss: 61.6944614648819
2024-12-03 19:26:27,256 INFO Banzhaf Values Simple: defaultdict(<class 'float'>, {4: 1.2847416251897812, 1: 0.8365352302789688, 3: 1.141180768609047, 2: 0.2921028770506382, 0: -2.044914747122675})
2024-12-03 19:26:27,256 INFO Banzhaf Values Hessian: defaultdict(<class 'float'>, {4: 333.2529447674751, 1: 134.58474065363407, 3: 301.9218399897218, 2: 29.506630420684814, 0: -950.0329293608665})
2024-12-03 19:26:27,257 INFO Shapley Values: defaultdict(<class 'float'>, {4: 0.48718333333333325, 1: 0.34355, 3: 0.44461666666666655, 2: 0.11526666666666666, 0: -1.3364833333333335})
2024-12-03 19:26:27,258 INFO Influence Function Values: defaultdict(<class 'float'>, {0: 8036.5706787109375, 3: 6027.1181640625, 4: 6027.1776123046875, 1: 4018.2735595703125})
2024-12-03 19:26:27,259 INFO Actual Bad Clients: [0]
2024-12-03 19:26:27,260 INFO Predicted Bad Clients Banzhaf Simple: [0]
2024-12-03 19:26:27,261 INFO Predicted Bad Clients Banzhaf Hessian: [0]
2024-12-03 19:26:27,262 INFO Predicted Bad Clients Shapley: [0]
2024-12-03 19:26:27,263 INFO Predicted Bad Clients Influence: []
2024-12-03 19:26:27,263 INFO Bad Client Accuracy Banzhaf Simple: 1.0
2024-12-03 19:26:27,264 INFO Bad Client Accuracy Banzhaf Hessian: 1.0
2024-12-03 19:26:27,265 INFO Bad Client Accuracy Shapley: 1.0
2024-12-03 19:26:27,266 INFO Bad Client Accuracy Influence: 0.0
2024-12-03 19:26:27,267 INFO Runtimes: {'abvs': 0.17658066749572754, 'abvh': 106.63350987434387, 'sv': 127.33127331733704, 'if': 0.004865169525146484}

2024-12-03 19:26:27,268 INFO Run 2: Adding Gaussian noise with std=0.4
2024-12-03 19:42:09,039 INFO Number Of Clients: 5, Client Selection Fraction: 0.6, Local Epochs: 10
2024-12-03 19:42:09,041 INFO Batch Size: 128, Learning Rate: 0.01, Momentum: 0.9
2024-12-03 19:42:09,041 INFO Dataset: resnet, Setting: Noisy with 1 Bad Clients and 60.0% Bad Samples Per Bad Client, Number Of Rounds: 50
2024-12-03 19:42:09,042 INFO Test Accuracy: 80.43%, Test Loss: 66.26189535856247
2024-12-03 19:42:09,043 INFO Banzhaf Values Simple: defaultdict(<class 'float'>, {3: 1.1431806879118085, 1: 0.782961948774755, 2: 1.008191166445613, 4: 1.4285549744963646, 0: -3.319984883069992})
2024-12-03 19:42:09,043 INFO Banzhaf Values Hessian: defaultdict(<class 'float'>, {3: 405.0599775798619, 1: 309.64588606357574, 2: 299.0807126965374, 4: 468.9388261884451, 0: -2069.2848217487335})
2024-12-03 19:42:09,044 INFO Shapley Values: defaultdict(<class 'float'>, {3: 0.44431666666666647, 1: 0.4242833333333333, 2: 0.5170333333333333, 4: 0.5635333333333334, 0: -1.9566333333333334})
2024-12-03 19:42:09,044 INFO Influence Function Values: defaultdict(<class 'float'>, {0: 14063.668212890625, 4: 10045.055053710938, 3: 6027.12646484375, 2: 8036.1795654296875, 1: 4018.0540771484375})
2024-12-03 19:42:09,045 INFO Actual Bad Clients: [0]
2024-12-03 19:42:09,045 INFO Predicted Bad Clients Banzhaf Simple: [0]
2024-12-03 19:42:09,045 INFO Predicted Bad Clients Banzhaf Hessian: [0]
2024-12-03 19:42:09,046 INFO Predicted Bad Clients Shapley: [0]
2024-12-03 19:42:09,046 INFO Predicted Bad Clients Influence: [0]
2024-12-03 19:42:09,046 INFO Bad Client Accuracy Banzhaf Simple: 1.0
2024-12-03 19:42:09,047 INFO Bad Client Accuracy Banzhaf Hessian: 1.0
2024-12-03 19:42:09,047 INFO Bad Client Accuracy Shapley: 1.0
2024-12-03 19:42:09,048 INFO Bad Client Accuracy Influence: 1.0
2024-12-03 19:42:09,048 INFO Runtimes: {'abvs': 0.2628748416900635, 'abvh': 188.71097564697266, 'sv': 228.4276213645935, 'if': 0.008994340896606445}

2024-12-03 19:42:09,048 INFO Run 3: Adding Gaussian noise with std=0.6000000000000001
2024-12-03 19:53:16,531 INFO Number Of Clients: 5, Client Selection Fraction: 0.6, Local Epochs: 10
2024-12-03 19:53:16,533 INFO Batch Size: 128, Learning Rate: 0.01, Momentum: 0.9
2024-12-03 19:53:16,534 INFO Dataset: resnet, Setting: Noisy with 1 Bad Clients and 60.0% Bad Samples Per Bad Client, Number Of Rounds: 50
2024-12-03 19:53:16,536 INFO Test Accuracy: 81.01%, Test Loss: 67.57457894086838
2024-12-03 19:53:16,537 INFO Banzhaf Values Simple: defaultdict(<class 'float'>, {3: 0.7905522570945323, 4: 0.7636687625199556, 2: 0.5740545592270792, 1: 0.24943094234913588, 0: -0.414494302123785})
2024-12-03 19:53:16,538 INFO Banzhaf Values Hessian: defaultdict(<class 'float'>, {3: 275.8645672039129, 4: 178.3170713428408, 2: 98.70393386366777, 1: 8.708137392997742, 0: -207.9468765258789})
2024-12-03 19:53:16,539 INFO Shapley Values: defaultdict(<class 'float'>, {3: 0.3954500000000001, 4: 0.25171666666666664, 2: 0.2296166666666666, 1: 0.01868333333333333, 0: -0.8896666666666667})
2024-12-03 19:53:16,541 INFO Influence Function Values: defaultdict(<class 'float'>, {4: 6026.9862060546875, 3: 8036.3599853515625, 1: 4018.0028076171875, 0: 6027.7882080078125, 2: 6027.1771240234375})
2024-12-03 19:53:16,542 INFO Actual Bad Clients: [0]
2024-12-03 19:53:16,543 INFO Predicted Bad Clients Banzhaf Simple: [0]
2024-12-03 19:53:16,544 INFO Predicted Bad Clients Banzhaf Hessian: [0]
2024-12-03 19:53:16,545 INFO Predicted Bad Clients Shapley: [0]
2024-12-03 19:53:16,546 INFO Predicted Bad Clients Influence: []
2024-12-03 19:53:16,547 INFO Bad Client Accuracy Banzhaf Simple: 1.0
2024-12-03 19:53:16,548 INFO Bad Client Accuracy Banzhaf Hessian: 1.0
2024-12-03 19:53:16,549 INFO Bad Client Accuracy Shapley: 1.0
2024-12-03 19:53:16,550 INFO Bad Client Accuracy Influence: 0.0
2024-12-03 19:53:16,551 INFO Runtimes: {'abvs': 0.22355961799621582, 'abvh': 133.31421780586243, 'sv': 162.71302771568298, 'if': 0.006944894790649414}

2024-12-03 19:53:16,552 INFO Run 4: Adding Gaussian noise with std=0.8
2024-12-03 20:04:23,253 INFO Number Of Clients: 5, Client Selection Fraction: 0.6, Local Epochs: 10
2024-12-03 20:04:23,255 INFO Batch Size: 128, Learning Rate: 0.01, Momentum: 0.9
2024-12-03 20:04:23,256 INFO Dataset: resnet, Setting: Noisy with 1 Bad Clients and 60.0% Bad Samples Per Bad Client, Number Of Rounds: 50
2024-12-03 20:04:23,257 INFO Test Accuracy: 81.41000000000001%, Test Loss: 66.60016283392906
2024-12-03 20:04:23,258 INFO Banzhaf Values Simple: defaultdict(<class 'float'>, {0: -0.3463224717415869, 1: 0.35554151702672243, 3: 0.8435289245098829, 4: 0.6667452955734916, 2: 0.4517719433642924})
2024-12-03 20:04:23,259 INFO Banzhaf Values Hessian: defaultdict(<class 'float'>, {0: -40.19401658838615, 1: 35.39936528354883, 3: 145.94003879651427, 4: 80.35199248790741, 2: 79.60549068450928})
2024-12-03 20:04:23,260 INFO Shapley Values: defaultdict(<class 'float'>, {0: -0.8956000000000002, 1: 0.23033333333333328, 3: 0.32195000000000007, 4: 0.1430166666666667, 2: 0.20433333333333334})
2024-12-03 20:04:23,261 INFO Influence Function Values: defaultdict(<class 'float'>, {1: 6026.991455078125, 0: 4018.527587890625, 2: 6027.298583984375, 4: 6027.1688232421875, 3: 8036.0010986328125})
2024-12-03 20:04:23,262 INFO Actual Bad Clients: [0]
2024-12-03 20:04:23,263 INFO Predicted Bad Clients Banzhaf Simple: [0]
2024-12-03 20:04:23,264 INFO Predicted Bad Clients Banzhaf Hessian: [0]
2024-12-03 20:04:23,266 INFO Predicted Bad Clients Shapley: [0]
2024-12-03 20:04:23,267 INFO Predicted Bad Clients Influence: []
2024-12-03 20:04:23,268 INFO Bad Client Accuracy Banzhaf Simple: 1.0
2024-12-03 20:04:23,269 INFO Bad Client Accuracy Banzhaf Hessian: 1.0
2024-12-03 20:04:23,270 INFO Bad Client Accuracy Shapley: 1.0
2024-12-03 20:04:23,271 INFO Bad Client Accuracy Influence: 0.0
2024-12-03 20:04:23,272 INFO Runtimes: {'abvs': 0.20423197746276855, 'abvh': 133.30025577545166, 'sv': 159.47438716888428, 'if': 0.006850004196166992}

2024-12-03 20:04:23,273 INFO Run 5: Adding Gaussian noise with std=1.0
2024-12-03 20:16:38,282 INFO Number Of Clients: 5, Client Selection Fraction: 0.6, Local Epochs: 10
2024-12-03 20:16:38,283 INFO Batch Size: 128, Learning Rate: 0.01, Momentum: 0.9
2024-12-03 20:16:38,284 INFO Dataset: resnet, Setting: Noisy with 1 Bad Clients and 60.0% Bad Samples Per Bad Client, Number Of Rounds: 50
2024-12-03 20:16:38,285 INFO Test Accuracy: 80.82000000000001%, Test Loss: 67.3008782863617
2024-12-03 20:16:38,286 INFO Banzhaf Values Simple: defaultdict(<class 'float'>, {2: 1.2391428649425507, 0: -1.5250256324652582, 1: 1.3045322019606829, 3: 0.9208274055272341, 4: 0.5645725633949041})
2024-12-03 20:16:38,287 INFO Banzhaf Values Hessian: defaultdict(<class 'float'>, {2: 305.0686256363988, 0: -527.1069778215606, 1: 300.7288562133908, 3: 92.8584041595459, 4: 119.45124650001526})
2024-12-03 20:16:38,288 INFO Shapley Values: defaultdict(<class 'float'>, {2: 0.5070833333333333, 0: -1.53915, 1: 0.5248333333333332, 3: 0.1685833333333333, 4: 0.3327166666666667})
2024-12-03 20:16:38,289 INFO Influence Function Values: defaultdict(<class 'float'>, {0: 6027.6512451171875, 4: 8035.7548828125, 1: 6027.0074462890625, 3: 4017.9923095703125, 2: 6026.9849853515625})
2024-12-03 20:16:38,290 INFO Actual Bad Clients: [0]
2024-12-03 20:16:38,291 INFO Predicted Bad Clients Banzhaf Simple: [0]
2024-12-03 20:16:38,292 INFO Predicted Bad Clients Banzhaf Hessian: [0]
2024-12-03 20:16:38,292 INFO Predicted Bad Clients Shapley: [0]
2024-12-03 20:16:38,293 INFO Predicted Bad Clients Influence: []
2024-12-03 20:16:38,294 INFO Bad Client Accuracy Banzhaf Simple: 1.0
2024-12-03 20:16:38,295 INFO Bad Client Accuracy Banzhaf Hessian: 1.0
2024-12-03 20:16:38,295 INFO Bad Client Accuracy Shapley: 1.0
2024-12-03 20:16:38,296 INFO Bad Client Accuracy Influence: 0.0
2024-12-03 20:16:38,297 INFO Runtimes: {'abvs': 0.2272040843963623, 'abvh': 147.41861748695374, 'sv': 179.1110405921936, 'if': 0.008393526077270508}
