2024-12-03 17:45:25,362 INFO Run 0: Adding Gaussian noise with std=0.0
2024-12-03 17:59:50,379 INFO Number Of Clients: 5, Client Selection Fraction: 0.6, Local Epochs: 10
2024-12-03 17:59:50,381 INFO Batch Size: 128, Learning Rate: 0.01, Momentum: 0.9
2024-12-03 17:59:50,383 INFO Dataset: resnet, Setting: Mislabeled with 1 Bad Clients and 60.0% Bad Samples Per Bad Client, Number Of Rounds: 50
2024-12-03 17:59:50,384 INFO Test Accuracy: 80.23%, Test Loss: 59.814605951309204
2024-12-03 17:59:50,385 INFO Banzhaf Values Simple: defaultdict(<class 'float'>, {1: 0.20067432848736644, 2: 0.6473526232875884, 3: 0.756245655938983, 4: 0.2810173653997481, 0: -0.5713113937526941})
2024-12-03 17:59:50,386 INFO Banzhaf Values Hessian: defaultdict(<class 'float'>, {1: 11.576618764549494, 2: 47.41205023229122, 3: 115.73726513050497, 4: 75.1531235538423, 0: -37.22279084101319})
2024-12-03 17:59:50,387 INFO Shapley Values: defaultdict(<class 'float'>, {1: 0.22755000000000003, 2: 0.32150000000000006, 3: 0.5567500000000001, 4: 0.5598166666666665, 0: -0.9920833333333334})
2024-12-03 17:59:50,388 INFO Influence Function Values: defaultdict(<class 'float'>, {2: 8038.6385498046875, 3: 8038.649169921875, 4: 12057.892944335938, 1: 2009.73486328125, 0: 6031.5760498046875})
2024-12-03 17:59:50,389 INFO Actual Bad Clients: [0]
2024-12-03 17:59:50,391 INFO Predicted Bad Clients Banzhaf Simple: [0]
2024-12-03 17:59:50,391 INFO Predicted Bad Clients Banzhaf Hessian: [0]
2024-12-03 17:59:50,391 INFO Predicted Bad Clients Shapley: [0]
2024-12-03 17:59:50,392 INFO Predicted Bad Clients Influence: []
2024-12-03 17:59:50,392 INFO Bad Client Accuracy Banzhaf Simple: 1.0
2024-12-03 17:59:50,392 INFO Bad Client Accuracy Banzhaf Hessian: 1.0
2024-12-03 17:59:50,393 INFO Bad Client Accuracy Shapley: 1.0
2024-12-03 17:59:50,393 INFO Bad Client Accuracy Influence: 0.0
2024-12-03 17:59:50,393 INFO Runtimes: {'abvs': 0.2537076473236084, 'abvh': 173.285227060318, 'sv': 207.74450421333313, 'if': 0.021222352981567383}

2024-12-03 17:59:50,394 INFO Run 1: Adding Gaussian noise with std=0.2
2024-12-03 18:09:50,755 INFO Number Of Clients: 5, Client Selection Fraction: 0.6, Local Epochs: 10
2024-12-03 18:09:50,756 INFO Batch Size: 128, Learning Rate: 0.01, Momentum: 0.9
2024-12-03 18:09:50,756 INFO Dataset: resnet, Setting: Mislabeled with 1 Bad Clients and 60.0% Bad Samples Per Bad Client, Number Of Rounds: 50
2024-12-03 18:09:50,757 INFO Test Accuracy: 80.42%, Test Loss: 61.262575566768646
2024-12-03 18:09:50,757 INFO Banzhaf Values Simple: defaultdict(<class 'float'>, {2: 0.1495330543257296, 4: 0.41350117418915033, 3: 0.36541299149394035, 0: -0.7626210860908031, 1: 0.4239494055509567})
2024-12-03 18:09:50,757 INFO Banzhaf Values Hessian: defaultdict(<class 'float'>, {2: 2.9019659906625748, 4: 91.67195908818394, 3: 66.03008251264691, 0: -259.0159686803818, 1: 119.70899713039398})
2024-12-03 18:09:50,757 INFO Shapley Values: defaultdict(<class 'float'>, {2: 0.09296666666666668, 4: 0.3733, 3: 0.34928333333333333, 0: -1.28355, 1: 0.4700333333333333})
2024-12-03 18:09:50,758 INFO Influence Function Values: defaultdict(<class 'float'>, {0: 8037.50048828125, 1: 6027.8447265625, 4: 4018.6575927734375, 3: 6027.925048828125})
2024-12-03 18:09:50,758 INFO Actual Bad Clients: [0]
2024-12-03 18:09:50,758 INFO Predicted Bad Clients Banzhaf Simple: [0]
2024-12-03 18:09:50,759 INFO Predicted Bad Clients Banzhaf Hessian: [0]
2024-12-03 18:09:50,759 INFO Predicted Bad Clients Shapley: [0]
2024-12-03 18:09:50,759 INFO Predicted Bad Clients Influence: []
2024-12-03 18:09:50,759 INFO Bad Client Accuracy Banzhaf Simple: 1.0
2024-12-03 18:09:50,759 INFO Bad Client Accuracy Banzhaf Hessian: 1.0
2024-12-03 18:09:50,759 INFO Bad Client Accuracy Shapley: 1.0
2024-12-03 18:09:50,760 INFO Bad Client Accuracy Influence: 0.0
2024-12-03 18:09:50,760 INFO Runtimes: {'abvs': 0.18151426315307617, 'abvh': 119.8447437286377, 'sv': 142.28550267219543, 'if': 0.004735231399536133}

2024-12-03 18:09:50,760 INFO Run 2: Adding Gaussian noise with std=0.4
2024-12-03 18:15:20,921 INFO Number Of Clients: 5, Client Selection Fraction: 0.6, Local Epochs: 10
2024-12-03 18:15:20,922 INFO Batch Size: 128, Learning Rate: 0.01, Momentum: 0.9
2024-12-03 18:15:20,923 INFO Dataset: resnet, Setting: Mislabeled with 1 Bad Clients and 60.0% Bad Samples Per Bad Client, Number Of Rounds: 50
2024-12-03 18:15:20,923 INFO Test Accuracy: 80.17999999999999%, Test Loss: 64.49539285898209
2024-12-03 18:15:20,923 INFO Banzhaf Values Simple: defaultdict(<class 'float'>, {4: 0.13991687446832657, 2: 0.20650510350242257, 1: 0.15030157566070557, 0: -0.25424084439873695, 3: 0.0623442642390728})
2024-12-03 18:15:20,923 INFO Banzhaf Values Hessian: defaultdict(<class 'float'>, {4: 8.107259310781956, 2: 23.869226394686848, 1: 26.194707479327917, 0: -49.68248248100281, 3: 2.3430681228637695})
2024-12-03 18:15:20,924 INFO Shapley Values: defaultdict(<class 'float'>, {4: 0.10863333333333325, 2: 0.1877333333333333, 1: 0.1648, 0: -0.5564333333333333, 3: 0.0928666666666667})
2024-12-03 18:15:20,924 INFO Influence Function Values: defaultdict(<class 'float'>, {0: 4018.770263671875, 1: 2009.2340087890625, 4: 2009.2548828125, 3: 2009.3363037109375, 2: 2009.2674560546875})
2024-12-03 18:15:20,924 INFO Actual Bad Clients: [0]
2024-12-03 18:15:20,924 INFO Predicted Bad Clients Banzhaf Simple: [0]
2024-12-03 18:15:20,925 INFO Predicted Bad Clients Banzhaf Hessian: [0]
2024-12-03 18:15:20,925 INFO Predicted Bad Clients Shapley: [0]
2024-12-03 18:15:20,925 INFO Predicted Bad Clients Influence: [0]
2024-12-03 18:15:20,926 INFO Bad Client Accuracy Banzhaf Simple: 1.0
2024-12-03 18:15:20,926 INFO Bad Client Accuracy Banzhaf Hessian: 1.0
2024-12-03 18:15:20,926 INFO Bad Client Accuracy Shapley: 1.0
2024-12-03 18:15:20,926 INFO Bad Client Accuracy Influence: 1.0
2024-12-03 18:15:20,926 INFO Runtimes: {'abvs': 0.11461186408996582, 'abvh': 66.46553373336792, 'sv': 78.57320237159729, 'if': 0.002573728561401367}

2024-12-03 18:15:20,927 INFO Run 3: Adding Gaussian noise with std=0.6000000000000001
2024-12-03 18:22:01,471 INFO Number Of Clients: 5, Client Selection Fraction: 0.6, Local Epochs: 10
2024-12-03 18:22:01,472 INFO Batch Size: 128, Learning Rate: 0.01, Momentum: 0.9
2024-12-03 18:22:01,473 INFO Dataset: resnet, Setting: Mislabeled with 1 Bad Clients and 60.0% Bad Samples Per Bad Client, Number Of Rounds: 50
2024-12-03 18:22:01,474 INFO Test Accuracy: 80.31%, Test Loss: 63.892114013433456
2024-12-03 18:22:01,476 INFO Banzhaf Values Simple: defaultdict(<class 'float'>, {3: 0.15873588994145393, 2: 0.209781147306785, 1: 0.06644989328924567, 4: 0.10842676647007465, 0: -0.1095450147986412})
2024-12-03 18:22:01,476 INFO Banzhaf Values Hessian: defaultdict(<class 'float'>, {3: 14.245735051110387, 2: 31.351841506315395, 1: 13.145486490800977, 4: 2.6298941373825073, 0: -28.337403625249863})
2024-12-03 18:22:01,477 INFO Shapley Values: defaultdict(<class 'float'>, {3: 0.18031666666666668, 2: 0.18261666666666668, 1: 0.15765, 4: 0.028583333333333332, 0: -0.5477333333333333})
2024-12-03 18:22:01,478 INFO Influence Function Values: defaultdict(<class 'float'>, {2: 4018.396728515625, 0: 6028.5833740234375, 1: 4018.45654296875, 3: 4018.3817138671875})
2024-12-03 18:22:01,480 INFO Actual Bad Clients: [0]
2024-12-03 18:22:01,481 INFO Predicted Bad Clients Banzhaf Simple: [0]
2024-12-03 18:22:01,482 INFO Predicted Bad Clients Banzhaf Hessian: [0]
2024-12-03 18:22:01,483 INFO Predicted Bad Clients Shapley: [0]
2024-12-03 18:22:01,484 INFO Predicted Bad Clients Influence: [0]
2024-12-03 18:22:01,485 INFO Bad Client Accuracy Banzhaf Simple: 1.0
2024-12-03 18:22:01,486 INFO Bad Client Accuracy Banzhaf Hessian: 1.0
2024-12-03 18:22:01,487 INFO Bad Client Accuracy Shapley: 1.0
2024-12-03 18:22:01,488 INFO Bad Client Accuracy Influence: 1.0
2024-12-03 18:22:01,489 INFO Runtimes: {'abvs': 0.1322932243347168, 'abvh': 79.93886804580688, 'sv': 95.31131100654602, 'if': 0.003885507583618164}

2024-12-03 18:22:01,491 INFO Run 4: Adding Gaussian noise with std=0.8
2024-12-03 18:34:21,426 INFO Number Of Clients: 5, Client Selection Fraction: 0.6, Local Epochs: 10
2024-12-03 18:34:21,428 INFO Batch Size: 128, Learning Rate: 0.01, Momentum: 0.9
2024-12-03 18:34:21,429 INFO Dataset: resnet, Setting: Mislabeled with 1 Bad Clients and 60.0% Bad Samples Per Bad Client, Number Of Rounds: 50
2024-12-03 18:34:21,429 INFO Test Accuracy: 80.94%, Test Loss: 61.4463629424572
2024-12-03 18:34:21,430 INFO Banzhaf Values Simple: defaultdict(<class 'float'>, {2: 0.2819985653623007, 4: 0.2829758282750845, 0: -0.19972453266382217, 3: 0.282648274267558, 1: 0.2006199210882187})
2024-12-03 18:34:21,430 INFO Banzhaf Values Hessian: defaultdict(<class 'float'>, {2: 21.754127189458814, 4: 22.251820594072342, 0: -59.17656718939543, 3: 72.98666024208069, 1: 55.80036973953247})
2024-12-03 18:34:21,431 INFO Shapley Values: defaultdict(<class 'float'>, {2: 0.19823333333333332, 4: 0.19414999999999996, 0: -1.0933666666666666, 3: 0.32503333333333334, 1: 0.38201666666666667})
2024-12-03 18:34:21,431 INFO Influence Function Values: defaultdict(<class 'float'>, {2: 2009.02978515625, 3: 8036.6075439453125, 1: 10045.666381835938, 0: 8037.7821044921875, 4: 2009.2972412109375})
2024-12-03 18:34:21,431 INFO Actual Bad Clients: [0]
2024-12-03 18:34:21,432 INFO Predicted Bad Clients Banzhaf Simple: [0]
2024-12-03 18:34:21,432 INFO Predicted Bad Clients Banzhaf Hessian: [0]
2024-12-03 18:34:21,433 INFO Predicted Bad Clients Shapley: [0]
2024-12-03 18:34:21,433 INFO Predicted Bad Clients Influence: []
2024-12-03 18:34:21,433 INFO Bad Client Accuracy Banzhaf Simple: 1.0
2024-12-03 18:34:21,434 INFO Bad Client Accuracy Banzhaf Hessian: 1.0
2024-12-03 18:34:21,434 INFO Bad Client Accuracy Shapley: 1.0
2024-12-03 18:34:21,434 INFO Bad Client Accuracy Influence: 0.0
2024-12-03 18:34:21,434 INFO Runtimes: {'abvs': 0.23383164405822754, 'abvh': 146.5810101032257, 'sv': 180.56421422958374, 'if': 0.006377696990966797}

2024-12-03 18:34:21,434 INFO Run 5: Adding Gaussian noise with std=1.0
2024-12-03 18:53:21,198 INFO Number Of Clients: 5, Client Selection Fraction: 0.6, Local Epochs: 10
2024-12-03 18:53:21,198 INFO Batch Size: 128, Learning Rate: 0.01, Momentum: 0.9
2024-12-03 18:53:21,199 INFO Dataset: resnet, Setting: Mislabeled with 1 Bad Clients and 60.0% Bad Samples Per Bad Client, Number Of Rounds: 50
2024-12-03 18:53:21,199 INFO Test Accuracy: 75.06%, Test Loss: 70.61381191015244
2024-12-03 18:53:21,199 INFO Banzhaf Values Simple: defaultdict(<class 'float'>, {0: -0.6149078719317913, 3: 0.5221364623866975, 4: 0.7009139460278675, 2: 0.7020091339945793, 1: 0.40146442549303174})
2024-12-03 18:53:21,200 INFO Banzhaf Values Hessian: defaultdict(<class 'float'>, {0: -373.42330750077963, 3: 125.71663421578705, 4: 155.43907359149307, 2: 92.24730157852173, 1: 43.984957814216614})
2024-12-03 18:53:21,209 INFO Shapley Values: defaultdict(<class 'float'>, {0: -2.3547000000000002, 3: 0.64295, 4: 0.7514333333333334, 2: 0.4435666666666668, 1: 0.4579166666666666})
2024-12-03 18:53:21,210 INFO Influence Function Values: defaultdict(<class 'float'>, {0: 12056.099975585938, 1: 4018.203369140625, 4: 12054.854736328125, 3: 14063.963256835938, 2: 6027.37353515625})
2024-12-03 18:53:21,211 INFO Actual Bad Clients: [0]
2024-12-03 18:53:21,212 INFO Predicted Bad Clients Banzhaf Simple: [0]
2024-12-03 18:53:21,212 INFO Predicted Bad Clients Banzhaf Hessian: [0]
2024-12-03 18:53:21,213 INFO Predicted Bad Clients Shapley: [0]
2024-12-03 18:53:21,213 INFO Predicted Bad Clients Influence: []
2024-12-03 18:53:21,213 INFO Bad Client Accuracy Banzhaf Simple: 1.0
2024-12-03 18:53:21,214 INFO Bad Client Accuracy Banzhaf Hessian: 1.0
2024-12-03 18:53:21,214 INFO Bad Client Accuracy Shapley: 1.0
2024-12-03 18:53:21,214 INFO Bad Client Accuracy Influence: 0.0
2024-12-03 18:53:21,214 INFO Runtimes: {'abvs': 0.33182644844055176, 'abvh': 226.2579538822174, 'sv': 277.77840209007263, 'if': 0.010528326034545898}
