2024-12-03 15:36:37,137 INFO Run 0: Adding Gaussian noise with std=0.0
2024-12-03 15:53:00,069 INFO Number Of Clients: 5, Client Selection Fraction: 0.6, Local Epochs: 10
2024-12-03 15:53:00,071 INFO Batch Size: 128, Learning Rate: 0.01, Momentum: 0.9
2024-12-03 15:53:00,071 INFO Dataset: resnet, Setting: IID, Number Of Rounds: 50
2024-12-03 15:53:00,072 INFO Test Accuracy: 82.1%, Test Loss: 55.112204790115356
2024-12-03 15:53:00,072 INFO Banzhaf Values Simple: defaultdict(<class 'float'>, {3: 0.07452553929761052, 1: 0.005039413925260305, 4: -0.0567190614528954, 2: -0.030808692215941846, 0: 0.05053021013736725})
2024-12-03 15:53:00,072 INFO Banzhaf Values Hessian: defaultdict(<class 'float'>, {3: 34.77762045711279, 1: 36.851899423636496, 4: -8.109226598404348, 2: 88.13690960640088, 0: 30.040370017290115})
2024-12-03 15:53:00,073 INFO Shapley Values: defaultdict(<class 'float'>, {3: 0.021200000000000076, 1: 0.21518333333333334, 4: 0.21735000000000002, 2: 0.22271666666666665, 0: 0.04424999999999995})
2024-12-03 15:53:00,073 INFO Influence Function Values: defaultdict(<class 'float'>, {4: 8037.77734375, 1: 8037.740234375, 2: 6028.4532470703125, 3: 10047.13134765625, 0: 10046.915405273438})
2024-12-03 15:53:00,073 INFO Actual Bad Clients: None
2024-12-03 15:53:00,074 INFO Predicted Bad Clients Banzhaf Simple: [4, 2]
2024-12-03 15:53:00,075 INFO Predicted Bad Clients Banzhaf Hessian: [4]
2024-12-03 15:53:00,075 INFO Predicted Bad Clients Shapley: []
2024-12-03 15:53:00,076 INFO Predicted Bad Clients Influence: []
2024-12-03 15:53:00,076 INFO Bad Client Accuracy Banzhaf Simple: 0.0
2024-12-03 15:53:00,076 INFO Bad Client Accuracy Banzhaf Hessian: 0.0
2024-12-03 15:53:00,077 INFO Bad Client Accuracy Shapley: 0.0
2024-12-03 15:53:00,077 INFO Bad Client Accuracy Influence: 0.0
2024-12-03 15:53:00,077 INFO Runtimes: {'abvs': 0.2974209785461426, 'abvh': 201.26790690422058, 'sv': 236.58955764770508, 'if': 0.021092653274536133}

2024-12-03 15:53:00,078 INFO Run 1: Adding Gaussian noise with std=0.2
2024-12-03 15:58:35,014 INFO Number Of Clients: 5, Client Selection Fraction: 0.6, Local Epochs: 10
2024-12-03 15:58:35,015 INFO Batch Size: 128, Learning Rate: 0.01, Momentum: 0.9
2024-12-03 15:58:35,015 INFO Dataset: resnet, Setting: IID, Number Of Rounds: 50
2024-12-03 15:58:35,016 INFO Test Accuracy: 82.71%, Test Loss: 55.24713450670242
2024-12-03 15:58:35,016 INFO Banzhaf Values Simple: defaultdict(<class 'float'>, {0: 0.03800245746970177, 3: 0.08612443879246712, 2: 0.008296108804643154, 1: -0.0009172173740807921})
2024-12-03 15:58:35,016 INFO Banzhaf Values Hessian: defaultdict(<class 'float'>, {0: 6.920456686988473, 3: 12.479102555662394, 2: 2.0087127946317196, 1: 10.588352084159851})
2024-12-03 15:58:35,017 INFO Shapley Values: defaultdict(<class 'float'>, {0: -0.002116666666666711, 3: -0.0009833333333333547, 2: 0.010250000000000129, 1: -0.0011166666666667293})
2024-12-03 15:58:35,017 INFO Influence Function Values: defaultdict(<class 'float'>, {1: 4018.3531494140625, 2: 4018.3714599609375, 0: 2009.15869140625, 3: 2009.1025390625})
2024-12-03 15:58:35,017 INFO Actual Bad Clients: None
2024-12-03 15:58:35,017 INFO Predicted Bad Clients Banzhaf Simple: [1]
2024-12-03 15:58:35,017 INFO Predicted Bad Clients Banzhaf Hessian: []
2024-12-03 15:58:35,018 INFO Predicted Bad Clients Shapley: [0, 3, 1]
2024-12-03 15:58:35,018 INFO Predicted Bad Clients Influence: []
2024-12-03 15:58:35,018 INFO Bad Client Accuracy Banzhaf Simple: 0.0
2024-12-03 15:58:35,018 INFO Bad Client Accuracy Banzhaf Hessian: 0.0
2024-12-03 15:58:35,018 INFO Bad Client Accuracy Shapley: 0.0
2024-12-03 15:58:35,019 INFO Bad Client Accuracy Influence: 0.0
2024-12-03 15:58:35,019 INFO Runtimes: {'abvs': 0.11564421653747559, 'abvh': 66.57085299491882, 'sv': 81.84295082092285, 'if': 0.002492189407348633}

2024-12-03 15:58:35,019 INFO Run 2: Adding Gaussian noise with std=0.4
2024-12-03 16:06:16,553 INFO Number Of Clients: 5, Client Selection Fraction: 0.6, Local Epochs: 10
2024-12-03 16:06:16,554 INFO Batch Size: 128, Learning Rate: 0.01, Momentum: 0.9
2024-12-03 16:06:16,555 INFO Dataset: resnet, Setting: IID, Number Of Rounds: 50
2024-12-03 16:06:16,556 INFO Test Accuracy: 82.76%, Test Loss: 55.88926216959953
2024-12-03 16:06:16,557 INFO Banzhaf Values Simple: defaultdict(<class 'float'>, {4: -0.036588174756616354, 1: -0.02222246048040688, 0: 0.05072786577511579, 2: 0.049930758541449904, 3: 0.031780228950083256})
2024-12-03 16:06:16,558 INFO Banzhaf Values Hessian: defaultdict(<class 'float'>, {4: -0.003722592256963253, 1: 0.041406819596886635, 0: 16.734321837313473, 2: 29.99305295944214, 3: 3.39056134223938})
2024-12-03 16:06:16,559 INFO Shapley Values: defaultdict(<class 'float'>, {4: 0.020416666666666694, 1: -0.00364999999999995, 0: -0.008899999999999983, 2: -0.010483333333333381, 3: 0.003116666666666675})
2024-12-03 16:06:16,560 INFO Influence Function Values: defaultdict(<class 'float'>, {2: 6027.3045654296875, 0: 4018.330322265625, 1: 2009.107177734375, 3: 4018.2015380859375, 4: 2009.1116943359375})
2024-12-03 16:06:16,561 INFO Actual Bad Clients: None
2024-12-03 16:06:16,561 INFO Predicted Bad Clients Banzhaf Simple: [4, 1]
2024-12-03 16:06:16,562 INFO Predicted Bad Clients Banzhaf Hessian: [4]
2024-12-03 16:06:16,563 INFO Predicted Bad Clients Shapley: [1, 0, 2]
2024-12-03 16:06:16,564 INFO Predicted Bad Clients Influence: [2]
2024-12-03 16:06:16,565 INFO Bad Client Accuracy Banzhaf Simple: 0.0
2024-12-03 16:06:16,566 INFO Bad Client Accuracy Banzhaf Hessian: 0.0
2024-12-03 16:06:16,566 INFO Bad Client Accuracy Shapley: 0.0
2024-12-03 16:06:16,567 INFO Bad Client Accuracy Influence: 0.0
2024-12-03 16:06:16,568 INFO Runtimes: {'abvs': 0.1609020233154297, 'abvh': 93.32254838943481, 'sv': 109.9822564125061, 'if': 0.004128932952880859}

2024-12-03 16:06:16,569 INFO Run 3: Adding Gaussian noise with std=0.6000000000000001
2024-12-03 16:16:17,730 INFO Number Of Clients: 5, Client Selection Fraction: 0.6, Local Epochs: 10
2024-12-03 16:16:17,731 INFO Batch Size: 128, Learning Rate: 0.01, Momentum: 0.9
2024-12-03 16:16:17,732 INFO Dataset: resnet, Setting: IID, Number Of Rounds: 50
2024-12-03 16:16:17,733 INFO Test Accuracy: 83.09%, Test Loss: 56.3182210624218
2024-12-03 16:16:17,734 INFO Banzhaf Values Simple: defaultdict(<class 'float'>, {3: 0.13615372218191624, 0: 0.2142975947353989, 1: 0.020359376911073923, 2: 0.025917569175362587, 4: -0.07628841185942292})
2024-12-03 16:16:17,735 INFO Banzhaf Values Hessian: defaultdict(<class 'float'>, {3: 19.403242498636246, 0: 21.22727770730853, 1: 40.05758954305202, 2: 4.433841049671173, 4: -4.084866583347321})
2024-12-03 16:16:17,736 INFO Shapley Values: defaultdict(<class 'float'>, {3: -0.001316666666666614, 0: 0.010883333333333226, 1: -0.012716666666666635, 2: -0.0008166666666666875, 4: 0.007266666666666717})
2024-12-03 16:16:17,737 INFO Influence Function Values: defaultdict(<class 'float'>, {1: 8036.2265625, 3: 6027.0911865234375, 4: 4018.09521484375, 2: 2009.029541015625, 0: 4018.0968017578125})
2024-12-03 16:16:17,738 INFO Actual Bad Clients: None
2024-12-03 16:16:17,739 INFO Predicted Bad Clients Banzhaf Simple: [4]
2024-12-03 16:16:17,739 INFO Predicted Bad Clients Banzhaf Hessian: [4]
2024-12-03 16:16:17,740 INFO Predicted Bad Clients Shapley: [3, 1, 2]
2024-12-03 16:16:17,740 INFO Predicted Bad Clients Influence: [1]
2024-12-03 16:16:17,741 INFO Bad Client Accuracy Banzhaf Simple: 0.0
2024-12-03 16:16:17,741 INFO Bad Client Accuracy Banzhaf Hessian: 0.0
2024-12-03 16:16:17,741 INFO Bad Client Accuracy Shapley: 0.0
2024-12-03 16:16:17,741 INFO Bad Client Accuracy Influence: 0.0
2024-12-03 16:16:17,742 INFO Runtimes: {'abvs': 0.18576669692993164, 'abvh': 119.95197987556458, 'sv': 146.02106833457947, 'if': 0.005385875701904297}

2024-12-03 16:16:17,742 INFO Run 4: Adding Gaussian noise with std=0.8
2024-12-03 16:22:56,698 INFO Number Of Clients: 5, Client Selection Fraction: 0.6, Local Epochs: 10
2024-12-03 16:22:56,700 INFO Batch Size: 128, Learning Rate: 0.01, Momentum: 0.9
2024-12-03 16:22:56,708 INFO Dataset: resnet, Setting: IID, Number Of Rounds: 50
2024-12-03 16:22:56,708 INFO Test Accuracy: 82.97%, Test Loss: 56.2515484392643
2024-12-03 16:22:56,709 INFO Banzhaf Values Simple: defaultdict(<class 'float'>, {2: 0.01342243142426014, 0: -0.006304308888502419, 4: 0.02688898891210556, 3: 0.2191643826663494, 1: -0.014865163946524262})
2024-12-03 16:22:56,709 INFO Banzhaf Values Hessian: defaultdict(<class 'float'>, {2: -0.07283811829984188, 0: 13.432149686617777, 4: 2.868861060589552, 3: 20.297242403030396, 1: 0.6438345462083817})
2024-12-03 16:22:56,709 INFO Shapley Values: defaultdict(<class 'float'>, {2: 0.00011666666666672776, 0: -0.009616666666666681, 4: 0.0021833333333332963, 3: 0.006799999999999991, 1: -0.0006833333333332765})
2024-12-03 16:22:56,709 INFO Influence Function Values: defaultdict(<class 'float'>, {1: 4018.0137939453125, 2: 2009.0560302734375, 0: 6027.3450927734375, 3: 4018.0535888671875, 4: 2009.0504150390625})
2024-12-03 16:22:56,710 INFO Actual Bad Clients: None
2024-12-03 16:22:56,710 INFO Predicted Bad Clients Banzhaf Simple: [0, 1]
2024-12-03 16:22:56,711 INFO Predicted Bad Clients Banzhaf Hessian: [2]
2024-12-03 16:22:56,711 INFO Predicted Bad Clients Shapley: [0, 1]
2024-12-03 16:22:56,711 INFO Predicted Bad Clients Influence: [0]
2024-12-03 16:22:56,711 INFO Bad Client Accuracy Banzhaf Simple: 0.0
2024-12-03 16:22:56,712 INFO Bad Client Accuracy Banzhaf Hessian: 0.0
2024-12-03 16:22:56,712 INFO Bad Client Accuracy Shapley: 0.0
2024-12-03 16:22:56,712 INFO Bad Client Accuracy Influence: 0.0
2024-12-03 16:22:56,712 INFO Runtimes: {'abvs': 0.12764811515808105, 'abvh': 79.83194279670715, 'sv': 96.18138098716736, 'if': 0.0043218135833740234}

2024-12-03 16:22:56,712 INFO Run 5: Adding Gaussian noise with std=1.0
2024-12-03 16:30:40,844 INFO Number Of Clients: 5, Client Selection Fraction: 0.6, Local Epochs: 10
2024-12-03 16:30:40,846 INFO Batch Size: 128, Learning Rate: 0.01, Momentum: 0.9
2024-12-03 16:30:40,847 INFO Dataset: resnet, Setting: IID, Number Of Rounds: 50
2024-12-03 16:30:40,847 INFO Test Accuracy: 83.77%, Test Loss: 53.961861580610275
2024-12-03 16:30:40,848 INFO Banzhaf Values Simple: defaultdict(<class 'float'>, {2: 0.022514870623126626, 1: 0.04857580456882715, 4: 0.06987348571419716, 0: 0.05575656704604626, 3: 0.0544336661696434})
2024-12-03 16:30:40,850 INFO Banzhaf Values Hessian: defaultdict(<class 'float'>, {2: 3.487971343100071, 1: 6.960049152374268, 4: 6.246741391718388, 0: 7.062279582023621, 3: 7.326215386390686})
2024-12-03 16:30:40,850 INFO Shapley Values: defaultdict(<class 'float'>, {2: 0.00674999999999996, 1: 0.003700000000000018, 4: -0.002833333333333317, 0: -0.004149999999999969, 3: 0.004566666666666645})
2024-12-03 16:30:40,851 INFO Influence Function Values: defaultdict(<class 'float'>, {0: 6027.1614990234375, 2: 2009.150146484375, 4: 4017.9901123046875, 1: 4018.084716796875, 3: 2008.976806640625})
2024-12-03 16:30:40,853 INFO Actual Bad Clients: None
2024-12-03 16:30:40,854 INFO Predicted Bad Clients Banzhaf Simple: []
2024-12-03 16:30:40,855 INFO Predicted Bad Clients Banzhaf Hessian: []
2024-12-03 16:30:40,856 INFO Predicted Bad Clients Shapley: [4, 0]
2024-12-03 16:30:40,857 INFO Predicted Bad Clients Influence: [0]
2024-12-03 16:30:40,857 INFO Bad Client Accuracy Banzhaf Simple: 0.0
2024-12-03 16:30:40,858 INFO Bad Client Accuracy Banzhaf Hessian: 0.0
2024-12-03 16:30:40,859 INFO Bad Client Accuracy Shapley: 0.0
2024-12-03 16:30:40,859 INFO Bad Client Accuracy Influence: 0.0
2024-12-03 16:30:40,860 INFO Runtimes: {'abvs': 0.14150595664978027, 'abvh': 93.36134028434753, 'sv': 114.25097560882568, 'if': 0.0043451786041259766}
